{"C:\\Coding\\michi-vz\\src\\components\\AreaChart.tsx": {"path":"C:\\Coding\\michi-vz\\src\\components\\AreaChart.tsx","statementMap":{"0":{"start":{"line":52,"column":15},"end":{"line":52,"column":59}},"1":{"start":{"line":53,"column":14},"end":{"line":53,"column":17}},"2":{"start":{"line":54,"column":15},"end":{"line":54,"column":18}},"3":{"start":{"line":56,"column":35},"end":{"line":388,"column":1}},"4":{"start":{"line":77,"column":59},"end":{"line":77,"column":76}},"5":{"start":{"line":78,"column":14},"end":{"line":78,"column":41}},"6":{"start":{"line":79,"column":24},"end":{"line":79,"column":53}},"7":{"start":{"line":80,"column":28},"end":{"line":80,"column":41}},"8":{"start":{"line":81,"column":27},"end":{"line":81,"column":61}},"9":{"start":{"line":83,"column":17},"end":{"line":103,"column":59}},"10":{"start":{"line":84,"column":4},"end":{"line":91,"column":5}},"11":{"start":{"line":85,"column":6},"end":{"line":90,"column":16}},"12":{"start":{"line":87,"column":37},"end":{"line":87,"column":48}},"13":{"start":{"line":87,"column":71},"end":{"line":87,"column":82}},"14":{"start":{"line":93,"column":20},"end":{"line":95,"column":5}},"15":{"start":{"line":94,"column":22},"end":{"line":94,"column":92}},"16":{"start":{"line":96,"column":20},"end":{"line":96,"column":61}},"17":{"start":{"line":96,"column":43},"end":{"line":96,"column":59}},"18":{"start":{"line":98,"column":4},"end":{"line":101,"column":50}},"19":{"start":{"line":106,"column":23},"end":{"line":122,"column":20}},"20":{"start":{"line":107,"column":4},"end":{"line":109,"column":5}},"21":{"start":{"line":108,"column":6},"end":{"line":108,"column":25}},"22":{"start":{"line":111,"column":16},"end":{"line":119,"column":5}},"23":{"start":{"line":114,"column":8},"end":{"line":118,"column":14}},"24":{"start":{"line":116,"column":27},"end":{"line":116,"column":55}},"25":{"start":{"line":117,"column":25},"end":{"line":117,"column":57}},"26":{"start":{"line":121,"column":4},"end":{"line":121,"column":20}},"27":{"start":{"line":124,"column":17},"end":{"line":133,"column":3}},"28":{"start":{"line":126,"column":6},"end":{"line":131,"column":15}},"29":{"start":{"line":135,"column":22},"end":{"line":137,"column":20}},"30":{"start":{"line":136,"column":4},"end":{"line":136,"column":60}},"31":{"start":{"line":139,"column":26},"end":{"line":147,"column":3}},"32":{"start":{"line":140,"column":4},"end":{"line":146,"column":7}},"33":{"start":{"line":141,"column":6},"end":{"line":145,"column":8}},"34":{"start":{"line":149,"column":24},"end":{"line":161,"column":29}},"35":{"start":{"line":151,"column":19},"end":{"line":151,"column":23}},"36":{"start":{"line":153,"column":6},"end":{"line":157,"column":7}},"37":{"start":{"line":154,"column":8},"end":{"line":154,"column":35}},"38":{"start":{"line":156,"column":8},"end":{"line":156,"column":55}},"39":{"start":{"line":159,"column":13},"end":{"line":159,"column":30}},"40":{"start":{"line":160,"column":13},"end":{"line":160,"column":30}},"41":{"start":{"line":163,"column":33},"end":{"line":173,"column":3}},"42":{"start":{"line":164,"column":4},"end":{"line":166,"column":5}},"43":{"start":{"line":165,"column":6},"end":{"line":165,"column":54}},"44":{"start":{"line":168,"column":4},"end":{"line":172,"column":16}},"45":{"start":{"line":175,"column":26},"end":{"line":180,"column":4}},"46":{"start":{"line":182,"column":2},"end":{"line":184,"column":9}},"47":{"start":{"line":183,"column":4},"end":{"line":183,"column":37}},"48":{"start":{"line":186,"column":2},"end":{"line":243,"column":95}},"49":{"start":{"line":187,"column":4},"end":{"line":242,"column":5}},"50":{"start":{"line":190,"column":6},"end":{"line":195,"column":7}},"51":{"start":{"line":191,"column":8},"end":{"line":191,"column":86}},"52":{"start":{"line":191,"column":38},"end":{"line":191,"column":49}},"53":{"start":{"line":191,"column":72},"end":{"line":191,"column":83}},"54":{"start":{"line":194,"column":8},"end":{"line":194,"column":55}},"55":{"start":{"line":194,"column":45},"end":{"line":194,"column":51}},"56":{"start":{"line":199,"column":8},"end":{"line":201,"column":37}},"57":{"start":{"line":204,"column":23},"end":{"line":204,"column":27}},"58":{"start":{"line":205,"column":6},"end":{"line":211,"column":7}},"59":{"start":{"line":206,"column":8},"end":{"line":210,"column":11}},"60":{"start":{"line":207,"column":25},"end":{"line":207,"column":91}},"61":{"start":{"line":207,"column":42},"end":{"line":207,"column":80}},"62":{"start":{"line":208,"column":25},"end":{"line":208,"column":91}},"63":{"start":{"line":208,"column":42},"end":{"line":208,"column":80}},"64":{"start":{"line":209,"column":10},"end":{"line":209,"column":82}},"65":{"start":{"line":213,"column":45},"end":{"line":221,"column":7}},"66":{"start":{"line":216,"column":47},"end":{"line":216,"column":75}},"67":{"start":{"line":225,"column":8},"end":{"line":233,"column":74}},"68":{"start":{"line":236,"column":6},"end":{"line":236,"column":49}},"69":{"start":{"line":239,"column":6},"end":{"line":241,"column":7}},"70":{"start":{"line":240,"column":8},"end":{"line":240,"column":46}},"71":{"start":{"line":245,"column":2},"end":{"line":387,"column":4}},"72":{"start":{"line":267,"column":25},"end":{"line":267,"column":59}},"73":{"start":{"line":268,"column":10},"end":{"line":271,"column":11}},"74":{"start":{"line":269,"column":12},"end":{"line":269,"column":64}},"75":{"start":{"line":270,"column":12},"end":{"line":270,"column":34}},"76":{"start":{"line":295,"column":12},"end":{"line":379,"column":23}},"77":{"start":{"line":306,"column":18},"end":{"line":306,"column":42}},"78":{"start":{"line":307,"column":18},"end":{"line":307,"column":50}},"79":{"start":{"line":311,"column":33},"end":{"line":311,"column":67}},"80":{"start":{"line":312,"column":18},"end":{"line":315,"column":19}},"81":{"start":{"line":313,"column":20},"end":{"line":313,"column":44}},"82":{"start":{"line":314,"column":20},"end":{"line":314,"column":40}},"83":{"start":{"line":320,"column":16},"end":{"line":366,"column":18}},"84":{"start":{"line":340,"column":20},"end":{"line":340,"column":44}},"85":{"start":{"line":341,"column":20},"end":{"line":341,"column":52}},"86":{"start":{"line":342,"column":20},"end":{"line":344,"column":82}},"87":{"start":{"line":345,"column":35},"end":{"line":345,"column":52}},"88":{"start":{"line":346,"column":36},"end":{"line":346,"column":79}},"89":{"start":{"line":347,"column":41},"end":{"line":347,"column":78}},"90":{"start":{"line":348,"column":42},"end":{"line":348,"column":80}},"91":{"start":{"line":349,"column":20},"end":{"line":351,"column":67}},"92":{"start":{"line":355,"column":35},"end":{"line":355,"column":69}},"93":{"start":{"line":356,"column":20},"end":{"line":364,"column":21}},"94":{"start":{"line":361,"column":22},"end":{"line":361,"column":46}},"95":{"start":{"line":362,"column":22},"end":{"line":362,"column":42}},"96":{"start":{"line":363,"column":22},"end":{"line":363,"column":74}}},"fnMap":{"0":{"name":"(anonymous_0)","decl":{"start":{"line":56,"column":35},"end":{"line":56,"column":36}},"loc":{"start":{"line":76,"column":6},"end":{"line":388,"column":1}},"line":76},"1":{"name":"(anonymous_1)","decl":{"start":{"line":83,"column":25},"end":{"line":83,"column":26}},"loc":{"start":{"line":83,"column":31},"end":{"line":103,"column":3}},"line":83},"2":{"name":"(anonymous_2)","decl":{"start":{"line":87,"column":32},"end":{"line":87,"column":33}},"loc":{"start":{"line":87,"column":37},"end":{"line":87,"column":48}},"line":87},"3":{"name":"(anonymous_3)","decl":{"start":{"line":87,"column":66},"end":{"line":87,"column":67}},"loc":{"start":{"line":87,"column":71},"end":{"line":87,"column":82}},"line":87},"4":{"name":"(anonymous_4)","decl":{"start":{"line":94,"column":17},"end":{"line":94,"column":18}},"loc":{"start":{"line":94,"column":22},"end":{"line":94,"column":92}},"line":94},"5":{"name":"(anonymous_5)","decl":{"start":{"line":96,"column":38},"end":{"line":96,"column":39}},"loc":{"start":{"line":96,"column":43},"end":{"line":96,"column":59}},"line":96},"6":{"name":"(anonymous_6)","decl":{"start":{"line":106,"column":31},"end":{"line":106,"column":32}},"loc":{"start":{"line":106,"column":37},"end":{"line":122,"column":3}},"line":106},"7":{"name":"(anonymous_7)","decl":{"start":{"line":113,"column":6},"end":{"line":113,"column":7}},"loc":{"start":{"line":114,"column":8},"end":{"line":118,"column":14}},"line":114},"8":{"name":"(anonymous_8)","decl":{"start":{"line":116,"column":20},"end":{"line":116,"column":21}},"loc":{"start":{"line":116,"column":27},"end":{"line":116,"column":55}},"line":116},"9":{"name":"(anonymous_9)","decl":{"start":{"line":117,"column":17},"end":{"line":117,"column":18}},"loc":{"start":{"line":117,"column":25},"end":{"line":117,"column":57}},"line":117},"10":{"name":"(anonymous_10)","decl":{"start":{"line":125,"column":4},"end":{"line":125,"column":5}},"loc":{"start":{"line":126,"column":6},"end":{"line":131,"column":15}},"line":126},"11":{"name":"(anonymous_11)","decl":{"start":{"line":135,"column":30},"end":{"line":135,"column":31}},"loc":{"start":{"line":135,"column":36},"end":{"line":137,"column":3}},"line":135},"12":{"name":"(anonymous_12)","decl":{"start":{"line":139,"column":26},"end":{"line":139,"column":27}},"loc":{"start":{"line":139,"column":32},"end":{"line":147,"column":3}},"line":139},"13":{"name":"(anonymous_13)","decl":{"start":{"line":140,"column":27},"end":{"line":140,"column":28}},"loc":{"start":{"line":140,"column":47},"end":{"line":146,"column":5}},"line":140},"14":{"name":"(anonymous_14)","decl":{"start":{"line":151,"column":13},"end":{"line":151,"column":14}},"loc":{"start":{"line":151,"column":19},"end":{"line":151,"column":23}},"line":151},"15":{"name":"(anonymous_15)","decl":{"start":{"line":152,"column":7},"end":{"line":152,"column":8}},"loc":{"start":{"line":152,"column":12},"end":{"line":158,"column":5}},"line":152},"16":{"name":"(anonymous_16)","decl":{"start":{"line":159,"column":8},"end":{"line":159,"column":9}},"loc":{"start":{"line":159,"column":13},"end":{"line":159,"column":30}},"line":159},"17":{"name":"(anonymous_17)","decl":{"start":{"line":160,"column":8},"end":{"line":160,"column":9}},"loc":{"start":{"line":160,"column":13},"end":{"line":160,"column":30}},"line":160},"18":{"name":"(anonymous_18)","decl":{"start":{"line":163,"column":33},"end":{"line":163,"column":34}},"loc":{"start":{"line":163,"column":72},"end":{"line":173,"column":3}},"line":163},"19":{"name":"(anonymous_19)","decl":{"start":{"line":182,"column":18},"end":{"line":182,"column":19}},"loc":{"start":{"line":182,"column":24},"end":{"line":184,"column":3}},"line":182},"20":{"name":"(anonymous_20)","decl":{"start":{"line":186,"column":23},"end":{"line":186,"column":24}},"loc":{"start":{"line":186,"column":29},"end":{"line":243,"column":3}},"line":186},"21":{"name":"(anonymous_21)","decl":{"start":{"line":191,"column":33},"end":{"line":191,"column":34}},"loc":{"start":{"line":191,"column":38},"end":{"line":191,"column":49}},"line":191},"22":{"name":"(anonymous_22)","decl":{"start":{"line":191,"column":67},"end":{"line":191,"column":68}},"loc":{"start":{"line":191,"column":72},"end":{"line":191,"column":83}},"line":191},"23":{"name":"(anonymous_23)","decl":{"start":{"line":194,"column":40},"end":{"line":194,"column":41}},"loc":{"start":{"line":194,"column":45},"end":{"line":194,"column":51}},"line":194},"24":{"name":"(anonymous_24)","decl":{"start":{"line":206,"column":36},"end":{"line":206,"column":37}},"loc":{"start":{"line":206,"column":46},"end":{"line":210,"column":9}},"line":206},"25":{"name":"(anonymous_25)","decl":{"start":{"line":207,"column":37},"end":{"line":207,"column":38}},"loc":{"start":{"line":207,"column":42},"end":{"line":207,"column":80}},"line":207},"26":{"name":"(anonymous_26)","decl":{"start":{"line":208,"column":37},"end":{"line":208,"column":38}},"loc":{"start":{"line":208,"column":42},"end":{"line":208,"column":80}},"line":208},"27":{"name":"(anonymous_27)","decl":{"start":{"line":216,"column":40},"end":{"line":216,"column":41}},"loc":{"start":{"line":216,"column":47},"end":{"line":216,"column":75}},"line":216},"28":{"name":"(anonymous_28)","decl":{"start":{"line":265,"column":20},"end":{"line":265,"column":21}},"loc":{"start":{"line":265,"column":29},"end":{"line":272,"column":9}},"line":265},"29":{"name":"(anonymous_29)","decl":{"start":{"line":294,"column":33},"end":{"line":294,"column":34}},"loc":{"start":{"line":295,"column":12},"end":{"line":379,"column":23}},"line":295},"30":{"name":"(anonymous_30)","decl":{"start":{"line":305,"column":29},"end":{"line":305,"column":30}},"loc":{"start":{"line":305,"column":38},"end":{"line":308,"column":17}},"line":305},"31":{"name":"(anonymous_31)","decl":{"start":{"line":309,"column":28},"end":{"line":309,"column":29}},"loc":{"start":{"line":309,"column":37},"end":{"line":316,"column":17}},"line":309},"32":{"name":"(anonymous_32)","decl":{"start":{"line":319,"column":35},"end":{"line":319,"column":36}},"loc":{"start":{"line":320,"column":16},"end":{"line":366,"column":18}},"line":320},"33":{"name":"(anonymous_33)","decl":{"start":{"line":339,"column":32},"end":{"line":339,"column":33}},"loc":{"start":{"line":339,"column":41},"end":{"line":352,"column":19}},"line":339},"34":{"name":"(anonymous_34)","decl":{"start":{"line":353,"column":30},"end":{"line":353,"column":31}},"loc":{"start":{"line":353,"column":39},"end":{"line":365,"column":19}},"line":353}},"branchMap":{"0":{"loc":{"start":{"line":58,"column":2},"end":{"line":58,"column":15}},"type":"default-arg","locations":[{"start":{"line":58,"column":10},"end":{"line":58,"column":15}}],"line":58},"1":{"loc":{"start":{"line":59,"column":2},"end":{"line":59,"column":17}},"type":"default-arg","locations":[{"start":{"line":59,"column":11},"end":{"line":59,"column":17}}],"line":59},"2":{"loc":{"start":{"line":60,"column":2},"end":{"line":60,"column":17}},"type":"default-arg","locations":[{"start":{"line":60,"column":11},"end":{"line":60,"column":17}}],"line":60},"3":{"loc":{"start":{"line":65,"column":2},"end":{"line":65,"column":20}},"type":"default-arg","locations":[{"start":{"line":65,"column":16},"end":{"line":65,"column":20}}],"line":65},"4":{"loc":{"start":{"line":66,"column":2},"end":{"line":66,"column":25}},"type":"default-arg","locations":[{"start":{"line":66,"column":21},"end":{"line":66,"column":25}}],"line":66},"5":{"loc":{"start":{"line":67,"column":2},"end":{"line":67,"column":26}},"type":"default-arg","locations":[{"start":{"line":67,"column":18},"end":{"line":67,"column":26}}],"line":67},"6":{"loc":{"start":{"line":69,"column":2},"end":{"line":69,"column":19}},"type":"default-arg","locations":[{"start":{"line":69,"column":14},"end":{"line":69,"column":19}}],"line":69},"7":{"loc":{"start":{"line":84,"column":4},"end":{"line":91,"column":5}},"type":"if","locations":[{"start":{"line":84,"column":4},"end":{"line":91,"column":5}},{"start":{},"end":{}}],"line":84},"8":{"loc":{"start":{"line":87,"column":37},"end":{"line":87,"column":48}},"type":"binary-expr","locations":[{"start":{"line":87,"column":37},"end":{"line":87,"column":43}},{"start":{"line":87,"column":47},"end":{"line":87,"column":48}}],"line":87},"9":{"loc":{"start":{"line":87,"column":71},"end":{"line":87,"column":82}},"type":"binary-expr","locations":[{"start":{"line":87,"column":71},"end":{"line":87,"column":77}},{"start":{"line":87,"column":81},"end":{"line":87,"column":82}}],"line":87},"10":{"loc":{"start":{"line":94,"column":31},"end":{"line":94,"column":91}},"type":"cond-expr","locations":[{"start":{"line":94,"column":65},"end":{"line":94,"column":82}},{"start":{"line":94,"column":85},"end":{"line":94,"column":91}}],"line":94},"11":{"loc":{"start":{"line":100,"column":15},"end":{"line":100,"column":27}},"type":"binary-expr","locations":[{"start":{"line":100,"column":15},"end":{"line":100,"column":22}},{"start":{"line":100,"column":26},"end":{"line":100,"column":27}}],"line":100},"12":{"loc":{"start":{"line":100,"column":29},"end":{"line":100,"column":41}},"type":"binary-expr","locations":[{"start":{"line":100,"column":29},"end":{"line":100,"column":36}},{"start":{"line":100,"column":40},"end":{"line":100,"column":41}}],"line":100},"13":{"loc":{"start":{"line":107,"column":4},"end":{"line":109,"column":5}},"type":"if","locations":[{"start":{"line":107,"column":4},"end":{"line":109,"column":5}},{"start":{},"end":{}}],"line":107},"14":{"loc":{"start":{"line":114,"column":8},"end":{"line":118,"column":14}},"type":"binary-expr","locations":[{"start":{"line":114,"column":8},"end":{"line":118,"column":9}},{"start":{"line":118,"column":13},"end":{"line":118,"column":14}}],"line":114},"15":{"loc":{"start":{"line":117,"column":25},"end":{"line":117,"column":57}},"type":"cond-expr","locations":[{"start":{"line":117,"column":42},"end":{"line":117,"column":43}},{"start":{"line":117,"column":46},"end":{"line":117,"column":57}}],"line":117},"16":{"loc":{"start":{"line":117,"column":46},"end":{"line":117,"column":57}},"type":"binary-expr","locations":[{"start":{"line":117,"column":46},"end":{"line":117,"column":52}},{"start":{"line":117,"column":56},"end":{"line":117,"column":57}}],"line":117},"17":{"loc":{"start":{"line":153,"column":6},"end":{"line":157,"column":7}},"type":"if","locations":[{"start":{"line":153,"column":6},"end":{"line":157,"column":7}},{"start":{"line":155,"column":13},"end":{"line":157,"column":7}}],"line":153},"18":{"loc":{"start":{"line":159,"column":20},"end":{"line":159,"column":29}},"type":"binary-expr","locations":[{"start":{"line":159,"column":20},"end":{"line":159,"column":24}},{"start":{"line":159,"column":28},"end":{"line":159,"column":29}}],"line":159},"19":{"loc":{"start":{"line":160,"column":20},"end":{"line":160,"column":29}},"type":"binary-expr","locations":[{"start":{"line":160,"column":20},"end":{"line":160,"column":24}},{"start":{"line":160,"column":28},"end":{"line":160,"column":29}}],"line":160},"20":{"loc":{"start":{"line":164,"column":4},"end":{"line":166,"column":5}},"type":"if","locations":[{"start":{"line":164,"column":4},"end":{"line":166,"column":5}},{"start":{},"end":{}}],"line":164},"21":{"loc":{"start":{"line":171,"column":61},"end":{"line":171,"column":84}},"type":"binary-expr","locations":[{"start":{"line":171,"column":61},"end":{"line":171,"column":75}},{"start":{"line":171,"column":79},"end":{"line":171,"column":84}}],"line":171},"22":{"loc":{"start":{"line":187,"column":4},"end":{"line":242,"column":5}},"type":"if","locations":[{"start":{"line":187,"column":4},"end":{"line":242,"column":5}},{"start":{},"end":{}}],"line":187},"23":{"loc":{"start":{"line":187,"column":8},"end":{"line":187,"column":57}},"type":"binary-expr","locations":[{"start":{"line":187,"column":8},"end":{"line":187,"column":33}},{"start":{"line":187,"column":37},"end":{"line":187,"column":57}}],"line":187},"24":{"loc":{"start":{"line":190,"column":6},"end":{"line":195,"column":7}},"type":"if","locations":[{"start":{"line":190,"column":6},"end":{"line":195,"column":7}},{"start":{"line":192,"column":13},"end":{"line":195,"column":7}}],"line":190},"25":{"loc":{"start":{"line":191,"column":38},"end":{"line":191,"column":49}},"type":"binary-expr","locations":[{"start":{"line":191,"column":38},"end":{"line":191,"column":44}},{"start":{"line":191,"column":48},"end":{"line":191,"column":49}}],"line":191},"26":{"loc":{"start":{"line":191,"column":72},"end":{"line":191,"column":83}},"type":"binary-expr","locations":[{"start":{"line":191,"column":72},"end":{"line":191,"column":78}},{"start":{"line":191,"column":82},"end":{"line":191,"column":83}}],"line":191},"27":{"loc":{"start":{"line":199,"column":8},"end":{"line":201,"column":37}},"type":"cond-expr","locations":[{"start":{"line":200,"column":13},"end":{"line":200,"column":45}},{"start":{"line":201,"column":12},"end":{"line":201,"column":37}}],"line":199},"28":{"loc":{"start":{"line":199,"column":8},"end":{"line":199,"column":64}},"type":"binary-expr","locations":[{"start":{"line":199,"column":8},"end":{"line":199,"column":35}},{"start":{"line":199,"column":39},"end":{"line":199,"column":64}}],"line":199},"29":{"loc":{"start":{"line":201,"column":16},"end":{"line":201,"column":36}},"type":"binary-expr","locations":[{"start":{"line":201,"column":16},"end":{"line":201,"column":31}},{"start":{"line":201,"column":35},"end":{"line":201,"column":36}}],"line":201},"30":{"loc":{"start":{"line":205,"column":6},"end":{"line":211,"column":7}},"type":"if","locations":[{"start":{"line":205,"column":6},"end":{"line":211,"column":7}},{"start":{},"end":{}}],"line":205},"31":{"loc":{"start":{"line":207,"column":25},"end":{"line":207,"column":91}},"type":"binary-expr","locations":[{"start":{"line":207,"column":25},"end":{"line":207,"column":86}},{"start":{"line":207,"column":90},"end":{"line":207,"column":91}}],"line":207},"32":{"loc":{"start":{"line":208,"column":25},"end":{"line":208,"column":91}},"type":"binary-expr","locations":[{"start":{"line":208,"column":25},"end":{"line":208,"column":86}},{"start":{"line":208,"column":90},"end":{"line":208,"column":91}}],"line":208},"33":{"loc":{"start":{"line":209,"column":17},"end":{"line":209,"column":81}},"type":"cond-expr","locations":[{"start":{"line":209,"column":48},"end":{"line":209,"column":63}},{"start":{"line":209,"column":66},"end":{"line":209,"column":81}}],"line":209},"34":{"loc":{"start":{"line":225,"column":8},"end":{"line":233,"column":74}},"type":"binary-expr","locations":[{"start":{"line":225,"column":8},"end":{"line":225,"column":33}},{"start":{"line":226,"column":8},"end":{"line":227,"column":53}},{"start":{"line":228,"column":8},"end":{"line":229,"column":53}},{"start":{"line":230,"column":8},"end":{"line":231,"column":54}},{"start":{"line":232,"column":8},"end":{"line":233,"column":74}}],"line":225},"35":{"loc":{"start":{"line":239,"column":6},"end":{"line":241,"column":7}},"type":"if","locations":[{"start":{"line":239,"column":6},"end":{"line":241,"column":7}},{"start":{},"end":{}}],"line":239},"36":{"loc":{"start":{"line":268,"column":10},"end":{"line":271,"column":11}},"type":"if","locations":[{"start":{"line":268,"column":10},"end":{"line":271,"column":11}},{"start":{},"end":{}}],"line":268},"37":{"loc":{"start":{"line":268,"column":14},"end":{"line":268,"column":53}},"type":"binary-expr","locations":[{"start":{"line":268,"column":14},"end":{"line":268,"column":21}},{"start":{"line":268,"column":25},"end":{"line":268,"column":53}}],"line":268},"38":{"loc":{"start":{"line":302,"column":18},"end":{"line":302,"column":96}},"type":"cond-expr","locations":[{"start":{"line":302,"column":89},"end":{"line":302,"column":90}},{"start":{"line":302,"column":93},"end":{"line":302,"column":96}}],"line":302},"39":{"loc":{"start":{"line":302,"column":18},"end":{"line":302,"column":86}},"type":"binary-expr","locations":[{"start":{"line":302,"column":18},"end":{"line":302,"column":45}},{"start":{"line":302,"column":49},"end":{"line":302,"column":86}}],"line":302},"40":{"loc":{"start":{"line":312,"column":18},"end":{"line":315,"column":19}},"type":"if","locations":[{"start":{"line":312,"column":18},"end":{"line":315,"column":19}},{"start":{},"end":{}}],"line":312},"41":{"loc":{"start":{"line":312,"column":22},"end":{"line":312,"column":73}},"type":"binary-expr","locations":[{"start":{"line":312,"column":22},"end":{"line":312,"column":29}},{"start":{"line":312,"column":33},"end":{"line":312,"column":73}}],"line":312},"42":{"loc":{"start":{"line":325,"column":22},"end":{"line":327,"column":55}},"type":"cond-expr","locations":[{"start":{"line":326,"column":26},"end":{"line":326,"column":45}},{"start":{"line":327,"column":26},"end":{"line":327,"column":55}}],"line":325},"43":{"loc":{"start":{"line":330,"column":28},"end":{"line":330,"column":45}},"type":"binary-expr","locations":[{"start":{"line":330,"column":28},"end":{"line":330,"column":40}},{"start":{"line":330,"column":44},"end":{"line":330,"column":45}}],"line":330},"44":{"loc":{"start":{"line":336,"column":33},"end":{"line":336,"column":50}},"type":"binary-expr","locations":[{"start":{"line":336,"column":33},"end":{"line":336,"column":45}},{"start":{"line":336,"column":49},"end":{"line":336,"column":50}}],"line":336},"45":{"loc":{"start":{"line":336,"column":61},"end":{"line":336,"column":78}},"type":"binary-expr","locations":[{"start":{"line":336,"column":61},"end":{"line":336,"column":73}},{"start":{"line":336,"column":77},"end":{"line":336,"column":78}}],"line":336},"46":{"loc":{"start":{"line":338,"column":27},"end":{"line":338,"column":74}},"type":"cond-expr","locations":[{"start":{"line":338,"column":67},"end":{"line":338,"column":70}},{"start":{"line":338,"column":73},"end":{"line":338,"column":74}}],"line":338},"47":{"loc":{"start":{"line":356,"column":20},"end":{"line":364,"column":21}},"type":"if","locations":[{"start":{"line":356,"column":20},"end":{"line":364,"column":21}},{"start":{},"end":{}}],"line":356},"48":{"loc":{"start":{"line":357,"column":22},"end":{"line":359,"column":64}},"type":"binary-expr","locations":[{"start":{"line":357,"column":22},"end":{"line":357,"column":29}},{"start":{"line":358,"column":23},"end":{"line":358,"column":63}},{"start":{"line":359,"column":24},"end":{"line":359,"column":63}}],"line":357},"49":{"loc":{"start":{"line":368,"column":15},"end":{"line":378,"column":15}},"type":"binary-expr","locations":[{"start":{"line":368,"column":15},"end":{"line":368,"column":35}},{"start":{"line":369,"column":16},"end":{"line":377,"column":18}}],"line":368},"50":{"loc":{"start":{"line":383,"column":7},"end":{"line":383,"column":67}},"type":"binary-expr","locations":[{"start":{"line":383,"column":7},"end":{"line":383,"column":16}},{"start":{"line":383,"column":20},"end":{"line":383,"column":38}},{"start":{"line":383,"column":42},"end":{"line":383,"column":67}}],"line":383},"51":{"loc":{"start":{"line":384,"column":7},"end":{"line":384,"column":63}},"type":"binary-expr","locations":[{"start":{"line":384,"column":7},"end":{"line":384,"column":16}},{"start":{"line":384,"column":20},"end":{"line":384,"column":39}},{"start":{"line":384,"column":43},"end":{"line":384,"column":63}}],"line":384},"52":{"loc":{"start":{"line":385,"column":7},"end":{"line":385,"column":50}},"type":"binary-expr","locations":[{"start":{"line":385,"column":7},"end":{"line":385,"column":22}},{"start":{"line":385,"column":26},"end":{"line":385,"column":50}}],"line":385}},"s":{"0":0,"1":0,"2":0,"3":0,"4":0,"5":0,"6":0,"7":0,"8":0,"9":0,"10":0,"11":0,"12":0,"13":0,"14":0,"15":0,"16":0,"17":0,"18":0,"19":0,"20":0,"21":0,"22":0,"23":0,"24":0,"25":0,"26":0,"27":0,"28":0,"29":0,"30":0,"31":0,"32":0,"33":0,"34":0,"35":0,"36":0,"37":0,"38":0,"39":0,"40":0,"41":0,"42":0,"43":0,"44":0,"45":0,"46":0,"47":0,"48":0,"49":0,"50":0,"51":0,"52":0,"53":0,"54":0,"55":0,"56":0,"57":0,"58":0,"59":0,"60":0,"61":0,"62":0,"63":0,"64":0,"65":0,"66":0,"67":0,"68":0,"69":0,"70":0,"71":0,"72":0,"73":0,"74":0,"75":0,"76":0,"77":0,"78":0,"79":0,"80":0,"81":0,"82":0,"83":0,"84":0,"85":0,"86":0,"87":0,"88":0,"89":0,"90":0,"91":0,"92":0,"93":0,"94":0,"95":0,"96":0},"f":{"0":0,"1":0,"2":0,"3":0,"4":0,"5":0,"6":0,"7":0,"8":0,"9":0,"10":0,"11":0,"12":0,"13":0,"14":0,"15":0,"16":0,"17":0,"18":0,"19":0,"20":0,"21":0,"22":0,"23":0,"24":0,"25":0,"26":0,"27":0,"28":0,"29":0,"30":0,"31":0,"32":0,"33":0,"34":0},"b":{"0":[0],"1":[0],"2":[0],"3":[0],"4":[0],"5":[0],"6":[0],"7":[0,0],"8":[0,0],"9":[0,0],"10":[0,0],"11":[0,0],"12":[0,0],"13":[0,0],"14":[0,0],"15":[0,0],"16":[0,0],"17":[0,0],"18":[0,0],"19":[0,0],"20":[0,0],"21":[0,0],"22":[0,0],"23":[0,0],"24":[0,0],"25":[0,0],"26":[0,0],"27":[0,0],"28":[0,0],"29":[0,0],"30":[0,0],"31":[0,0],"32":[0,0],"33":[0,0],"34":[0,0,0,0,0],"35":[0,0],"36":[0,0],"37":[0,0],"38":[0,0],"39":[0,0],"40":[0,0],"41":[0,0],"42":[0,0],"43":[0,0],"44":[0,0],"45":[0,0],"46":[0,0],"47":[0,0],"48":[0,0,0],"49":[0,0],"50":[0,0,0],"51":[0,0,0],"52":[0,0]}}
,"C:\\Coding\\michi-vz\\src\\components\\BarBellChart.tsx": {"path":"C:\\Coding\\michi-vz\\src\\components\\BarBellChart.tsx","statementMap":{"0":{"start":{"line":46,"column":50},"end":{"line":350,"column":1}},"1":{"start":{"line":67,"column":59},"end":{"line":67,"column":76}},"2":{"start":{"line":68,"column":14},"end":{"line":68,"column":41}},"3":{"start":{"line":69,"column":21},"end":{"line":69,"column":49}},"4":{"start":{"line":70,"column":28},"end":{"line":70,"column":41}},"5":{"start":{"line":71,"column":27},"end":{"line":71,"column":61}},"6":{"start":{"line":73,"column":2},"end":{"line":75,"column":9}},"7":{"start":{"line":74,"column":4},"end":{"line":74,"column":37}},"8":{"start":{"line":77,"column":26},"end":{"line":101,"column":3}},"9":{"start":{"line":83,"column":4},"end":{"line":83,"column":27}},"10":{"start":{"line":84,"column":4},"end":{"line":84,"column":28}},"11":{"start":{"line":85,"column":19},"end":{"line":85,"column":49}},"12":{"start":{"line":87,"column":4},"end":{"line":91,"column":5}},"13":{"start":{"line":88,"column":6},"end":{"line":88,"column":59}},"14":{"start":{"line":90,"column":6},"end":{"line":90,"column":62}},"15":{"start":{"line":92,"column":20},"end":{"line":92,"column":38}},"16":{"start":{"line":94,"column":4},"end":{"line":100,"column":5}},"17":{"start":{"line":95,"column":6},"end":{"line":95,"column":35}},"18":{"start":{"line":96,"column":6},"end":{"line":96,"column":36}},"19":{"start":{"line":97,"column":6},"end":{"line":97,"column":34}},"20":{"start":{"line":98,"column":6},"end":{"line":98,"column":43}},"21":{"start":{"line":99,"column":6},"end":{"line":99,"column":34}},"22":{"start":{"line":103,"column":22},"end":{"line":109,"column":3}},"23":{"start":{"line":104,"column":20},"end":{"line":104,"column":38}},"24":{"start":{"line":105,"column":4},"end":{"line":108,"column":5}},"25":{"start":{"line":106,"column":6},"end":{"line":106,"column":34}},"26":{"start":{"line":107,"column":6},"end":{"line":107,"column":42}},"27":{"start":{"line":111,"column":18},"end":{"line":111,"column":60}},"28":{"start":{"line":111,"column":35},"end":{"line":111,"column":41}},"29":{"start":{"line":111,"column":55},"end":{"line":111,"column":59}},"30":{"start":{"line":113,"column":17},"end":{"line":119,"column":53}},"31":{"start":{"line":116,"column":8},"end":{"line":116,"column":26}},"32":{"start":{"line":122,"column":18},"end":{"line":130,"column":4}},"33":{"start":{"line":123,"column":14},"end":{"line":123,"column":15}},"34":{"start":{"line":124,"column":4},"end":{"line":128,"column":5}},"35":{"start":{"line":125,"column":6},"end":{"line":127,"column":7}},"36":{"start":{"line":126,"column":8},"end":{"line":126,"column":27}},"37":{"start":{"line":129,"column":4},"end":{"line":129,"column":15}},"38":{"start":{"line":132,"column":20},"end":{"line":132,"column":73}},"39":{"start":{"line":134,"column":17},"end":{"line":138,"column":16}},"40":{"start":{"line":140,"column":2},"end":{"line":152,"column":38}},"41":{"start":{"line":141,"column":16},"end":{"line":141,"column":38}},"42":{"start":{"line":142,"column":4},"end":{"line":151,"column":5}},"43":{"start":{"line":143,"column":6},"end":{"line":143,"column":55}},"44":{"start":{"line":144,"column":6},"end":{"line":144,"column":67}},"45":{"start":{"line":145,"column":6},"end":{"line":147,"column":9}},"46":{"start":{"line":146,"column":8},"end":{"line":146,"column":70}},"47":{"start":{"line":149,"column":6},"end":{"line":149,"column":55}},"48":{"start":{"line":150,"column":6},"end":{"line":150,"column":67}},"49":{"start":{"line":154,"column":2},"end":{"line":157,"column":25}},"50":{"start":{"line":155,"column":16},"end":{"line":155,"column":38}},"51":{"start":{"line":156,"column":4},"end":{"line":156,"column":45}},"52":{"start":{"line":159,"column":26},"end":{"line":164,"column":4}},"53":{"start":{"line":166,"column":26},"end":{"line":183,"column":38}},"54":{"start":{"line":168,"column":17},"end":{"line":168,"column":78}},"55":{"start":{"line":168,"column":37},"end":{"line":168,"column":77}},"56":{"start":{"line":171,"column":4},"end":{"line":180,"column":5}},"57":{"start":{"line":172,"column":6},"end":{"line":179,"column":32}},"58":{"start":{"line":175,"column":23},"end":{"line":175,"column":46}},"59":{"start":{"line":176,"column":23},"end":{"line":176,"column":46}},"60":{"start":{"line":177,"column":10},"end":{"line":177,"column":74}},"61":{"start":{"line":182,"column":4},"end":{"line":182,"column":18}},"62":{"start":{"line":185,"column":2},"end":{"line":222,"column":79}},"63":{"start":{"line":186,"column":4},"end":{"line":221,"column":5}},"64":{"start":{"line":187,"column":45},"end":{"line":195,"column":7}},"65":{"start":{"line":190,"column":41},"end":{"line":190,"column":69}},"66":{"start":{"line":199,"column":8},"end":{"line":207,"column":74}},"67":{"start":{"line":210,"column":6},"end":{"line":220,"column":7}},"68":{"start":{"line":212,"column":8},"end":{"line":212,"column":51}},"69":{"start":{"line":215,"column":26},"end":{"line":217,"column":13}},"70":{"start":{"line":216,"column":10},"end":{"line":216,"column":48}},"71":{"start":{"line":219,"column":8},"end":{"line":219,"column":45}},"72":{"start":{"line":219,"column":21},"end":{"line":219,"column":44}},"73":{"start":{"line":224,"column":2},"end":{"line":349,"column":4}},"74":{"start":{"line":252,"column":28},"end":{"line":252,"column":39}},"75":{"start":{"line":254,"column":10},"end":{"line":332,"column":12}},"76":{"start":{"line":257,"column":31},"end":{"line":257,"column":59}},"77":{"start":{"line":259,"column":32},"end":{"line":259,"column":38}},"78":{"start":{"line":260,"column":28},"end":{"line":260,"column":39}},"79":{"start":{"line":261,"column":32},"end":{"line":261,"column":45}},"80":{"start":{"line":263,"column":37},"end":{"line":271,"column":42}},"81":{"start":{"line":273,"column":18},"end":{"line":273,"column":39}},"82":{"start":{"line":274,"column":18},"end":{"line":329,"column":20}},"83":{"start":{"line":291,"column":28},"end":{"line":291,"column":51}},"84":{"start":{"line":292,"column":28},"end":{"line":292,"column":66}},"85":{"start":{"line":295,"column":28},"end":{"line":295,"column":48}},"86":{"start":{"line":296,"column":28},"end":{"line":296,"column":42}},"87":{"start":{"line":318,"column":30},"end":{"line":318,"column":53}},"88":{"start":{"line":319,"column":30},"end":{"line":319,"column":68}},"89":{"start":{"line":322,"column":30},"end":{"line":322,"column":50}},"90":{"start":{"line":323,"column":30},"end":{"line":323,"column":44}}},"fnMap":{"0":{"name":"(anonymous_0)","decl":{"start":{"line":46,"column":50},"end":{"line":46,"column":51}},"loc":{"start":{"line":66,"column":6},"end":{"line":350,"column":1}},"line":66},"1":{"name":"(anonymous_1)","decl":{"start":{"line":73,"column":18},"end":{"line":73,"column":19}},"loc":{"start":{"line":73,"column":24},"end":{"line":75,"column":3}},"line":73},"2":{"name":"(anonymous_2)","decl":{"start":{"line":77,"column":26},"end":{"line":77,"column":27}},"loc":{"start":{"line":82,"column":7},"end":{"line":101,"column":3}},"line":82},"3":{"name":"(anonymous_3)","decl":{"start":{"line":103,"column":22},"end":{"line":103,"column":23}},"loc":{"start":{"line":103,"column":28},"end":{"line":109,"column":3}},"line":103},"4":{"name":"(anonymous_4)","decl":{"start":{"line":111,"column":30},"end":{"line":111,"column":31}},"loc":{"start":{"line":111,"column":35},"end":{"line":111,"column":41}},"line":111},"5":{"name":"(anonymous_5)","decl":{"start":{"line":111,"column":47},"end":{"line":111,"column":48}},"loc":{"start":{"line":111,"column":55},"end":{"line":111,"column":59}},"line":111},"6":{"name":"(anonymous_6)","decl":{"start":{"line":115,"column":18},"end":{"line":115,"column":19}},"loc":{"start":{"line":115,"column":27},"end":{"line":117,"column":7}},"line":115},"7":{"name":"(anonymous_7)","decl":{"start":{"line":122,"column":30},"end":{"line":122,"column":31}},"loc":{"start":{"line":122,"column":35},"end":{"line":130,"column":3}},"line":122},"8":{"name":"(anonymous_8)","decl":{"start":{"line":140,"column":12},"end":{"line":140,"column":13}},"loc":{"start":{"line":140,"column":18},"end":{"line":152,"column":3}},"line":140},"9":{"name":"(anonymous_9)","decl":{"start":{"line":145,"column":29},"end":{"line":145,"column":30}},"loc":{"start":{"line":145,"column":37},"end":{"line":147,"column":7}},"line":145},"10":{"name":"(anonymous_10)","decl":{"start":{"line":154,"column":12},"end":{"line":154,"column":13}},"loc":{"start":{"line":154,"column":18},"end":{"line":157,"column":3}},"line":154},"11":{"name":"(anonymous_11)","decl":{"start":{"line":166,"column":34},"end":{"line":166,"column":35}},"loc":{"start":{"line":166,"column":40},"end":{"line":183,"column":3}},"line":166},"12":{"name":"(anonymous_12)","decl":{"start":{"line":168,"column":32},"end":{"line":168,"column":33}},"loc":{"start":{"line":168,"column":37},"end":{"line":168,"column":77}},"line":168},"13":{"name":"(anonymous_13)","decl":{"start":{"line":174,"column":14},"end":{"line":174,"column":15}},"loc":{"start":{"line":174,"column":24},"end":{"line":178,"column":9}},"line":174},"14":{"name":"(anonymous_14)","decl":{"start":{"line":185,"column":12},"end":{"line":185,"column":13}},"loc":{"start":{"line":185,"column":18},"end":{"line":222,"column":3}},"line":185},"15":{"name":"(anonymous_15)","decl":{"start":{"line":190,"column":34},"end":{"line":190,"column":35}},"loc":{"start":{"line":190,"column":41},"end":{"line":190,"column":69}},"line":190},"16":{"name":"(anonymous_16)","decl":{"start":{"line":215,"column":37},"end":{"line":215,"column":38}},"loc":{"start":{"line":215,"column":43},"end":{"line":217,"column":9}},"line":215},"17":{"name":"(anonymous_17)","decl":{"start":{"line":219,"column":15},"end":{"line":219,"column":16}},"loc":{"start":{"line":219,"column":21},"end":{"line":219,"column":44}},"line":219},"18":{"name":"(anonymous_18)","decl":{"start":{"line":251,"column":21},"end":{"line":251,"column":22}},"loc":{"start":{"line":251,"column":31},"end":{"line":333,"column":9}},"line":251},"19":{"name":"(anonymous_19)","decl":{"start":{"line":257,"column":24},"end":{"line":257,"column":25}},"loc":{"start":{"line":257,"column":31},"end":{"line":257,"column":59}},"line":257},"20":{"name":"(anonymous_20)","decl":{"start":{"line":258,"column":21},"end":{"line":258,"column":22}},"loc":{"start":{"line":258,"column":33},"end":{"line":330,"column":17}},"line":258},"21":{"name":"(anonymous_21)","decl":{"start":{"line":290,"column":40},"end":{"line":290,"column":41}},"loc":{"start":{"line":290,"column":49},"end":{"line":293,"column":27}},"line":290},"22":{"name":"(anonymous_22)","decl":{"start":{"line":294,"column":40},"end":{"line":294,"column":41}},"loc":{"start":{"line":294,"column":46},"end":{"line":297,"column":27}},"line":294},"23":{"name":"(anonymous_23)","decl":{"start":{"line":317,"column":42},"end":{"line":317,"column":43}},"loc":{"start":{"line":317,"column":51},"end":{"line":320,"column":29}},"line":317},"24":{"name":"(anonymous_24)","decl":{"start":{"line":321,"column":42},"end":{"line":321,"column":43}},"loc":{"start":{"line":321,"column":48},"end":{"line":324,"column":29}},"line":321}},"branchMap":{"0":{"loc":{"start":{"line":47,"column":2},"end":{"line":47,"column":14}},"type":"default-arg","locations":[{"start":{"line":47,"column":12},"end":{"line":47,"column":14}}],"line":47},"1":{"loc":{"start":{"line":48,"column":2},"end":{"line":48,"column":11}},"type":"default-arg","locations":[{"start":{"line":48,"column":9},"end":{"line":48,"column":11}}],"line":48},"2":{"loc":{"start":{"line":49,"column":2},"end":{"line":49,"column":27}},"type":"default-arg","locations":[{"start":{"line":49,"column":10},"end":{"line":49,"column":27}}],"line":49},"3":{"loc":{"start":{"line":50,"column":2},"end":{"line":50,"column":29}},"type":"default-arg","locations":[{"start":{"line":50,"column":11},"end":{"line":50,"column":29}}],"line":50},"4":{"loc":{"start":{"line":51,"column":2},"end":{"line":51,"column":29}},"type":"default-arg","locations":[{"start":{"line":51,"column":11},"end":{"line":51,"column":29}}],"line":51},"5":{"loc":{"start":{"line":61,"column":2},"end":{"line":61,"column":22}},"type":"default-arg","locations":[{"start":{"line":61,"column":18},"end":{"line":61,"column":22}}],"line":61},"6":{"loc":{"start":{"line":62,"column":2},"end":{"line":62,"column":34}},"type":"default-arg","locations":[{"start":{"line":62,"column":13},"end":{"line":62,"column":34}}],"line":62},"7":{"loc":{"start":{"line":87,"column":4},"end":{"line":91,"column":5}},"type":"if","locations":[{"start":{"line":87,"column":4},"end":{"line":91,"column":5}},{"start":{"line":89,"column":11},"end":{"line":91,"column":5}}],"line":87},"8":{"loc":{"start":{"line":94,"column":4},"end":{"line":100,"column":5}},"type":"if","locations":[{"start":{"line":94,"column":4},"end":{"line":100,"column":5}},{"start":{},"end":{}}],"line":94},"9":{"loc":{"start":{"line":105,"column":4},"end":{"line":108,"column":5}},"type":"if","locations":[{"start":{"line":105,"column":4},"end":{"line":108,"column":5}},{"start":{},"end":{}}],"line":105},"10":{"loc":{"start":{"line":125,"column":6},"end":{"line":127,"column":7}},"type":"if","locations":[{"start":{"line":125,"column":6},"end":{"line":127,"column":7}},{"start":{},"end":{}}],"line":125},"11":{"loc":{"start":{"line":125,"column":10},"end":{"line":125,"column":65}},"type":"binary-expr","locations":[{"start":{"line":125,"column":10},"end":{"line":125,"column":24}},{"start":{"line":125,"column":28},"end":{"line":125,"column":65}}],"line":125},"12":{"loc":{"start":{"line":126,"column":15},"end":{"line":126,"column":26}},"type":"binary-expr","locations":[{"start":{"line":126,"column":15},"end":{"line":126,"column":21}},{"start":{"line":126,"column":25},"end":{"line":126,"column":26}}],"line":126},"13":{"loc":{"start":{"line":132,"column":20},"end":{"line":132,"column":73}},"type":"cond-expr","locations":[{"start":{"line":132,"column":49},"end":{"line":132,"column":50}},{"start":{"line":132,"column":53},"end":{"line":132,"column":73}}],"line":132},"14":{"loc":{"start":{"line":142,"column":4},"end":{"line":151,"column":5}},"type":"if","locations":[{"start":{"line":142,"column":4},"end":{"line":151,"column":5}},{"start":{"line":148,"column":11},"end":{"line":151,"column":5}}],"line":142},"15":{"loc":{"start":{"line":171,"column":4},"end":{"line":180,"column":5}},"type":"if","locations":[{"start":{"line":171,"column":4},"end":{"line":180,"column":5}},{"start":{},"end":{}}],"line":171},"16":{"loc":{"start":{"line":175,"column":23},"end":{"line":175,"column":46}},"type":"binary-expr","locations":[{"start":{"line":175,"column":23},"end":{"line":175,"column":41}},{"start":{"line":175,"column":45},"end":{"line":175,"column":46}}],"line":175},"17":{"loc":{"start":{"line":176,"column":23},"end":{"line":176,"column":46}},"type":"binary-expr","locations":[{"start":{"line":176,"column":23},"end":{"line":176,"column":41}},{"start":{"line":176,"column":45},"end":{"line":176,"column":46}}],"line":176},"18":{"loc":{"start":{"line":177,"column":17},"end":{"line":177,"column":73}},"type":"cond-expr","locations":[{"start":{"line":177,"column":48},"end":{"line":177,"column":59}},{"start":{"line":177,"column":62},"end":{"line":177,"column":73}}],"line":177},"19":{"loc":{"start":{"line":186,"column":4},"end":{"line":221,"column":5}},"type":"if","locations":[{"start":{"line":186,"column":4},"end":{"line":221,"column":5}},{"start":{},"end":{}}],"line":186},"20":{"loc":{"start":{"line":186,"column":8},"end":{"line":186,"column":57}},"type":"binary-expr","locations":[{"start":{"line":186,"column":8},"end":{"line":186,"column":33}},{"start":{"line":186,"column":37},"end":{"line":186,"column":57}}],"line":186},"21":{"loc":{"start":{"line":199,"column":8},"end":{"line":207,"column":74}},"type":"binary-expr","locations":[{"start":{"line":199,"column":8},"end":{"line":199,"column":33}},{"start":{"line":200,"column":8},"end":{"line":201,"column":53}},{"start":{"line":202,"column":8},"end":{"line":203,"column":53}},{"start":{"line":204,"column":8},"end":{"line":205,"column":54}},{"start":{"line":206,"column":8},"end":{"line":207,"column":74}}],"line":199},"22":{"loc":{"start":{"line":210,"column":6},"end":{"line":220,"column":7}},"type":"if","locations":[{"start":{"line":210,"column":6},"end":{"line":220,"column":7}},{"start":{},"end":{}}],"line":210},"23":{"loc":{"start":{"line":226,"column":7},"end":{"line":226,"column":67}},"type":"binary-expr","locations":[{"start":{"line":226,"column":7},"end":{"line":226,"column":16}},{"start":{"line":226,"column":20},"end":{"line":226,"column":38}},{"start":{"line":226,"column":42},"end":{"line":226,"column":67}}],"line":226},"24":{"loc":{"start":{"line":227,"column":7},"end":{"line":227,"column":63}},"type":"binary-expr","locations":[{"start":{"line":227,"column":7},"end":{"line":227,"column":16}},{"start":{"line":227,"column":20},"end":{"line":227,"column":39}},{"start":{"line":227,"column":43},"end":{"line":227,"column":63}}],"line":227},"25":{"loc":{"start":{"line":228,"column":7},"end":{"line":228,"column":50}},"type":"binary-expr","locations":[{"start":{"line":228,"column":7},"end":{"line":228,"column":22}},{"start":{"line":228,"column":26},"end":{"line":228,"column":50}}],"line":228},"26":{"loc":{"start":{"line":239,"column":20},"end":{"line":239,"column":40}},"type":"binary-expr","locations":[{"start":{"line":239,"column":20},"end":{"line":239,"column":31}},{"start":{"line":239,"column":35},"end":{"line":239,"column":40}}],"line":239},"27":{"loc":{"start":{"line":247,"column":20},"end":{"line":247,"column":40}},"type":"binary-expr","locations":[{"start":{"line":247,"column":20},"end":{"line":247,"column":31}},{"start":{"line":247,"column":35},"end":{"line":247,"column":40}}],"line":247},"28":{"loc":{"start":{"line":266,"column":29},"end":{"line":266,"column":68}},"type":"cond-expr","locations":[{"start":{"line":266,"column":59},"end":{"line":266,"column":62}},{"start":{"line":266,"column":65},"end":{"line":266,"column":68}}],"line":266},"29":{"loc":{"start":{"line":276,"column":23},"end":{"line":300,"column":23}},"type":"binary-expr","locations":[{"start":{"line":276,"column":23},"end":{"line":276,"column":34}},{"start":{"line":277,"column":24},"end":{"line":299,"column":26}}],"line":276},"30":{"loc":{"start":{"line":282,"column":29},"end":{"line":282,"column":83}},"type":"binary-expr","locations":[{"start":{"line":282,"column":29},"end":{"line":282,"column":78}},{"start":{"line":282,"column":82},"end":{"line":282,"column":83}}],"line":282},"31":{"loc":{"start":{"line":288,"column":37},"end":{"line":288,"column":76}},"type":"cond-expr","locations":[{"start":{"line":288,"column":67},"end":{"line":288,"column":70}},{"start":{"line":288,"column":73},"end":{"line":288,"column":76}}],"line":288},"32":{"loc":{"start":{"line":301,"column":23},"end":{"line":327,"column":23}},"type":"binary-expr","locations":[{"start":{"line":301,"column":23},"end":{"line":301,"column":42}},{"start":{"line":302,"column":24},"end":{"line":326,"column":40}}],"line":301},"33":{"loc":{"start":{"line":307,"column":55},"end":{"line":307,"column":90}},"type":"cond-expr","locations":[{"start":{"line":307,"column":69},"end":{"line":307,"column":85}},{"start":{"line":307,"column":88},"end":{"line":307,"column":90}}],"line":307},"34":{"loc":{"start":{"line":315,"column":63},"end":{"line":315,"column":99}},"type":"cond-expr","locations":[{"start":{"line":315,"column":77},"end":{"line":315,"column":94}},{"start":{"line":315,"column":97},"end":{"line":315,"column":99}}],"line":315}},"s":{"0":0,"1":0,"2":0,"3":0,"4":0,"5":0,"6":0,"7":0,"8":0,"9":0,"10":0,"11":0,"12":0,"13":0,"14":0,"15":0,"16":0,"17":0,"18":0,"19":0,"20":0,"21":0,"22":0,"23":0,"24":0,"25":0,"26":0,"27":0,"28":0,"29":0,"30":0,"31":0,"32":0,"33":0,"34":0,"35":0,"36":0,"37":0,"38":0,"39":0,"40":0,"41":0,"42":0,"43":0,"44":0,"45":0,"46":0,"47":0,"48":0,"49":0,"50":0,"51":0,"52":0,"53":0,"54":0,"55":0,"56":0,"57":0,"58":0,"59":0,"60":0,"61":0,"62":0,"63":0,"64":0,"65":0,"66":0,"67":0,"68":0,"69":0,"70":0,"71":0,"72":0,"73":0,"74":0,"75":0,"76":0,"77":0,"78":0,"79":0,"80":0,"81":0,"82":0,"83":0,"84":0,"85":0,"86":0,"87":0,"88":0,"89":0,"90":0},"f":{"0":0,"1":0,"2":0,"3":0,"4":0,"5":0,"6":0,"7":0,"8":0,"9":0,"10":0,"11":0,"12":0,"13":0,"14":0,"15":0,"16":0,"17":0,"18":0,"19":0,"20":0,"21":0,"22":0,"23":0,"24":0},"b":{"0":[0],"1":[0],"2":[0],"3":[0],"4":[0],"5":[0],"6":[0],"7":[0,0],"8":[0,0],"9":[0,0],"10":[0,0],"11":[0,0],"12":[0,0],"13":[0,0],"14":[0,0],"15":[0,0],"16":[0,0],"17":[0,0],"18":[0,0],"19":[0,0],"20":[0,0],"21":[0,0,0,0,0],"22":[0,0],"23":[0,0,0],"24":[0,0,0],"25":[0,0],"26":[0,0],"27":[0,0],"28":[0,0],"29":[0,0],"30":[0,0],"31":[0,0],"32":[0,0],"33":[0,0],"34":[0,0]}}
,"C:\\Coding\\michi-vz\\src\\components\\ComparableHorizontalBarChart.tsx": {"path":"C:\\Coding\\michi-vz\\src\\components\\ComparableHorizontalBarChart.tsx","statementMap":{"0":{"start":{"line":18,"column":26},"end":{"line":21,"column":10}},"1":{"start":{"line":25,"column":15},"end":{"line":25,"column":59}},"2":{"start":{"line":26,"column":14},"end":{"line":26,"column":46}},"3":{"start":{"line":27,"column":15},"end":{"line":27,"column":47}},"4":{"start":{"line":67,"column":63},"end":{"line":447,"column":1}},"5":{"start":{"line":87,"column":32},"end":{"line":92,"column":17}},"6":{"start":{"line":94,"column":4},"end":{"line":94,"column":21}},"7":{"start":{"line":95,"column":17},"end":{"line":95,"column":51}},"8":{"start":{"line":96,"column":28},"end":{"line":96,"column":41}},"9":{"start":{"line":98,"column":27},"end":{"line":98,"column":61}},"10":{"start":{"line":101,"column":26},"end":{"line":111,"column":23}},"11":{"start":{"line":102,"column":4},"end":{"line":102,"column":32}},"12":{"start":{"line":102,"column":17},"end":{"line":102,"column":32}},"13":{"start":{"line":103,"column":4},"end":{"line":110,"column":30}},"14":{"start":{"line":106,"column":21},"end":{"line":106,"column":47}},"15":{"start":{"line":107,"column":21},"end":{"line":107,"column":47}},"16":{"start":{"line":108,"column":8},"end":{"line":108,"column":72}},"17":{"start":{"line":114,"column":22},"end":{"line":117,"column":3}},"18":{"start":{"line":115,"column":10},"end":{"line":115,"column":92}},"19":{"start":{"line":115,"column":38},"end":{"line":115,"column":71}},"20":{"start":{"line":115,"column":83},"end":{"line":115,"column":91}},"21":{"start":{"line":120,"column":21},"end":{"line":128,"column":38}},"22":{"start":{"line":121,"column":4},"end":{"line":126,"column":5}},"23":{"start":{"line":122,"column":6},"end":{"line":125,"column":17}},"24":{"start":{"line":123,"column":22},"end":{"line":123,"column":55}},"25":{"start":{"line":124,"column":19},"end":{"line":124,"column":50}},"26":{"start":{"line":127,"column":4},"end":{"line":127,"column":14}},"27":{"start":{"line":131,"column":22},"end":{"line":146,"column":56}},"28":{"start":{"line":132,"column":18},"end":{"line":132,"column":87}},"29":{"start":{"line":133,"column":4},"end":{"line":137,"column":5}},"30":{"start":{"line":134,"column":18},"end":{"line":134,"column":36}},"31":{"start":{"line":135,"column":18},"end":{"line":135,"column":36}},"32":{"start":{"line":136,"column":6},"end":{"line":136,"column":24}},"33":{"start":{"line":138,"column":4},"end":{"line":140,"column":5}},"34":{"start":{"line":139,"column":6},"end":{"line":139,"column":86}},"35":{"start":{"line":141,"column":4},"end":{"line":145,"column":5}},"36":{"start":{"line":142,"column":22},"end":{"line":142,"column":50}},"37":{"start":{"line":143,"column":22},"end":{"line":143,"column":50}},"38":{"start":{"line":144,"column":6},"end":{"line":144,"column":48}},"39":{"start":{"line":149,"column":21},"end":{"line":157,"column":3}},"40":{"start":{"line":151,"column":6},"end":{"line":155,"column":21}},"41":{"start":{"line":159,"column":21},"end":{"line":173,"column":3}},"42":{"start":{"line":161,"column":6},"end":{"line":171,"column":55}},"43":{"start":{"line":176,"column":28},"end":{"line":180,"column":46}},"44":{"start":{"line":177,"column":4},"end":{"line":179,"column":6}},"45":{"start":{"line":183,"column":26},"end":{"line":196,"column":3}},"46":{"start":{"line":185,"column":6},"end":{"line":193,"column":7}},"47":{"start":{"line":186,"column":27},"end":{"line":186,"column":72}},"48":{"start":{"line":187,"column":8},"end":{"line":192,"column":11}},"49":{"start":{"line":198,"column":25},"end":{"line":200,"column":8}},"50":{"start":{"line":199,"column":4},"end":{"line":199,"column":21}},"51":{"start":{"line":202,"column":26},"end":{"line":207,"column":3}},"52":{"start":{"line":204,"column":6},"end":{"line":204,"column":31}},"53":{"start":{"line":209,"column":28},"end":{"line":211,"column":23}},"54":{"start":{"line":210,"column":4},"end":{"line":210,"column":24}},"55":{"start":{"line":214,"column":2},"end":{"line":221,"column":23}},"56":{"start":{"line":215,"column":4},"end":{"line":220,"column":5}},"57":{"start":{"line":216,"column":6},"end":{"line":216,"column":68}},"58":{"start":{"line":217,"column":6},"end":{"line":219,"column":9}},"59":{"start":{"line":218,"column":8},"end":{"line":218,"column":93}},"60":{"start":{"line":223,"column":26},"end":{"line":228,"column":4}},"61":{"start":{"line":231,"column":21},"end":{"line":343,"column":4}},"62":{"start":{"line":232,"column":26},"end":{"line":232,"column":51}},"63":{"start":{"line":233,"column":4},"end":{"line":328,"column":9}},"64":{"start":{"line":235,"column":8},"end":{"line":237,"column":80}},"65":{"start":{"line":240,"column":19},"end":{"line":240,"column":84}},"66":{"start":{"line":241,"column":19},"end":{"line":241,"column":87}},"67":{"start":{"line":242,"column":23},"end":{"line":242,"column":73}},"68":{"start":{"line":243,"column":23},"end":{"line":243,"column":76}},"69":{"start":{"line":245,"column":18},"end":{"line":245,"column":43}},"70":{"start":{"line":246,"column":31},"end":{"line":246,"column":53}},"71":{"start":{"line":248,"column":8},"end":{"line":327,"column":10}},"72":{"start":{"line":256,"column":31},"end":{"line":256,"column":56}},"73":{"start":{"line":271,"column":40},"end":{"line":271,"column":77}},"74":{"start":{"line":285,"column":40},"end":{"line":285,"column":74}},"75":{"start":{"line":303,"column":40},"end":{"line":303,"column":74}},"76":{"start":{"line":319,"column":40},"end":{"line":319,"column":77}},"77":{"start":{"line":345,"column":2},"end":{"line":347,"column":9}},"78":{"start":{"line":346,"column":4},"end":{"line":346,"column":37}},"79":{"start":{"line":350,"column":2},"end":{"line":392,"column":86}},"80":{"start":{"line":351,"column":4},"end":{"line":391,"column":5}},"81":{"start":{"line":353,"column":27},"end":{"line":353,"column":52}},"82":{"start":{"line":355,"column":45},"end":{"line":365,"column":7}},"83":{"start":{"line":359,"column":23},"end":{"line":359,"column":91}},"84":{"start":{"line":360,"column":20},"end":{"line":360,"column":27}},"85":{"start":{"line":369,"column":8},"end":{"line":377,"column":74}},"86":{"start":{"line":380,"column":6},"end":{"line":390,"column":7}},"87":{"start":{"line":382,"column":8},"end":{"line":382,"column":51}},"88":{"start":{"line":385,"column":26},"end":{"line":387,"column":13}},"89":{"start":{"line":386,"column":10},"end":{"line":386,"column":48}},"90":{"start":{"line":389,"column":8},"end":{"line":389,"column":45}},"91":{"start":{"line":389,"column":21},"end":{"line":389,"column":44}},"92":{"start":{"line":394,"column":2},"end":{"line":446,"column":4}},"93":{"start":{"line":402,"column":10},"end":{"line":402,"column":34}},"94":{"start":{"line":403,"column":10},"end":{"line":403,"column":33}},"95":{"start":{"line":404,"column":10},"end":{"line":404,"column":30}}},"fnMap":{"0":{"name":"(anonymous_0)","decl":{"start":{"line":67,"column":63},"end":{"line":67,"column":64}},"loc":{"start":{"line":86,"column":6},"end":{"line":447,"column":1}},"line":86},"1":{"name":"(anonymous_1)","decl":{"start":{"line":101,"column":34},"end":{"line":101,"column":35}},"loc":{"start":{"line":101,"column":40},"end":{"line":111,"column":3}},"line":101},"2":{"name":"(anonymous_2)","decl":{"start":{"line":105,"column":12},"end":{"line":105,"column":13}},"loc":{"start":{"line":105,"column":22},"end":{"line":109,"column":7}},"line":105},"3":{"name":"(anonymous_3)","decl":{"start":{"line":115,"column":4},"end":{"line":115,"column":5}},"loc":{"start":{"line":115,"column":10},"end":{"line":115,"column":92}},"line":115},"4":{"name":"(anonymous_4)","decl":{"start":{"line":115,"column":33},"end":{"line":115,"column":34}},"loc":{"start":{"line":115,"column":38},"end":{"line":115,"column":71}},"line":115},"5":{"name":"(anonymous_5)","decl":{"start":{"line":115,"column":78},"end":{"line":115,"column":79}},"loc":{"start":{"line":115,"column":83},"end":{"line":115,"column":91}},"line":115},"6":{"name":"(anonymous_6)","decl":{"start":{"line":120,"column":29},"end":{"line":120,"column":30}},"loc":{"start":{"line":120,"column":35},"end":{"line":128,"column":3}},"line":120},"7":{"name":"(anonymous_7)","decl":{"start":{"line":123,"column":17},"end":{"line":123,"column":18}},"loc":{"start":{"line":123,"column":22},"end":{"line":123,"column":55}},"line":123},"8":{"name":"(anonymous_8)","decl":{"start":{"line":124,"column":14},"end":{"line":124,"column":15}},"loc":{"start":{"line":124,"column":19},"end":{"line":124,"column":50}},"line":124},"9":{"name":"(anonymous_9)","decl":{"start":{"line":131,"column":30},"end":{"line":131,"column":31}},"loc":{"start":{"line":131,"column":36},"end":{"line":146,"column":3}},"line":131},"10":{"name":"(anonymous_10)","decl":{"start":{"line":150,"column":4},"end":{"line":150,"column":5}},"loc":{"start":{"line":151,"column":6},"end":{"line":155,"column":21}},"line":151},"11":{"name":"(anonymous_11)","decl":{"start":{"line":160,"column":4},"end":{"line":160,"column":5}},"loc":{"start":{"line":161,"column":6},"end":{"line":171,"column":55}},"line":161},"12":{"name":"(anonymous_12)","decl":{"start":{"line":176,"column":36},"end":{"line":176,"column":37}},"loc":{"start":{"line":176,"column":42},"end":{"line":180,"column":3}},"line":176},"13":{"name":"(anonymous_13)","decl":{"start":{"line":184,"column":4},"end":{"line":184,"column":5}},"loc":{"start":{"line":184,"column":93},"end":{"line":194,"column":5}},"line":184},"14":{"name":"(anonymous_14)","decl":{"start":{"line":198,"column":37},"end":{"line":198,"column":38}},"loc":{"start":{"line":198,"column":43},"end":{"line":200,"column":3}},"line":198},"15":{"name":"(anonymous_15)","decl":{"start":{"line":203,"column":4},"end":{"line":203,"column":5}},"loc":{"start":{"line":203,"column":23},"end":{"line":205,"column":5}},"line":203},"16":{"name":"(anonymous_16)","decl":{"start":{"line":209,"column":40},"end":{"line":209,"column":41}},"loc":{"start":{"line":209,"column":46},"end":{"line":211,"column":3}},"line":209},"17":{"name":"(anonymous_17)","decl":{"start":{"line":214,"column":12},"end":{"line":214,"column":13}},"loc":{"start":{"line":214,"column":18},"end":{"line":221,"column":3}},"line":214},"18":{"name":"(anonymous_18)","decl":{"start":{"line":217,"column":29},"end":{"line":217,"column":30}},"loc":{"start":{"line":217,"column":37},"end":{"line":219,"column":7}},"line":217},"19":{"name":"(anonymous_19)","decl":{"start":{"line":231,"column":29},"end":{"line":231,"column":30}},"loc":{"start":{"line":231,"column":35},"end":{"line":329,"column":3}},"line":231},"20":{"name":"(anonymous_20)","decl":{"start":{"line":234,"column":14},"end":{"line":234,"column":15}},"loc":{"start":{"line":235,"column":8},"end":{"line":237,"column":80}},"line":235},"21":{"name":"(anonymous_21)","decl":{"start":{"line":239,"column":11},"end":{"line":239,"column":12}},"loc":{"start":{"line":239,"column":21},"end":{"line":328,"column":7}},"line":239},"22":{"name":"(anonymous_22)","decl":{"start":{"line":256,"column":25},"end":{"line":256,"column":26}},"loc":{"start":{"line":256,"column":31},"end":{"line":256,"column":56}},"line":256},"23":{"name":"(anonymous_23)","decl":{"start":{"line":271,"column":31},"end":{"line":271,"column":32}},"loc":{"start":{"line":271,"column":40},"end":{"line":271,"column":77}},"line":271},"24":{"name":"(anonymous_24)","decl":{"start":{"line":285,"column":31},"end":{"line":285,"column":32}},"loc":{"start":{"line":285,"column":40},"end":{"line":285,"column":74}},"line":285},"25":{"name":"(anonymous_25)","decl":{"start":{"line":303,"column":31},"end":{"line":303,"column":32}},"loc":{"start":{"line":303,"column":40},"end":{"line":303,"column":74}},"line":303},"26":{"name":"(anonymous_26)","decl":{"start":{"line":319,"column":31},"end":{"line":319,"column":32}},"loc":{"start":{"line":319,"column":40},"end":{"line":319,"column":77}},"line":319},"27":{"name":"(anonymous_27)","decl":{"start":{"line":345,"column":18},"end":{"line":345,"column":19}},"loc":{"start":{"line":345,"column":24},"end":{"line":347,"column":3}},"line":345},"28":{"name":"(anonymous_28)","decl":{"start":{"line":350,"column":23},"end":{"line":350,"column":24}},"loc":{"start":{"line":350,"column":29},"end":{"line":392,"column":3}},"line":350},"29":{"name":"(anonymous_29)","decl":{"start":{"line":359,"column":18},"end":{"line":359,"column":19}},"loc":{"start":{"line":359,"column":23},"end":{"line":359,"column":91}},"line":359},"30":{"name":"(anonymous_30)","decl":{"start":{"line":360,"column":15},"end":{"line":360,"column":16}},"loc":{"start":{"line":360,"column":20},"end":{"line":360,"column":27}},"line":360},"31":{"name":"(anonymous_31)","decl":{"start":{"line":385,"column":37},"end":{"line":385,"column":38}},"loc":{"start":{"line":385,"column":43},"end":{"line":387,"column":9}},"line":385},"32":{"name":"(anonymous_32)","decl":{"start":{"line":389,"column":15},"end":{"line":389,"column":16}},"loc":{"start":{"line":389,"column":21},"end":{"line":389,"column":44}},"line":389},"33":{"name":"(anonymous_33)","decl":{"start":{"line":401,"column":20},"end":{"line":401,"column":21}},"loc":{"start":{"line":401,"column":29},"end":{"line":405,"column":9}},"line":401}},"branchMap":{"0":{"loc":{"start":{"line":71,"column":2},"end":{"line":71,"column":15}},"type":"default-arg","locations":[{"start":{"line":71,"column":10},"end":{"line":71,"column":15}}],"line":71},"1":{"loc":{"start":{"line":72,"column":2},"end":{"line":72,"column":17}},"type":"default-arg","locations":[{"start":{"line":72,"column":11},"end":{"line":72,"column":17}}],"line":72},"2":{"loc":{"start":{"line":73,"column":2},"end":{"line":73,"column":17}},"type":"default-arg","locations":[{"start":{"line":73,"column":11},"end":{"line":73,"column":17}}],"line":73},"3":{"loc":{"start":{"line":76,"column":2},"end":{"line":76,"column":28}},"type":"default-arg","locations":[{"start":{"line":76,"column":26},"end":{"line":76,"column":28}}],"line":76},"4":{"loc":{"start":{"line":77,"column":2},"end":{"line":77,"column":26}},"type":"default-arg","locations":[{"start":{"line":77,"column":18},"end":{"line":77,"column":26}}],"line":77},"5":{"loc":{"start":{"line":80,"column":2},"end":{"line":80,"column":19}},"type":"default-arg","locations":[{"start":{"line":80,"column":14},"end":{"line":80,"column":19}}],"line":80},"6":{"loc":{"start":{"line":102,"column":4},"end":{"line":102,"column":32}},"type":"if","locations":[{"start":{"line":102,"column":4},"end":{"line":102,"column":32}},{"start":{},"end":{}}],"line":102},"7":{"loc":{"start":{"line":108,"column":15},"end":{"line":108,"column":71}},"type":"cond-expr","locations":[{"start":{"line":108,"column":46},"end":{"line":108,"column":57}},{"start":{"line":108,"column":60},"end":{"line":108,"column":71}}],"line":108},"8":{"loc":{"start":{"line":121,"column":4},"end":{"line":126,"column":5}},"type":"if","locations":[{"start":{"line":121,"column":4},"end":{"line":126,"column":5}},{"start":{},"end":{}}],"line":121},"9":{"loc":{"start":{"line":132,"column":18},"end":{"line":132,"column":87}},"type":"cond-expr","locations":[{"start":{"line":132,"column":53},"end":{"line":132,"column":74}},{"start":{"line":132,"column":77},"end":{"line":132,"column":87}}],"line":132},"10":{"loc":{"start":{"line":133,"column":4},"end":{"line":137,"column":5}},"type":"if","locations":[{"start":{"line":133,"column":4},"end":{"line":137,"column":5}},{"start":{},"end":{}}],"line":133},"11":{"loc":{"start":{"line":138,"column":4},"end":{"line":140,"column":5}},"type":"if","locations":[{"start":{"line":138,"column":4},"end":{"line":140,"column":5}},{"start":{},"end":{}}],"line":138},"12":{"loc":{"start":{"line":141,"column":4},"end":{"line":145,"column":5}},"type":"if","locations":[{"start":{"line":141,"column":4},"end":{"line":145,"column":5}},{"start":{},"end":{}}],"line":141},"13":{"loc":{"start":{"line":161,"column":6},"end":{"line":171,"column":55}},"type":"cond-expr","locations":[{"start":{"line":162,"column":10},"end":{"line":167,"column":19}},{"start":{"line":168,"column":10},"end":{"line":171,"column":55}}],"line":161},"14":{"loc":{"start":{"line":185,"column":6},"end":{"line":193,"column":7}},"type":"if","locations":[{"start":{"line":185,"column":6},"end":{"line":193,"column":7}},{"start":{},"end":{}}],"line":185},"15":{"loc":{"start":{"line":215,"column":4},"end":{"line":220,"column":5}},"type":"if","locations":[{"start":{"line":215,"column":4},"end":{"line":220,"column":5}},{"start":{},"end":{}}],"line":215},"16":{"loc":{"start":{"line":235,"column":8},"end":{"line":237,"column":80}},"type":"cond-expr","locations":[{"start":{"line":236,"column":12},"end":{"line":236,"column":45}},{"start":{"line":237,"column":12},"end":{"line":237,"column":80}}],"line":235},"17":{"loc":{"start":{"line":237,"column":12},"end":{"line":237,"column":80}},"type":"binary-expr","locations":[{"start":{"line":237,"column":12},"end":{"line":237,"column":45}},{"start":{"line":237,"column":49},"end":{"line":237,"column":80}}],"line":237},"18":{"loc":{"start":{"line":245,"column":18},"end":{"line":245,"column":43}},"type":"binary-expr","locations":[{"start":{"line":245,"column":18},"end":{"line":245,"column":38}},{"start":{"line":245,"column":42},"end":{"line":245,"column":43}}],"line":245},"19":{"loc":{"start":{"line":254,"column":23},"end":{"line":254,"column":97}},"type":"cond-expr","locations":[{"start":{"line":254,"column":90},"end":{"line":254,"column":91}},{"start":{"line":254,"column":94},"end":{"line":254,"column":97}}],"line":254},"20":{"loc":{"start":{"line":254,"column":23},"end":{"line":254,"column":87}},"type":"binary-expr","locations":[{"start":{"line":254,"column":23},"end":{"line":254,"column":56}},{"start":{"line":254,"column":60},"end":{"line":254,"column":87}}],"line":254},"21":{"loc":{"start":{"line":259,"column":13},"end":{"line":325,"column":13}},"type":"cond-expr","locations":[{"start":{"line":260,"column":14},"end":{"line":291,"column":17}},{"start":{"line":293,"column":14},"end":{"line":324,"column":17}}],"line":259},"22":{"loc":{"start":{"line":267,"column":24},"end":{"line":267,"column":58}},"type":"binary-expr","locations":[{"start":{"line":267,"column":24},"end":{"line":267,"column":47}},{"start":{"line":267,"column":51},"end":{"line":267,"column":58}}],"line":267},"23":{"loc":{"start":{"line":282,"column":24},"end":{"line":282,"column":64}},"type":"binary-expr","locations":[{"start":{"line":282,"column":24},"end":{"line":282,"column":52}},{"start":{"line":282,"column":56},"end":{"line":282,"column":64}}],"line":282},"24":{"loc":{"start":{"line":300,"column":24},"end":{"line":300,"column":64}},"type":"binary-expr","locations":[{"start":{"line":300,"column":24},"end":{"line":300,"column":52}},{"start":{"line":300,"column":56},"end":{"line":300,"column":64}}],"line":300},"25":{"loc":{"start":{"line":315,"column":24},"end":{"line":315,"column":58}},"type":"binary-expr","locations":[{"start":{"line":315,"column":24},"end":{"line":315,"column":47}},{"start":{"line":315,"column":51},"end":{"line":315,"column":58}}],"line":315},"26":{"loc":{"start":{"line":351,"column":4},"end":{"line":391,"column":5}},"type":"if","locations":[{"start":{"line":351,"column":4},"end":{"line":391,"column":5}},{"start":{},"end":{}}],"line":351},"27":{"loc":{"start":{"line":351,"column":8},"end":{"line":351,"column":57}},"type":"binary-expr","locations":[{"start":{"line":351,"column":8},"end":{"line":351,"column":33}},{"start":{"line":351,"column":37},"end":{"line":351,"column":57}}],"line":351},"28":{"loc":{"start":{"line":359,"column":23},"end":{"line":359,"column":91}},"type":"binary-expr","locations":[{"start":{"line":359,"column":23},"end":{"line":359,"column":56}},{"start":{"line":359,"column":60},"end":{"line":359,"column":91}}],"line":359},"29":{"loc":{"start":{"line":369,"column":8},"end":{"line":377,"column":74}},"type":"binary-expr","locations":[{"start":{"line":369,"column":8},"end":{"line":369,"column":33}},{"start":{"line":370,"column":8},"end":{"line":371,"column":53}},{"start":{"line":372,"column":8},"end":{"line":373,"column":53}},{"start":{"line":374,"column":8},"end":{"line":375,"column":54}},{"start":{"line":376,"column":8},"end":{"line":377,"column":74}}],"line":369},"30":{"loc":{"start":{"line":380,"column":6},"end":{"line":390,"column":7}},"type":"if","locations":[{"start":{"line":380,"column":6},"end":{"line":390,"column":7}},{"start":{},"end":{}}],"line":380},"31":{"loc":{"start":{"line":421,"column":7},"end":{"line":441,"column":7}},"type":"binary-expr","locations":[{"start":{"line":421,"column":7},"end":{"line":421,"column":14}},{"start":{"line":422,"column":8},"end":{"line":440,"column":14}}],"line":421},"32":{"loc":{"start":{"line":433,"column":11},"end":{"line":438,"column":11}},"type":"binary-expr","locations":[{"start":{"line":433,"column":11},"end":{"line":433,"column":28}},{"start":{"line":434,"column":12},"end":{"line":437,"column":18}}],"line":433},"33":{"loc":{"start":{"line":439,"column":11},"end":{"line":439,"column":86}},"type":"binary-expr","locations":[{"start":{"line":439,"column":11},"end":{"line":439,"column":27}},{"start":{"line":439,"column":31},"end":{"line":439,"column":86}}],"line":439},"34":{"loc":{"start":{"line":442,"column":7},"end":{"line":442,"column":67}},"type":"binary-expr","locations":[{"start":{"line":442,"column":7},"end":{"line":442,"column":16}},{"start":{"line":442,"column":20},"end":{"line":442,"column":38}},{"start":{"line":442,"column":42},"end":{"line":442,"column":67}}],"line":442},"35":{"loc":{"start":{"line":443,"column":7},"end":{"line":443,"column":63}},"type":"binary-expr","locations":[{"start":{"line":443,"column":7},"end":{"line":443,"column":16}},{"start":{"line":443,"column":20},"end":{"line":443,"column":39}},{"start":{"line":443,"column":43},"end":{"line":443,"column":63}}],"line":443},"36":{"loc":{"start":{"line":444,"column":7},"end":{"line":444,"column":50}},"type":"binary-expr","locations":[{"start":{"line":444,"column":7},"end":{"line":444,"column":22}},{"start":{"line":444,"column":26},"end":{"line":444,"column":50}}],"line":444}},"s":{"0":0,"1":0,"2":0,"3":0,"4":0,"5":0,"6":0,"7":0,"8":0,"9":0,"10":0,"11":0,"12":0,"13":0,"14":0,"15":0,"16":0,"17":0,"18":0,"19":0,"20":0,"21":0,"22":0,"23":0,"24":0,"25":0,"26":0,"27":0,"28":0,"29":0,"30":0,"31":0,"32":0,"33":0,"34":0,"35":0,"36":0,"37":0,"38":0,"39":0,"40":0,"41":0,"42":0,"43":0,"44":0,"45":0,"46":0,"47":0,"48":0,"49":0,"50":0,"51":0,"52":0,"53":0,"54":0,"55":0,"56":0,"57":0,"58":0,"59":0,"60":0,"61":0,"62":0,"63":0,"64":0,"65":0,"66":0,"67":0,"68":0,"69":0,"70":0,"71":0,"72":0,"73":0,"74":0,"75":0,"76":0,"77":0,"78":0,"79":0,"80":0,"81":0,"82":0,"83":0,"84":0,"85":0,"86":0,"87":0,"88":0,"89":0,"90":0,"91":0,"92":0,"93":0,"94":0,"95":0},"f":{"0":0,"1":0,"2":0,"3":0,"4":0,"5":0,"6":0,"7":0,"8":0,"9":0,"10":0,"11":0,"12":0,"13":0,"14":0,"15":0,"16":0,"17":0,"18":0,"19":0,"20":0,"21":0,"22":0,"23":0,"24":0,"25":0,"26":0,"27":0,"28":0,"29":0,"30":0,"31":0,"32":0,"33":0},"b":{"0":[0],"1":[0],"2":[0],"3":[0],"4":[0],"5":[0],"6":[0,0],"7":[0,0],"8":[0,0],"9":[0,0],"10":[0,0],"11":[0,0],"12":[0,0],"13":[0,0],"14":[0,0],"15":[0,0],"16":[0,0],"17":[0,0],"18":[0,0],"19":[0,0],"20":[0,0],"21":[0,0],"22":[0,0],"23":[0,0],"24":[0,0],"25":[0,0],"26":[0,0],"27":[0,0],"28":[0,0],"29":[0,0,0,0,0],"30":[0,0],"31":[0,0],"32":[0,0],"33":[0,0],"34":[0,0,0],"35":[0,0,0],"36":[0,0]}}
,"C:\\Coding\\michi-vz\\src\\components\\DualHorizontalBarChart.tsx": {"path":"C:\\Coding\\michi-vz\\src\\components\\DualHorizontalBarChart.tsx","statementMap":{"0":{"start":{"line":18,"column":15},"end":{"line":18,"column":59}},"1":{"start":{"line":19,"column":14},"end":{"line":19,"column":46}},"2":{"start":{"line":20,"column":15},"end":{"line":20,"column":47}},"3":{"start":{"line":61,"column":57},"end":{"line":368,"column":1}},"4":{"start":{"line":80,"column":32},"end":{"line":84,"column":17}},"5":{"start":{"line":92,"column":6},"end":{"line":92,"column":23}},"6":{"start":{"line":93,"column":17},"end":{"line":93,"column":51}},"7":{"start":{"line":94,"column":28},"end":{"line":94,"column":41}},"8":{"start":{"line":95,"column":27},"end":{"line":95,"column":61}},"9":{"start":{"line":97,"column":2},"end":{"line":99,"column":9}},"10":{"start":{"line":98,"column":4},"end":{"line":98,"column":37}},"11":{"start":{"line":102,"column":26},"end":{"line":119,"column":38}},"12":{"start":{"line":104,"column":17},"end":{"line":104,"column":70}},"13":{"start":{"line":104,"column":37},"end":{"line":104,"column":69}},"14":{"start":{"line":107,"column":4},"end":{"line":116,"column":5}},"15":{"start":{"line":108,"column":6},"end":{"line":115,"column":32}},"16":{"start":{"line":111,"column":23},"end":{"line":111,"column":46}},"17":{"start":{"line":112,"column":23},"end":{"line":112,"column":46}},"18":{"start":{"line":113,"column":10},"end":{"line":113,"column":74}},"19":{"start":{"line":118,"column":4},"end":{"line":118,"column":18}},"20":{"start":{"line":121,"column":22},"end":{"line":124,"column":3}},"21":{"start":{"line":122,"column":10},"end":{"line":122,"column":89}},"22":{"start":{"line":122,"column":38},"end":{"line":122,"column":70}},"23":{"start":{"line":122,"column":81},"end":{"line":122,"column":88}},"24":{"start":{"line":125,"column":22},"end":{"line":143,"column":53}},"25":{"start":{"line":126,"column":28},"end":{"line":129,"column":13}},"26":{"start":{"line":127,"column":19},"end":{"line":127,"column":51}},"27":{"start":{"line":128,"column":16},"end":{"line":128,"column":36}},"28":{"start":{"line":131,"column":4},"end":{"line":133,"column":5}},"29":{"start":{"line":132,"column":6},"end":{"line":132,"column":47}},"30":{"start":{"line":135,"column":4},"end":{"line":140,"column":5}},"31":{"start":{"line":136,"column":6},"end":{"line":139,"column":8}},"32":{"start":{"line":142,"column":4},"end":{"line":142,"column":14}},"33":{"start":{"line":145,"column":21},"end":{"line":148,"column":48}},"34":{"start":{"line":150,"column":22},"end":{"line":155,"column":12}},"35":{"start":{"line":157,"column":22},"end":{"line":162,"column":12}},"36":{"start":{"line":164,"column":26},"end":{"line":174,"column":3}},"37":{"start":{"line":165,"column":4},"end":{"line":173,"column":5}},"38":{"start":{"line":166,"column":25},"end":{"line":166,"column":70}},"39":{"start":{"line":168,"column":6},"end":{"line":172,"column":10}},"40":{"start":{"line":168,"column":24},"end":{"line":172,"column":7}},"41":{"start":{"line":176,"column":25},"end":{"line":178,"column":3}},"42":{"start":{"line":177,"column":4},"end":{"line":177,"column":21}},"43":{"start":{"line":180,"column":2},"end":{"line":187,"column":23}},"44":{"start":{"line":181,"column":4},"end":{"line":181,"column":66}},"45":{"start":{"line":182,"column":4},"end":{"line":186,"column":7}},"46":{"start":{"line":183,"column":6},"end":{"line":185,"column":28}},"47":{"start":{"line":189,"column":26},"end":{"line":194,"column":4}},"48":{"start":{"line":197,"column":2},"end":{"line":237,"column":86}},"49":{"start":{"line":198,"column":4},"end":{"line":236,"column":5}},"50":{"start":{"line":200,"column":27},"end":{"line":200,"column":52}},"51":{"start":{"line":202,"column":45},"end":{"line":210,"column":7}},"52":{"start":{"line":214,"column":8},"end":{"line":222,"column":74}},"53":{"start":{"line":225,"column":6},"end":{"line":235,"column":7}},"54":{"start":{"line":227,"column":8},"end":{"line":227,"column":51}},"55":{"start":{"line":230,"column":26},"end":{"line":232,"column":13}},"56":{"start":{"line":231,"column":10},"end":{"line":231,"column":48}},"57":{"start":{"line":234,"column":8},"end":{"line":234,"column":45}},"58":{"start":{"line":234,"column":21},"end":{"line":234,"column":44}},"59":{"start":{"line":239,"column":2},"end":{"line":367,"column":4}},"60":{"start":{"line":247,"column":10},"end":{"line":247,"column":34}},"61":{"start":{"line":248,"column":10},"end":{"line":248,"column":33}},"62":{"start":{"line":249,"column":10},"end":{"line":249,"column":30}},"63":{"start":{"line":272,"column":23},"end":{"line":272,"column":55}},"64":{"start":{"line":274,"column":23},"end":{"line":274,"column":56}},"65":{"start":{"line":275,"column":23},"end":{"line":275,"column":61}},"66":{"start":{"line":276,"column":22},"end":{"line":276,"column":46}},"67":{"start":{"line":277,"column":35},"end":{"line":277,"column":57}},"68":{"start":{"line":278,"column":12},"end":{"line":341,"column":14}},"69":{"start":{"line":286,"column":35},"end":{"line":286,"column":61}},"70":{"start":{"line":287,"column":34},"end":{"line":287,"column":53}},"71":{"start":{"line":298,"column":40},"end":{"line":298,"column":65}},"72":{"start":{"line":311,"column":40},"end":{"line":311,"column":65}},"73":{"start":{"line":326,"column":44},"end":{"line":326,"column":69}}},"fnMap":{"0":{"name":"(anonymous_0)","decl":{"start":{"line":61,"column":57},"end":{"line":61,"column":58}},"loc":{"start":{"line":79,"column":6},"end":{"line":368,"column":1}},"line":79},"1":{"name":"(anonymous_1)","decl":{"start":{"line":97,"column":18},"end":{"line":97,"column":19}},"loc":{"start":{"line":97,"column":24},"end":{"line":99,"column":3}},"line":97},"2":{"name":"(anonymous_2)","decl":{"start":{"line":102,"column":34},"end":{"line":102,"column":35}},"loc":{"start":{"line":102,"column":40},"end":{"line":119,"column":3}},"line":102},"3":{"name":"(anonymous_3)","decl":{"start":{"line":104,"column":32},"end":{"line":104,"column":33}},"loc":{"start":{"line":104,"column":37},"end":{"line":104,"column":69}},"line":104},"4":{"name":"(anonymous_4)","decl":{"start":{"line":110,"column":14},"end":{"line":110,"column":15}},"loc":{"start":{"line":110,"column":24},"end":{"line":114,"column":9}},"line":110},"5":{"name":"(anonymous_5)","decl":{"start":{"line":122,"column":4},"end":{"line":122,"column":5}},"loc":{"start":{"line":122,"column":10},"end":{"line":122,"column":89}},"line":122},"6":{"name":"(anonymous_6)","decl":{"start":{"line":122,"column":33},"end":{"line":122,"column":34}},"loc":{"start":{"line":122,"column":38},"end":{"line":122,"column":70}},"line":122},"7":{"name":"(anonymous_7)","decl":{"start":{"line":122,"column":76},"end":{"line":122,"column":77}},"loc":{"start":{"line":122,"column":81},"end":{"line":122,"column":88}},"line":122},"8":{"name":"(anonymous_8)","decl":{"start":{"line":125,"column":30},"end":{"line":125,"column":31}},"loc":{"start":{"line":125,"column":36},"end":{"line":143,"column":3}},"line":125},"9":{"name":"(anonymous_9)","decl":{"start":{"line":127,"column":14},"end":{"line":127,"column":15}},"loc":{"start":{"line":127,"column":19},"end":{"line":127,"column":51}},"line":127},"10":{"name":"(anonymous_10)","decl":{"start":{"line":128,"column":11},"end":{"line":128,"column":12}},"loc":{"start":{"line":128,"column":16},"end":{"line":128,"column":36}},"line":128},"11":{"name":"(anonymous_11)","decl":{"start":{"line":164,"column":26},"end":{"line":164,"column":27}},"loc":{"start":{"line":164,"column":97},"end":{"line":174,"column":3}},"line":164},"12":{"name":"(anonymous_12)","decl":{"start":{"line":168,"column":17},"end":{"line":168,"column":18}},"loc":{"start":{"line":168,"column":24},"end":{"line":172,"column":7}},"line":168},"13":{"name":"(anonymous_13)","decl":{"start":{"line":176,"column":25},"end":{"line":176,"column":26}},"loc":{"start":{"line":176,"column":31},"end":{"line":178,"column":3}},"line":176},"14":{"name":"(anonymous_14)","decl":{"start":{"line":180,"column":12},"end":{"line":180,"column":13}},"loc":{"start":{"lin
[...]
"line":101,"column":82},"end":{"line":101,"column":93}},"line":101},"8":{"name":"(anonymous_8)","decl":{"start":{"line":115,"column":12},"end":{"line":115,"column":13}},"loc":{"start":{"line":115,"column":18},"end":{"line":186,"column":3}},"line":115},"9":{"name":"(anonymous_9)","decl":{"start":{"line":122,"column":18},"end":{"line":122,"column":19}},"loc":{"start":{"line":123,"column":8},"end":{"line":123,"column":78}},"line":123},"10":{"name":"(anonymous_10)","decl":{"start":{"line":139,"column":12},"end":{"line":139,"column":13}},"loc":{"start":{"line":139,"column":17},"end":{"line":139,"column":62}},"line":139},"11":{"name":"(anonymous_11)","decl":{"start":{"line":140,"column":12},"end":{"line":140,"column":13}},"loc":{"start":{"line":140,"column":17},"end":{"line":140,"column":45}},"line":140},"12":{"name":"(anonymous_12)","decl":{"start":{"line":141,"column":12},"end":{"line":141,"column":13}},"loc":{"start":{"line":141,"column":17},"end":{"line":141,"column":62}},"line":141},"13":{"name":"(anonymous_13)","decl":{"start":{"line":142,"column":12},"end":{"line":142,"column":13}},"loc":{"start":{"line":142,"column":17},"end":{"line":142,"column":45}},"line":142},"14":{"name":"(anonymous_14)","decl":{"start":{"line":183,"column":11},"end":{"line":183,"column":12}},"loc":{"start":{"line":183,"column":17},"end":{"line":185,"column":5}},"line":183}},"branchMap":{"0":{"loc":{"start":{"line":34,"column":2},"end":{"line":36,"column":3}},"type":"if","locations":[{"start":{"line":34,"column":2},"end":{"line":36,"column":3}},{"start":{},"end":{}}],"line":34},"1":{"loc":{"start":{"line":34,"column":6},"end":{"line":34,"column":73}},"type":"binary-expr","locations":[{"start":{"line":34,"column":6},"end":{"line":34,"column":37}},{"start":{"line":34,"column":41},"end":{"line":34,"column":73}}],"line":34},"2":{"loc":{"start":{"line":38,"column":2},"end":{"line":47,"column":3}},"type":"if","locations":[{"start":{"line":38,"column":2},"end":{"line":47,"column":3}},{"start":{},"end":{}}],"line":38},"3":{"loc":{"start":{"line":38,"column":6},"end":{"line":38,"column":63}},"type":"binary-expr","locations":[{"start":{"line":38,"column":6},"end":{"line":38,"column":22}},{"start":{"line":38,"column":26},"end":{"line":38,"column":43}},{"start":{"line":38,"column":47},"end":{"line":38,"column":63}}],"line":38},"4":{"loc":{"start":{"line":41,"column":6},"end":{"line":45,"column":84}},"type":"binary-expr","locations":[{"start":{"line":41,"column":6},"end":{"line":41,"column":35}},{"start":{"line":42,"column":6},"end":{"line":42,"column":39}},{"start":{"line":43,"column":6},"end":{"line":43,"column":38}},{"start":{"line":44,"column":8},"end":{"line":44,"column":47}},{"start":{"line":44,"column":51},"end":{"line":44,"column":89}},{"start":{"line":45,"column":9},"end":{"line":45,"column":44}},{"start":{"line":45,"column":48},"end":{"line":45,"column":82}}],"line":41},"5":{"loc":{"start":{"line":52,"column":2},"end":{"line":52,"column":44}},"type":"default-arg","locations":[{"start":{"line":52,"column":11},"end":{"line":52,"column":44}}],"line":52},"6":{"loc":{"start":{"line":56,"column":2},"end":{"line":56,"column":26}},"type":"default-arg","locations":[{"start":{"line":56,"column":18},"end":{"line":56,"column":26}}],"line":56},"7":{"loc":{"start":{"line":57,"column":2},"end":{"line":57,"column":11}},"type":"default-arg","locations":[{"start":{"line":57,"column":10},"end":{"line":57,"column":11}}],"line":57},"8":{"loc":{"start":{"line":58,"column":2},"end":{"line":58,"column":18}},"type":"default-arg","locations":[{"start":{"line":58,"column":13},"end":{"line":58,"column":18}}],"line":58},"9":{"loc":{"start":{"line":59,"column":2},"end":{"line":59,"column":21}},"type":"default-arg","locations":[{"start":{"line":59,"column":13},"end":{"line":59,"column":21}}],"line":59},"10":{"loc":{"start":{"line":67,"column":6},"end":{"line":74,"column":7}},"type":"if","locations":[{"start":{"line":67,"column":6},"end":{"line":74,"column":7}},{"start":{"line":72,"column":13},"end":{"line":74,"column":7}}],"line":67},"11":{"loc":{"start":{"line":71,"column":15},"end":{"line":71,"column":79}},"type":"cond-expr","locations":[{"start":{"line":71,"column":49},"end":{"line":71,"column":58}},{"start":{"line":71,"column":61},"end":{"line":71,"column":79}}],"line":71},"12":{"loc":{"start":{"line":82,"column":6},"end":{"line":86,"column":30}},"type":"cond-expr","locations":[{"start":{"line":83,"column":10},"end":{"line":83,"column":55}},{"start":{"line":84,"column":10},"end":{"line":86,"column":30}}],"line":82},"13":{"loc":{"start":{"line":84,"column":10},"end":{"line":86,"column":30}},"type":"cond-expr","locations":[{"start":{"line":85,"column":12},"end":{"line":85,"column":58}},{"start":{"line":86,"column":12},"end":{"line":86,"column":30}}],"line":84},"14":{"loc":{"start":{"line":89,"column":6},"end":{"line":93,"column":30}},"type":"cond-expr","locations":[{"start":{"line":90,"column":10},"end":{"line":90,"column":54}},{"start":{"line":91,"column":10},"end":{"line":93,"column":30}}],"line":89},"15":{"loc":{"start":{"line":91,"column":10},"end":{"line":93,"column":30}},"type":"cond-expr","locations":[{"start":{"line":92,"column":12},"end":{"line":92,"column":57}},{"start":{"line":93,"column":12},"end":{"line":93,"column":30}}],"line":91},"16":{"loc":{"start":{"line":96,"column":4},"end":{"line":106,"column":5}},"type":"switch","locations":[{"start":{"line":97,"column":6},"end":{"line":99,"column":14}},{"start":{"line":100,"column":6},"end":{"line":102,"column":14}},{"start":{"line":103,"column":6},"end":{"line":105,"column":14}}],"line":96},"17":{"loc":{"start":{"line":108,"column":4},"end":{"line":110,"column":5}},"type":"if","locations":[{"start":{"line":108,"column":4},"end":{"line":110,"column":5}},{"start":{},"end":{}}],"line":108},"18":{"loc":{"start":{"line":123,"column":8},"end":{"line":123,"column":78}},"type":"cond-expr","locations":[{"start":{"line":123,"column":22},"end":{"line":123,"column":46}},{"start":{"line":123,"column":49},"end":{"line":123,"column":78}}],"line":123},"19":{"loc":{"start":{"line":129,"column":6},"end":{"line":131,"column":67}},"type":"cond-expr","locations":[{"start":{"line":130,"column":10},"end":{"line":130,"column":71}},{"start":{"line":131,"column":10},"end":{"line":131,"column":67}}],"line":129},"20":{"loc":{"start":{"line":152,"column":18},"end":{"line":152,"column":80}},"type":"cond-expr","locations":[{"start":{"line":152,"column":39},"end":{"line":152,"column":74}},{"start":{"line":152,"column":77},"end":{"line":152,"column":80}}],"line":152},"21":{"loc":{"start":{"line":154,"column":18},"end":{"line":154,"column":98}},"type":"cond-expr","locations":[{"start":{"line":154,"column":39},"end":{"line":154,"column":54}},{"start":{"line":154,"column":57},"end":{"line":154,"column":98}}],"line":154},"22":{"loc":{"start":{"line":156,"column":23},"end":{"line":156,"column":61}},"type":"cond-expr","locations":[{"start":{"line":156,"column":34},"end":{"line":156,"column":45}},{"start":{"line":156,"column":48},"end":{"line":156,"column":61}}],"line":156},"23":{"loc":{"start":{"line":162,"column":18},"end":{"line":162,"column":98}},"type":"cond-expr","locations":[{"start":{"line":162,"column":39},"end":{"line":162,"column":54}},{"start":{"line":162,"column":57},"end":{"line":162,"column":98}}],"line":162}},"s":{"0":0,"1":0,"2":0,"3":0,"4":0,"5":0,"6":1,"7":0,"8":0,"9":0,"10":0,"11":0,"12":0,"13":1,"14":0,"15":0,"16":0,"17":0,"18":0,"19":0,"20":0,"21":0,"22":0,"23":0,"24":0,"25":0,"26":0,"27":0,"28":0,"29":0,"30":0,"31":0,"32":0,"33":0,"34":0,"35":0,"36":0,"37":0,"38":0,"39":0,"40":0,"41":0,"42":0,"43":0,"44":0,"45":0,"46":0,"47":0,"48":0,"49":0,"50":0,"51":0,"52":0,"53":0,"54":0,"55":0},"f":{"0":0,"1":0,"2":0,"3":0,"4":0,"5":0,"6":0,"7":0,"8":0,"9":0,"10":0,"11":0,"12":0,"13":0,"14":0},"b":{"0":[0,0],"1":[0,0],"2":[0,0],"3":[0,0,0],"4":[0,0,0,0,0,0,0],"5":[0],"6":[0],"7":[0],"8":[0],"9":[0],"10":[0,0],"11":[0,0],"12":[0,0],"13":[0,0],"14":[0,0],"15":[0,0],"16":[0,0,0],"17":[0,0],"18":[0,0],"19":[0,0],"20":[0,0],"21":[0,0],"22":[0,0],"23":[0,0]},"_coverageSchema":"1a1c01bbd47fc00a2c39e90264f33305004495a9","hash":"a281a1c78ccbfdefaefd2d5a341955b1873bdfad"}
,"C:\\Coding\\michi-vz\\src\\components\\shared\\YaxisBand.tsx": {"path":"C:\\Coding\\michi-vz\\src\\components\\shared\\YaxisBand.tsx","statementMap":{"0":{"start":{"line":13,"column":29},"end":{"line":90,"column":1}},"1":{"start":{"line":14,"column":14},"end":{"line":14,"column":39}},"2":{"start":{"line":15,"column":22},"end":{"line":15,"column":35}},"3":{"start":{"line":18,"column":24},"end":{"line":23,"column":27}},"4":{"start":{"line":19,"column":4},"end":{"line":22,"column":19}},"5":{"start":{"line":21,"column":24},"end":{"line":21,"column":56}},"6":{"start":{"line":26,"column":20},"end":{"line":28,"column":21}},"7":{"start":{"line":27,"column":4},"end":{"line":27,"column":46}},"8":{"start":{"line":30,"column":21},"end":{"line":75,"column":55}},"9":{"start":{"line":31,"column":4},"end":{"line":31,"column":29}},"10":{"start":{"line":31,"column":22},"end":{"line":31,"column":29}},"11":{"start":{"line":33,"column":14},"end":{"line":33,"column":36}},"12":{"start":{"line":36,"column":4},"end":{"line":36,"column":30}},"13":{"start":{"line":39,"column":4},"end":{"line":41,"column":27}},"14":{"start":{"line":44,"column":4},"end":{"line":44,"column":33}},"15":{"start":{"line":45,"column":4},"end":{"line":45,"column":39}},"16":{"start":{"line":48,"column":4},"end":{"line":48,"column":36}},"17":{"start":{"line":51,"column":4},"end":{"line":51,"column":39}},"18":{"start":{"line":54,"column":4},"end":{"line":63,"column":8}},"19":{"start":{"line":62,"column":13},"end":{"line":62,"column":108}},"20":{"start":{"line":66,"column":4},"end":{"line":74,"column":63}},"21":{"start":{"line":77,"column":2},"end":{"line":87,"column":19}},"22":{"start":{"line":78,"column":4},"end":{"line":85,"column":5}},"23":{"start":{"line":80,"column":6},"end":{"line":83,"column":7}},"24":{"start":{"line":81,"column":18},"end":{"line":81,"column":40}},"25":{"start":{"line":82,"column":8},"end":{"line":82,"column":94}},"26":{"start":{"line":84,"column":6},"end":{"line":84,"column":33}},"27":{"start":{"line":86,"column":4},"end":{"line":86,"column":17}},"28":{"start":{"line":89,"column":2},"end":{"line":89,"column":25}}},"fnMap":{"0":{"name":"(anonymous_0)","decl":{"start":{"line":13,"column":29},"end":{"line":13,"column":30}},"loc":{"start":{"line":13,"column":83},"end":{"line":90,"column":1}},"line":13},"1":{"name":"(anonymous_1)","decl":{"start":{"line":18,"column":32},"end":{"line":18,"column":33}},"loc":{"start":{"line":18,"column":38},"end":{"line":23,"column":3}},"line":18},"2":{"name":"(anonymous_2)","decl":{"start":{"line":21,"column":18},"end":{"line":21,"column":19}},"loc":{"start":{"line":21,"column":24},"end":{"line":21,"column":56}},"line":21},"3":{"name":"(anonymous_3)","decl":{"start":{"line":26,"column":28},"end":{"line":26,"column":29}},"loc":{"start":{"line":26,"column":34},"end":{"line":28,"column":3}},"line":26},"4":{"name":"(anonymous_4)","decl":{"start":{"line":30,"column":33},"end":{"line":30,"column":34}},"loc":{"start":{"line":30,"column":39},"end":{"line":75,"column":3}},"line":30},"5":{"name":"(anonymous_5)","decl":{"start":{"line":62,"column":8},"end":{"line":62,"column":9}},"loc":{"start":{"line":62,"column":13},"end":{"line":62,"column":108}},"line":62},"6":{"name":"(anonymous_6)","decl":{"start":{"line":77,"column":12},"end":{"line":77,"column":13}},"loc":{"start":{"line":77,"column":18},"end":{"line":87,"column":3}},"line":77}},"branchMap":{"0":{"loc":{"start":{"line":21,"column":24},"end":{"line":21,"column":56}},"type":"cond-expr","locations":[{"start":{"line":21,"column":38},"end":{"line":21,"column":52}},{"start":{"line":21,"column":55},"end":{"line":21,"column":56}}],"line":21},"1":{"loc":{"start":{"line":31,"column":4},"end":{"line":31,"column":29}},"type":"if","locations":[{"start":{"line":31,"column":4},"end":{"line":31,"column":29}},{"start":{},"end":{}}],"line":31},"2":{"loc":{"start":{"line":74,"column":23},"end":{"line":74,"column":61}},"type":"cond-expr","locations":[{"start":{"line":74,"column":34},"end":{"line":74,"column":45}},{"start":{"line":74,"column":48},"end":{"line":74,"column":61}}],"line":74},"3":{"loc":{"start":{"line":78,"column":4},"end":{"line":85,"column":5}},"type":"if","locations":[{"start":{"line":78,"column":4},"end":{"line":85,"column":5}},{"start":{},"end":{}}],"line":78},"4":{"loc":{"start":{"line":80,"column":6},"end":{"line":83,"column":7}},"type":"if","locations":[{"start":{"line":80,"column":6},"end":{"line":83,"column":7}},{"start":{},"end":{}}],"line":80}},"s":{"0":0,"1":0,"2":0,"3":0,"4":0,"5":0,"6":0,"7":0,"8":0,"9":0,"10":0,"11":0,"12":0,"13":0,"14":0,"15":0,"16":0,"17":0,"18":0,"19":0,"20":0,"21":0,"22":0,"23":0,"24":0,"25":0,"26":0,"27":0,"28":0},"f":{"0":0,"1":0,"2":0,"3":0,"4":0,"5":0,"6":0},"b":{"0":[0,0],"1":[0,0],"2":[0,0],"3":[0,0],"4":[0,0]}}
,"C:\\Coding\\michi-vz\\src\\components\\shared\\YaxisLinear.tsx": {"path":"C:\\Coding\\michi-vz\\src\\components\\shared\\YaxisLinear.tsx","statementMap":{"0":{"start":{"line":15,"column":31},"end":{"line":105,"column":1}},"1":{"start":{"line":24,"column":14},"end":{"line":24,"column":39}},"2":{"start":{"line":26,"column":22},"end":{"line":38,"column":38}},"3":{"start":{"line":27,"column":17},"end":{"line":31,"column":29}},"4":{"start":{"line":33,"column":4},"end":{"line":35,"column":5}},"5":{"start":{"line":34,"column":6},"end":{"line":34,"column":35}},"6":{"start":{"line":37,"column":4},"end":{"line":37,"column":16}},"7":{"start":{"line":41,"column":27},"end":{"line":41,"column":50}},"8":{"start":{"line":43,"column":2},"end":{"line":102,"column":70}},"9":{"start":{"line":44,"column":14},"end":{"line":44,"column":36}},"10":{"start":{"line":45,"column":32},"end":{"line":45,"column":47}},"11":{"start":{"line":46,"column":26},"end":{"line":46,"column":106}},"12":{"start":{"line":47,"column":4},"end":{"line":47,"column":51}},"13":{"start":{"line":50,"column":4},"end":{"line":58,"column":53}},"14":{"start":{"line":54,"column":17},"end":{"line":54,"column":62}},"15":{"start":{"line":55,"column":17},"end":{"line":55,"column":45}},"16":{"start":{"line":56,"column":17},"end":{"line":56,"column":68}},"17":{"start":{"line":57,"column":17},"end":{"line":57,"column":51}},"18":{"start":{"line":58,"column":17},"end":{"line":58,"column":51}},"19":{"start":{"line":61,"column":4},"end":{"line":61,"column":39}},"20":{"start":{"line":64,"column":4},"end":{"line":64,"column":77}},"21":{"start":{"line":67,"column":22},"end":{"line":77,"column":26}},"22":{"start":{"line":79,"column":4},"end":{"line":101,"column":5}},"23":{"start":{"line":80,"column":6},"end":{"line":91,"column":11}},"24":{"start":{"line":85,"column":10},"end":{"line":90,"column":11}},"25":{"start":{"line":86,"column":12},"end":{"line":89,"column":41}},"26":{"start":{"line":93,"column":6},"end":{"line":100,"column":9}},"27":{"start":{"line":94,"column":8},"end":{"line":99,"column":9}},"28":{"start":{"line":95,"column":10},"end":{"line":98,"column":39}},"29":{"start":{"line":104,"column":2},"end":{"line":104,"column":27}}},"fnMap":{"0":{"name":"(anonymous_0)","decl":{"start":{"line":15,"column":31},"end":{"line":15,"column":32}},"loc":{"start":{"line":23,"column":6},"end":{"line":105,"column":1}},"line":23},"1":{"name":"(anonymous_1)","decl":{"start":{"line":26,"column":30},"end":{"line":26,"column":31}},"loc":{"start":{"line":26,"column":36},"end":{"line":38,"column":3}},"line":26},"2":{"name":"(anonymous_2)","decl":{"start":{"line":43,"column":12},"end":{"line":43,"column":13}},"loc":{"start":{"line":43,"column":18},"end":{"line":102,"column":3}},"line":43},"3":{"name":"(anonymous_3)","decl":{"start":{"line":54,"column":12},"end":{"line":54,"column":13}},"loc":{"start":{"line":54,"column":17},"end":{"line":54,"column":62}},"line":54},"4":{"name":"(anonymous_4)","decl":{"start":{"line":55,"column":12},"end":{"line":55,"column":13}},"loc":{"start":{"line":55,"column":17},"end":{"line":55,"column":45}},"line":55},"5":{"name":"(anonymous_5)","decl":{"start":{"line":56,"column":12},"end":{"line":56,"column":13}},"loc":{"start":{"line":56,"column":17},"end":{"line":56,"column":68}},"line":56},"6":{"name":"(anonymous_6)","decl":{"start":{"line":57,"column":12},"end":{"line":57,"column":13}},"loc":{"start":{"line":57,"column":17},"end":{"line":57,"column":51}},"line":57},"7":{"name":"(anonymous_7)","decl":{"start":{"line":58,"column":12},"end":{"line":58,"column":13}},"loc":{"start":{"line":58,"column":17},"end":{"line":58,"column":51}},"line":58},"8":{"name":"(anonymous_8)","decl":{"start":{"line":84,"column":14},"end":{"line":84,"column":15}},"loc":{"start":{"line":84,"column":27},"end":{"line":91,"column":9}},"line":84},"9":{"name":"(anonymous_9)","decl":{"start":{"line":93,"column":68},"end":{"line":93,"column":69}},"loc":{"start":{"line":93,"column":81},"end":{"line":100,"column":7}},"line":93}},"branchMap":{"0":{"loc":{"start":{"line":19,"column":2},"end":{"line":19,"column":26}},"type":"default-arg","locations":[{"start":{"line":19,"column":22},"end":{"line":19,"column":26}}],"line":19},"1":{"loc":{"start":{"line":31,"column":13},"end":{"line":31,"column":28}},"type":"binary-expr","locations":[{"start":{"line":31,"column":13},"end":{"line":31,"column":22}},{"start":{"line":31,"column":26},"end":{"line":31,"column":28}}],"line":31},"2":{"loc":{"start":{"line":33,"column":4},"end":{"line":35,"column":5}},"type":"if","locations":[{"start":{"line":33,"column":4},"end":{"line":35,"column":5}},{"start":{},"end":{}}],"line":33},"3":{"loc":{"start":{"line":52,"column":38},"end":{"line":52,"column":71}},"type":"cond-expr","locations":[{"start":{"line":52,"column":56},"end":{"line":52,"column":67}},{"start":{"line":52,"column":70},"end":{"line":52,"column":71}}],"line":52},"4":{"loc":{"start":{"line":79,"column":4},"end":{"line":101,"column":5}},"type":"if","locations":[{"start":{"line":79,"column":4},"end":{"line":101,"column":5}},{"start":{"line":92,"column":11},"end":{"line":101,"column":5}}],"line":79},"5":{"loc":{"start":{"line":85,"column":10},"end":{"line":90,"column":11}},"type":"if","locations":[{"start":{"line":85,"column":10},"end":{"line":90,"column":11}},{"start":{},"end":{}}],"line":85},"6":{"loc":{"start":{"line":88,"column":30},"end":{"line":88,"column":70}},"type":"cond-expr","locations":[{"start":{"line":88,"column":50},"end":{"line":88,"column":56}},{"start":{"line":88,"column":59},"end":{"line":88,"column":70}}],"line":88},"7":{"loc":{"start":{"line":94,"column":8},"end":{"line":99,"column":9}},"type":"if","locations":[{"start":{"line":94,"column":8},"end":{"line":99,"column":9}},{"start":{},"end":{}}],"line":94},"8":{"loc":{"start":{"line":97,"column":28},"end":{"line":97,"column":68}},"type":"cond-expr","locations":[{"start":{"line":97,"column":48},"end":{"line":97,"column":54}},{"start":{"line":97,"column":57},"end":{"line":97,"column":68}}],"line":97}},"s":{"0":2,"1":2,"2":2,"3":2,"4":2,"5":0,"6":2,"7":2,"8":2,"9":2,"10":2,"11":2,"12":2,"13":2,"14":2,"15":2,"16":2,"17":2,"18":2,"19":2,"20":2,"21":2,"22":2,"23":0,"24":0,"25":0,"26":2,"27":22,"28":2,"29":2},"f":{"0":2,"1":2,"2":2,"3":2,"4":2,"5":2,"6":2,"7":2,"8":0,"9":22},"b":{"0":[0],"1":[2,2],"2":[0,2],"3":[2,0],"4":[0,2],"5":[0,0],"6":[0,0],"7":[2,20],"8":[2,0]},"_coverageSchema":"1a1c01bbd47fc00a2c39e90264f33305004495a9","hash":"e22b20c0dbfebeabd3e52caf8afbfdfe5fd45cc2"}
,"C:\\Coding\\michi-vz\\src\\components\\shared\\helpers.ts": {"path":"C:\\Coding\\michi-vz\\src\\components\\shared\\helpers.ts","statementMap":{"0":{"start":{"line":9,"column":34},"end":{"line":16,"column":1}},"1":{"start":{"line":15,"column":2},"end":{"line":15,"column":84}}},"fnMap":{"0":{"name":"(anonymous_0)","decl":{"start":{"line":9,"column":34},"end":{"line":9,"column":35}},"loc":{"start":{"line":14,"column":5},"end":{"line":16,"column":1}},"line":14}},"branchMap":{},"s":{"0":0,"1":0},"f":{"0":0},"b":{}}
}
