TN:
SF:src\components\AreaChart.tsx
FN:56,(anonymous_0)
FN:83,(anonymous_1)
FN:87,(anonymous_2)
FN:87,(anonymous_3)
FN:94,(anonymous_4)
FN:96,(anonymous_5)
FN:106,(anonymous_6)
FN:113,(anonymous_7)
FN:116,(anonymous_8)
FN:117,(anonymous_9)
FN:125,(anonymous_10)
FN:135,(anonymous_11)
FN:139,(anonymous_12)
FN:140,(anonymous_13)
FN:151,(anonymous_14)
FN:152,(anonymous_15)
FN:159,(anonymous_16)
FN:160,(anonymous_17)
FN:163,(anonymous_18)
FN:182,(anonymous_19)
FN:186,(anonymous_20)
FN:191,(anonymous_21)
FN:191,(anonymous_22)
FN:194,(anonymous_23)
FN:206,(anonymous_24)
FN:207,(anonymous_25)
FN:208,(anonymous_26)
FN:216,(anonymous_27)
FN:265,(anonymous_28)
FN:294,(anonymous_29)
FN:305,(anonymous_30)
FN:309,(anonymous_31)
FN:319,(anonymous_32)
FN:339,(anonymous_33)
FN:353,(anonymous_34)
FNF:35
FNH:0
FNDA:0,(anonymous_0)
FNDA:0,(anonymous_1)
FNDA:0,(anonymous_2)
FNDA:0,(anonymous_3)
FNDA:0,(anonymous_4)
FNDA:0,(anonymous_5)
FNDA:0,(anonymous_6)
FNDA:0,(anonymous_7)
FNDA:0,(anonymous_8)
FNDA:0,(anonymous_9)
FNDA:0,(anonymous_10)
FNDA:0,(anonymous_11)
FNDA:0,(anonymous_12)
FNDA:0,(anonymous_13)
FNDA:0,(anonymous_14)
FNDA:0,(anonymous_15)
FNDA:0,(anonymous_16)
FNDA:0,(anonymous_17)
FNDA:0,(anonymous_18)
FNDA:0,(anonymous_19)
FNDA:0,(anonymous_20)
FNDA:0,(anonymous_21)
FNDA:0,(anonymous_22)
FNDA:0,(anonymous_23)
FNDA:0,(anonymous_24)
FNDA:0,(anonymous_25)
FNDA:0,(anonymous_26)
FNDA:0,(anonymous_27)
FNDA:0,(anonymous_28)
FNDA:0,(anonymous_29)
FNDA:0,(anonymous_30)
FNDA:0,(anonymous_31)
FNDA:0,(anonymous_32)
FNDA:0,(anonymous_33)
FNDA:0,(anonymous_34)
DA:52,0
DA:53,0
DA:54,0
DA:56,0
DA:77,0
DA:78,0
DA:79,0
DA:80,0
DA:81,0
DA:83,0
DA:84,0
DA:85,0
DA:87,0
DA:93,0
DA:94,0
DA:96,0
DA:98,0
DA:106,0
DA:107,0
DA:108,0
DA:111,0
DA:114,0
DA:116,0
DA:117,0
DA:121,0
DA:124,0
DA:126,0
DA:135,0
DA:136,0
DA:139,0
DA:140,0
DA:141,0
DA:149,0
DA:151,0
DA:153,0
DA:154,0
DA:156,0
DA:159,0
DA:160,0
DA:163,0
DA:164,0
DA:165,0
DA:168,0
DA:175,0
DA:182,0
DA:183,0
DA:186,0
DA:187,0
DA:190,0
DA:191,0
DA:194,0
DA:199,0
DA:204,0
DA:205,0
DA:206,0
DA:207,0
DA:208,0
DA:209,0
DA:213,0
DA:216,0
DA:225,0
DA:236,0
DA:239,0
DA:240,0
DA:245,0
DA:267,0
DA:268,0
DA:269,0
DA:270,0
DA:295,0
DA:306,0
DA:307,0
DA:311,0
DA:312,0
DA:313,0
DA:314,0
DA:320,0
DA:340,0
DA:341,0
DA:342,0
DA:345,0
DA:346,0
DA:347,0
DA:348,0
DA:349,0
DA:355,0
DA:356,0
DA:361,0
DA:362,0
DA:363,0
LF:90
LH:0
BRDA:58,0,0,0
BRDA:59,1,0,0
BRDA:60,2,0,0
BRDA:65,3,0,0
BRDA:66,4,0,0
BRDA:67,5,0,0
BRDA:69,6,0,0
BRDA:84,7,0,0
BRDA:84,7,1,0
BRDA:87,8,0,0
BRDA:87,8,1,0
BRDA:87,9,0,0
BRDA:87,9,1,0
BRDA:94,10,0,0
BRDA:94,10,1,0
BRDA:100,11,0,0
BRDA:100,11,1,0
BRDA:100,12,0,0
BRDA:100,12,1,0
BRDA:107,13,0,0
BRDA:107,13,1,0
BRDA:114,14,0,0
BRDA:114,14,1,0
BRDA:117,15,0,0
BRDA:117,15,1,0
BRDA:117,16,0,0
BRDA:117,16,1,0
BRDA:153,17,0,0
BRDA:153,17,1,0
BRDA:159,18,0,0
BRDA:159,18,1,0
BRDA:160,19,0,0
BRDA:160,19,1,0
BRDA:164,20,0,0
BRDA:164,20,1,0
BRDA:171,21,0,0
BRDA:171,21,1,0
BRDA:187,22,0,0
BRDA:187,22,1,0
BRDA:187,23,0,0
BRDA:187,23,1,0
BRDA:190,24,0,0
BRDA:190,24,1,0
BRDA:191,25,0,0
BRDA:191,25,1,0
BRDA:191,26,0,0
BRDA:191,26,1,0
BRDA:199,27,0,0
BRDA:199,27,1,0
BRDA:199,28,0,0
BRDA:199,28,1,0
BRDA:201,29,0,0
BRDA:201,29,1,0
BRDA:205,30,0,0
BRDA:205,30,1,0
BRDA:207,31,0,0
BRDA:207,31,1,0
BRDA:208,32,0,0
BRDA:208,32,1,0
BRDA:209,33,0,0
BRDA:209,33,1,0
BRDA:225,34,0,0
BRDA:225,34,1,0
BRDA:225,34,2,0
BRDA:225,34,3,0
BRDA:225,34,4,0
BRDA:239,35,0,0
BRDA:239,35,1,0
BRDA:268,36,0,0
BRDA:268,36,1,0
BRDA:268,37,0,0
BRDA:268,37,1,0
BRDA:302,38,0,0
BRDA:302,38,1,0
BRDA:302,39,0,0
BRDA:302,39,1,0
BRDA:312,40,0,0
BRDA:312,40,1,0
BRDA:312,41,0,0
BRDA:312,41,1,0
BRDA:325,42,0,0
BRDA:325,42,1,0
BRDA:330,43,0,0
BRDA:330,43,1,0
BRDA:336,44,0,0
BRDA:336,44,1,0
BRDA:336,45,0,0
BRDA:336,45,1,0
BRDA:338,46,0,0
BRDA:338,46,1,0
BRDA:356,47,0,0
BRDA:356,47,1,0
BRDA:357,48,0,0
BRDA:357,48,1,0
BRDA:357,48,2,0
BRDA:368,49,0,0
BRDA:368,49,1,0
BRDA:383,50,0,0
BRDA:383,50,1,0
BRDA:383,50,2,0
BRDA:384,51,0,0
BRDA:384,51,1,0
BRDA:384,51,2,0
BRDA:385,52,0,0
BRDA:385,52,1,0
BRF:105
BRH:0
end_of_record
TN:
SF:src\components\BarBellChart.tsx
FN:46,(anonymous_0)
FN:73,(anonymous_1)
FN:77,(anonymous_2)
FN:103,(anonymous_3)
FN:111,(anonymous_4)
FN:111,(anonymous_5)
FN:115,(anonymous_6)
FN:122,(anonymous_7)
FN:140,(anonymous_8)
FN:145,(anonymous_9)
FN:154,(anonymous_10)
FN:166,(anonymous_11)
FN:168,(anonymous_12)
FN:174,(anonymous_13)
FN:185,(anonymous_14)
FN:190,(anonymous_15)
FN:215,(anonymous_16)
FN:219,(anonymous_17)
FN:251,(anonymous_18)
FN:257,(anonymous_19)
FN:258,(anonymous_20)
FN:290,(anonymous_21)
FN:294,(anonymous_22)
FN:317,(anonymous_23)
FN:321,(anonymous_24)
FNF:25
FNH:0
FNDA:0,(anonymous_0)
FNDA:0,(anonymous_1)
FNDA:0,(anonymous_2)
FNDA:0,(anonymous_3)
FNDA:0,(anonymous_4)
FNDA:0,(anonymous_5)
FNDA:0,(anonymous_6)
FNDA:0,(anonymous_7)
FNDA:0,(anonymous_8)
FNDA:0,(anonymous_9)
FNDA:0,(anonymous_10)
FNDA:0,(anonymous_11)
FNDA:0,(anonymous_12)
FNDA:0,(anonymous_13)
FNDA:0,(anonymous_14)
FNDA:0,(anonymous_15)
FNDA:0,(anonymous_16)
FNDA:0,(anonymous_17)
FNDA:0,(anonymous_18)
FNDA:0,(anonymous_19)
FNDA:0,(anonymous_20)
FNDA:0,(anonymous_21)
FNDA:0,(anonymous_22)
FNDA:0,(anonymous_23)
FNDA:0,(anonymous_24)
DA:46,0
DA:67,0
DA:68,0
DA:69,0
DA:70,0
DA:71,0
DA:73,0
DA:74,0
DA:77,0
DA:83,0
DA:84,0
DA:85,0
DA:87,0
DA:88,0
DA:90,0
DA:92,0
DA:94,0
DA:95,0
DA:96,0
DA:97,0
DA:98,0
DA:99,0
DA:103,0
DA:104,0
DA:105,0
DA:106,0
DA:107,0
DA:111,0
DA:113,0
DA:116,0
DA:122,0
DA:123,0
DA:124,0
DA:125,0
DA:126,0
DA:129,0
DA:132,0
DA:134,0
DA:140,0
DA:141,0
DA:142,0
DA:143,0
DA:144,0
DA:145,0
DA:146,0
DA:149,0
DA:150,0
DA:154,0
DA:155,0
DA:156,0
DA:159,0
DA:166,0
DA:168,0
DA:171,0
DA:172,0
DA:175,0
DA:176,0
DA:177,0
DA:182,0
DA:185,0
DA:186,0
DA:187,0
DA:190,0
DA:199,0
DA:210,0
DA:212,0
DA:215,0
DA:216,0
DA:219,0
DA:224,0
DA:252,0
DA:254,0
DA:257,0
DA:259,0
DA:260,0
DA:261,0
DA:263,0
DA:273,0
DA:274,0
DA:291,0
DA:292,0
DA:295,0
DA:296,0
DA:318,0
DA:319,0
DA:322,0
DA:323,0
LF:87
LH:0
BRDA:47,0,0,0
BRDA:48,1,0,0
BRDA:49,2,0,0
BRDA:50,3,0,0
BRDA:51,4,0,0
BRDA:61,5,0,0
BRDA:62,6,0,0
BRDA:87,7,0,0
BRDA:87,7,1,0
BRDA:94,8,0,0
BRDA:94,8,1,0
BRDA:105,9,0,0
BRDA:105,9,1,0
BRDA:125,10,0,0
BRDA:125,10,1,0
BRDA:125,11,0,0
BRDA:125,11,1,0
BRDA:126,12,0,0
BRDA:126,12,1,0
BRDA:132,13,0,0
BRDA:132,13,1,0
BRDA:142,14,0,0
BRDA:142,14,1,0
BRDA:171,15,0,0
BRDA:171,15,1,0
BRDA:175,16,0,0
BRDA:175,16,1,0
BRDA:176,17,0,0
BRDA:176,17,1,0
BRDA:177,18,0,0
BRDA:177,18,1,0
BRDA:186,19,0,0
BRDA:186,19,1,0
BRDA:186,20,0,0
BRDA:186,20,1,0
BRDA:199,21,0,0
BRDA:199,21,1,0
BRDA:199,21,2,0
BRDA:199,21,3,0
BRDA:199,21,4,0
BRDA:210,22,0,0
BRDA:210,22,1,0
BRDA:226,23,0,0
BRDA:226,23,1,0
BRDA:226,23,2,0
BRDA:227,24,0,0
BRDA:227,24,1,0
BRDA:227,24,2,0
BRDA:228,25,0,0
BRDA:228,25,1,0
BRDA:239,26,0,0
BRDA:239,26,1,0
BRDA:247,27,0,0
BRDA:247,27,1,0
BRDA:266,28,0,0
BRDA:266,28,1,0
BRDA:276,29,0,0
BRDA:276,29,1,0
BRDA:282,30,0,0
BRDA:282,30,1,0
BRDA:288,31,0,0
BRDA:288,31,1,0
BRDA:301,32,0,0
BRDA:301,32,1,0
BRDA:307,33,0,0
BRDA:307,33,1,0
BRDA:315,34,0,0
BRDA:315,34,1,0
BRF:68
BRH:0
end_of_record
TN:
SF:src\components\ComparableHorizontalBarChart.tsx
FN:67,(anonymous_0)
FN:101,(anonymous_1)
FN:105,(anonymous_2)
FN:115,(anonymous_3)
FN:115,(anonymous_4)
FN:115,(anonymous_5)
FN:120,(anonymous_6)
FN:123,(anonymous_7)
FN:124,(anonymous_8)
FN:131,(anonymous_9)
FN:150,(anonymous_10)
FN:160,(anonymous_11)
FN:176,(anonymous_12)
FN:184,(anonymous_13)
FN:198,(anonymous_14)
FN:203,(anonymous_15)
FN:209,(anonymous_16)
FN:214,(anonymous_17)
FN:217,(anonymous_18)
FN:231,(anonymous_19)
FN:234,(anonymous_20)
FN:239,(anonymous_21)
FN:256,(anonymous_22)
FN:271,(anonymous_23)
FN:285,(anonymous_24)
FN:303,(anonymous_25)
FN:319,(anonymous_26)
FN:345,(anonymous_27)
FN:350,(anonymous_28)
FN:359,(anonymous_29)
FN:360,(anonymous_30)
FN:385,(anonymous_31)
FN:389,(anonymous_32)
FN:401,(anonymous_33)
FNF:34
FNH:0
FNDA:0,(anonymous_0)
FNDA:0,(anonymous_1)
FNDA:0,(anonymous_2)
FNDA:0,(anonymous_3)
FNDA:0,(anonymous_4)
FNDA:0,(anonymous_5)
FNDA:0,(anonymous_6)
FNDA:0,(anonymous_7)
FNDA:0,(anonymous_8)
FNDA:0,(anonymous_9)
FNDA:0,(anonymous_10)
FNDA:0,(anonymous_11)
FNDA:0,(anonymous_12)
FNDA:0,(anonymous_13)
FNDA:0,(anonymous_14)
FNDA:0,(anonymous_15)
FNDA:0,(anonymous_16)
FNDA:0,(anonymous_17)
FNDA:0,(anonymous_18)
FNDA:0,(anonymous_19)
FNDA:0,(anonymous_20)
FNDA:0,(anonymous_21)
FNDA:0,(anonymous_22)
FNDA:0,(anonymous_23)
FNDA:0,(anonymous_24)
FNDA:0,(anonymous_25)
FNDA:0,(anonymous_26)
FNDA:0,(anonymous_27)
FNDA:0,(anonymous_28)
FNDA:0,(anonymous_29)
FNDA:0,(anonymous_30)
FNDA:0,(anonymous_31)
FNDA:0,(anonymous_32)
FNDA:0,(anonymous_33)
DA:18,0
DA:25,0
DA:26,0
DA:27,0
DA:67,0
DA:87,0
DA:94,0
DA:95,0
DA:96,0
DA:98,0
DA:101,0
DA:102,0
DA:103,0
DA:106,0
DA:107,0
DA:108,0
DA:114,0
DA:115,0
DA:120,0
DA:121,0
DA:122,0
DA:123,0
DA:124,0
DA:127,0
DA:131,0
DA:132,0
DA:133,0
DA:134,0
DA:135,0
DA:136,0
DA:138,0
DA:139,0
DA:141,0
DA:142,0
DA:143,0
DA:144,0
DA:149,0
DA:151,0
DA:159,0
DA:161,0
DA:176,0
DA:177,0
DA:183,0
DA:185,0
DA:186,0
DA:187,0
DA:198,0
DA:199,0
DA:202,0
DA:204,0
DA:209,0
DA:210,0
DA:214,0
DA:215,0
DA:216,0
DA:217,0
DA:218,0
DA:223,0
DA:231,0
DA:232,0
DA:233,0
DA:235,0
DA:240,0
DA:241,0
DA:242,0
DA:243,0
DA:245,0
DA:246,0
DA:248,0
DA:256,0
DA:271,0
DA:285,0
DA:303,0
DA:319,0
DA:345,0
DA:346,0
DA:350,0
DA:351,0
DA:353,0
DA:355,0
DA:359,0
DA:360,0
DA:369,0
DA:380,0
DA:382,0
DA:385,0
DA:386,0
DA:389,0
DA:394,0
DA:402,0
DA:403,0
DA:404,0
LF:92
LH:0
BRDA:71,0,0,0
BRDA:72,1,0,0
BRDA:73,2,0,0
BRDA:76,3,0,0
BRDA:77,4,0,0
BRDA:80,5,0,0
BRDA:102,6,0,0
BRDA:102,6,1,0
BRDA:108,7,0,0
BRDA:108,7,1,0
BRDA:121,8,0,0
BRDA:121,8,1,0
BRDA:132,9,0,0
BRDA:132,9,1,0
BRDA:133,10,0,0
BRDA:133,10,1,0
BRDA:138,11,0,0
BRDA:138,11,1,0
BRDA:141,12,0,0
BRDA:141,12,1,0
BRDA:161,13,0,0
BRDA:161,13,1,0
BRDA:185,14,0,0
BRDA:185,14,1,0
BRDA:215,15,0,0
BRDA:215,15,1,0
BRDA:235,16,0,0
BRDA:235,16,1,0
BRDA:237,17,0,0
BRDA:237,17,1,0
BRDA:245,18,0,0
BRDA:245,18,1,0
BRDA:254,19,0,0
BRDA:254,19,1,0
BRDA:254,20,0,0
BRDA:254,20,1,0
BRDA:259,21,0,0
BRDA:259,21,1,0
BRDA:267,22,0,0
BRDA:267,22,1,0
BRDA:282,23,0,0
BRDA:282,23,1,0
BRDA:300,24,0,0
BRDA:300,24,1,0
BRDA:315,25,0,0
BRDA:315,25,1,0
BRDA:351,26,0,0
BRDA:351,26,1,0
BRDA:351,27,0,0
BRDA:351,27,1,0
BRDA:359,28,0,0
BRDA:359,28,1,0
BRDA:369,29,0,0
BRDA:369,29,1,0
BRDA:369,29,2,0
BRDA:369,29,3,0
BRDA:369,29,4,0
BRDA:380,30,0,0
BRDA:380,30,1,0
BRDA:421,31,0,0
BRDA:421,31,1,0
BRDA:433,32,0,0
BRDA:433,32,1,0
BRDA:439,33,0,0
BRDA:439,33,1,0
BRDA:442,34,0,0
BRDA:442,34,1,0
BRDA:442,34,2,0
BRDA:443,35,0,0
BRDA:443,35,1,0
BRDA:443,35,2,0
BRDA:444,36,0,0
BRDA:444,36,1,0
BRF:73
BRH:0
end_of_record
TN:
SF:src\components\DualHorizontalBarChart.tsx
FN:61,(anonymous_0)
FN:97,(anonymous_1)
FN:102,(anonymous_2)
FN:104,(anonymous_3)
FN:110,(anonymous_4)
FN:122,(anonymous_5)
FN:122,(anonymous_6)
FN:122,(anonymous_7)
FN:125,(anonymous_8)
FN:127,(anonymous_9)
FN:128,(anonymous_10)
FN:164,(anonymous_11)
FN:168,(anonymous_12)
FN:176,(anonymous_13)
FN:180,(anonymous_14)
FN:182,(anonymous_15)
FN:197,(anonymous_16)
FN:230,(anonymous_17)
FN:234,(anonymous_18)
FN:246,(anonymous_19)
FN:272,(anonymous_20)
FN:273,(anonymous_21)
FN:286,(anonymous_22)
FN:287,(anonymous_23)
FN:298,(anonymous_24)
FN:311,(anonymous_25)
FN:326,(anonymous_26)
FNF:27
FNH:0
FNDA:0,(anonymous_0)
FNDA:0,(anonymous_1)
FNDA:0,(anonymous_2)
FNDA:0,(anonymous_3)
FNDA:0,(anonymous_4)
FNDA:0,(anonymous_5)
FNDA:0,(anonymous_6)
FNDA:0,(anonymous_7)
FNDA:0,(anonymous_8)
FNDA:0,(anonymous_9)
FNDA:0,(anonymous_10)
FNDA:0,(anonymous_11)
FNDA:0,(anonymous_12)
FNDA:0,(anonymous_13)
FNDA:0,(anonymous_14)
FNDA:0,(anonymous_15)
FNDA:0,(anonymous_16)
FNDA:0,(anonymous_17)
FNDA:0,(anonymous_18)
FNDA:0,(anonymous_19)
FNDA:0,(anonymous_20)
FNDA:0,(anonymous_21)
FNDA:0,(anonymous_22)
FNDA:0,(anonymous_23)
FNDA:0,(anonymous_24)
FNDA:0,(anonymous_25)
FNDA:0,(anonymous_26)
DA:18,0
DA:19,0
DA:20,0
DA:61,0
DA:80,0
DA:92,0
DA:93,0
DA:94,0
DA:95,0
DA:97,0
DA:98,0
DA:102,0
DA:104,0
DA:107,0
DA:108,0
DA:111,0
DA:112,0
DA:113,0
DA:118,0
DA:121,0
DA:122,0
DA:125,0
DA:126,0
DA:127,0
DA:128,0
DA:131,0
DA:132,0
DA:135,0
DA:136,0
DA:142,0
DA:145,0
DA:150,0
DA:157,0
DA:164,0
DA:165,0
DA:166,0
DA:168,0
DA:176,0
DA:177,0
DA:180,0
DA:181,0
DA:182,0
DA:183,0
DA:189,0
DA:197,0
DA:198,0
DA:200,0
DA:202,0
DA:214,0
DA:225,0
DA:227,0
DA:230,0
DA:231,0
DA:234,0
DA:239,0
DA:247,0
DA:248,0
DA:249,0
DA:272,0
DA:274,0
DA:275,0
DA:276,0
DA:277,0
DA:278,0
DA:286,0
DA:287,0
DA:298,0
DA:311,0
DA:326,0
LF:69
LH:0
BRDA:65,0,0,0
BRDA:66,1,0,0
BRDA:67,2,0,0
BRDA:70,3,0,0
BRDA:73,4,0,0
BRDA:107,5,0,0
BRDA:107,5,1,0
BRDA:111,6,0,0
BRDA:111,6,1,0
BRDA:112,7,0,0
BRDA:112,7,1,0
BRDA:113,8,0,0
BRDA:113,8,1,0
BRDA:131,9,0,0
BRDA:131,9,1,0
BRDA:135,10,0,0
BRDA:135,10,1,0
BRDA:135,11,0,0
BRDA:135,11,1,0
BRDA:165,12,0,0
BRDA:165,12,1,0
BRDA:198,13,0,0
BRDA:198,13,1,0
BRDA:198,14,0,0
BRDA:198,14,1,0
BRDA:214,15,0,0
BRDA:214,15,1,0
BRDA:214,15,2,0
BRDA:214,15,3,0
BRDA:214,15,4,0
BRDA:225,16,0,0
BRDA:225,16,1,0
BRDA:276,17,0,0
BRDA:276,17,1,0
BRDA:284,18,0,0
BRDA:284,18,1,0
BRDA:284,19,0,0
BRDA:284,19,1,0
BRDA:315,20,0,0
BRDA:315,20,1,0
BRDA:315,20,2,0
BRDA:344,21,0,0
BRDA:344,21,1,0
BRDA:355,22,0,0
BRDA:355,22,1,0
BRDA:360,23,0,0
BRDA:360,23,1,0
BRDA:363,24,0,0
BRDA:363,24,1,0
BRDA:363,24,2,0
BRDA:364,25,0,0
BRDA:364,25,1,0
BRDA:364,25,2,0
BRDA:365,26,0,0
BRDA:365,26,1,0
BRF:55
BRH:0
end_of_record
TN:
SF:src\components\LineChart.tsx
FN:107,(anonymous_0)
FN:109,(anonymous_1)
FN:112,(anonymous_2)
FN:116,(anonymous_3)
FN:127,(anonymous_4)
FN:144,(anonymous_5)
FN:146,(anonymous_6)
FN:151,(anonymous_7)
FN:152,(anonymous_8)
FN:155,(anonymous_9)
FN:156,(anonymous_10)
FN:157,(anonymous_11)
FN:166,(anonymous_12)
FN:168,(anonymous_13)
FN:173,(anonymous_14)
FN:181,(anonymous_15)
FN:181,(anonymous_16)
FN:182,(anonymous_17)
FN:185,(anonymous_18)
FN:185,(anonymous_19)
FN:186,(anonymous_20)
FN:196,(anonymous_21)
FN:201,(anonymous_22)
FN:201,(anonymous_23)
FN:202,(anonymous_24)
FN:202,(anonymous_25)
FN:212,(anonymous_26)
FN:212,(anonymous_27)
FN:215,(anonymous_28)
FN:215,(anonymous_29)
FN:224,(anonymous_30)
FN:224,(anonymous_31)
FN:225,(anonymous_32)
FN:225,(anonymous_33)
FN:233,(anonymous_34)
FN:235,(anonymous_35)
FN:239,(anonymous_36)
FN:243,(anonymous_37)
FN:255,(anonymous_38)
FN:256,(anonymous_39)
FN:262,(anonymous_40)
FN:295,(anonymous_41)
FN:298,(anonymous_42)
FN:299,(anonymous_43)
FN:306,(anonymous_44)
FN:307,(anonymous_45)
FN:315,(anonymous_46)
FN:323,(anonymous_47)
FN:331,(anonymous_48)
FN:341,(anonymous_49)
FN:346,(anonymous_50)
FN:356,(anonymous_51)
FN:367,(anonymous_52)
FN:373,(anonymous_53)
FN:389,(anonymous_54)
FN:395,(anonymous_55)
FN:410,(anonymous_56)
FN:421,(anonymous_57)
FN:451,(anonymous_58)
FN:471,(anonymous_59)
FN:473,(anonymous_60)
FN:483,(anonymous_61)
FN:491,(anonymous_62)
FN:505,(anonymous_63)
FN:514,(anonymous_64)
FN:526,(anonymous_65)
FN:534,(anonymous_66)
FN:564,(anonymous_67)
FN:579,(anonymous_68)
FN:603,(anonymous_69)
FN:618,(anonymous_70)
FN:622,(anonymous_71)
FN:625,(anonymous_72)
FN:626,(anonymous_73)
FN:633,(anonymous_74)
FN:635,(anonymous_75)
FN:636,(anonymous_76)
FN:637,(anonymous_77)
FN:639,(anonymous_78)
FN:641,(anonymous_79)
FN:655,(anonymous_80)
FN:657,(anonymous_81)
FN:660,(anonymous_82)
FN:706,(anonymous_83)
FNF:84
FNH:13
FNDA:2,(anonymous_0)
FNDA:0,(anonymous_1)
FNDA:0,(anonymous_2)
FNDA:1,(anonymous_3)
FNDA:0,(anonymous_4)
FNDA:1,(anonymous_5)
FNDA:0,(anonymous_6)
FNDA:0,(anonymous_7)
FNDA:0,(anonymous_8)
FNDA:0,(anonymous_9)
FNDA:0,(anonymous_10)
FNDA:0,(anonymous_11)
FNDA:0,(anonymous_12)
FNDA:0,(anonymous_13)
FNDA:1,(anonymous_14)
FNDA:0,(anonymous_15)
FNDA:0,(anonymous_16)
FNDA:0,(anonymous_17)
FNDA:0,(anonymous_18)
FNDA:0,(anonymous_19)
FNDA:0,(anonymous_20)
FNDA:1,(anonymous_21)
FNDA:0,(anonymous_22)
FNDA:0,(anonymous_23)
FNDA:0,(anonymous_24)
FNDA:0,(anonymous_25)
FNDA:0,(anonymous_26)
FNDA:0,(anonymous_27)
FNDA:0,(anonymous_28)
FNDA:0,(anonymous_29)
FNDA:0,(anonymous_30)
FNDA:0,(anonymous_31)
FNDA:0,(anonymous_32)
FNDA:0,(anonymous_33)
FNDA:0,(anonymous_34)
FNDA:0,(anonymous_35)
FNDA:0,(anonymous_36)
FNDA:0,(anonymous_37)
FNDA:1,(anonymous_38)
FNDA:0,(anonymous_39)
FNDA:0,(anonymous_40)
FNDA:0,(anonymous_41)
FNDA:0,(anonymous_42)
FNDA:0,(anonymous_43)
FNDA:1,(anonymous_44)
FNDA:0,(anonymous_45)
FNDA:1,(anonymous_46)
FNDA:0,(anonymous_47)
FNDA:0,(anonymous_48)
FNDA:0,(anonymous_49)
FNDA:0,(anonymous_50)
FNDA:0,(anonymous_51)
FNDA:0,(anonymous_52)
FNDA:0,(anonymous_53)
FNDA:0,(anonymous_54)
FNDA:0,(anonymous_55)
FNDA:0,(anonymous_56)
FNDA:0,(anonymous_57)
FNDA:0,(anonymous_58)
FNDA:1,(anonymous_59)
FNDA:0,(anonymous_60)
FNDA:1,(anonymous_61)
FNDA:0,(anonymous_62)
FNDA:0,(anonymous_63)
FNDA:0,(anonymous_64)
FNDA:0,(anonymous_65)
FNDA:0,(anonymous_66)
FNDA:0,(anonymous_67)
FNDA:1,(anonymous_68)
FNDA:0,(anonymous_69)
FNDA:1,(anonymous_70)
FNDA:1,(anonymous_71)
FNDA:0,(anonymous_72)
FNDA:0,(anonymous_73)
FNDA:0,(anonymous_74)
FNDA:0,(anonymous_75)
FNDA:0,(anonymous_76)
FNDA:0,(anonymous_77)
FNDA:0,(anonymous_78)
FNDA:0,(anonymous_79)
FNDA:0,(anonymous_80)
FNDA:0,(anonymous_81)
FNDA:0,(anonymous_82)
FNDA:0,(anonymous_83)
DA:22,1
DA:23,1
DA:24,1
DA:25,1
DA:26,1
DA:28,1
DA:107,1
DA:109,2
DA:110,0
DA:111,0
DA:112,0
DA:116,1
DA:127,0
DA:138,1
DA:139,1
DA:140,1
DA:141,1
DA:142,1
DA:144,1
DA:146,1
DA:149,1
DA:150,0
DA:152,0
DA:153,0
DA:156,0
DA:157,0
DA:158,0
DA:159,0
DA:160,0
DA:166,1
DA:168,0
DA:172,1
DA:174,1
DA:181,0
DA:182,0
DA:185,0
DA:186,0
DA:196,1
DA:197,1
DA:198,0
DA:201,0
DA:202,0
DA:209,1
DA:211,1
DA:212,0
DA:214,1
DA:215,0
DA:218,1
DA:224,0
DA:225,0
DA:227,0
DA:233,1
DA:234,0
DA:235,0
DA:236,0
DA:239,0
DA:240,0
DA:243,1
DA:244,0
DA:245,0
DA:246,0
DA:247,0
DA:249,0
DA:250,0
DA:251,0
DA:255,1
DA:256,1
DA:261,0
DA:262,0
DA:264,0
DA:266,0
DA:268,0
DA:270,0
DA:271,0
DA:273,0
DA:275,0
DA:276,0
DA:277,0
DA:280,0
DA:282,0
DA:283,0
DA:284,0
DA:286,0
DA:290,0
DA:294,1
DA:296,0
DA:298,0
DA:299,0
DA:305,1
DA:307,1
DA:315,1
DA:316,1
DA:318,1
DA:319,1
DA:320,1
DA:323,1
DA:325,0
DA:326,0
DA:332,0
DA:342,0
DA:343,0
DA:344,0
DA:346,0
DA:349,0
DA:357,0
DA:367,0
DA:373,1
DA:374,0
DA:375,0
DA:376,0
DA:377,0
DA:378,0
DA:380,0
DA:390,0
DA:396,0
DA:411,0
DA:412,0
DA:413,0
DA:422,0
DA:423,0
DA:425,0
DA:427,0
DA:436,0
DA:437,0
DA:438,0
DA:439,0
DA:442,0
DA:443,0
DA:445,0
DA:446,0
DA:447,0
DA:448,0
DA:452,0
DA:453,0
DA:455,0
DA:457,0
DA:461,0
DA:462,0
DA:463,0
DA:464,0
DA:471,1
DA:472,1
DA:473,1
DA:474,0
DA:479,0
DA:483,1
DA:484,1
DA:485,1
DA:490,1
DA:491,0
DA:492,0
DA:499,1
DA:500,1
DA:504,1
DA:506,0
DA:507,0
DA:508,0
DA:513,1
DA:515,0
DA:516,0
DA:517,0
DA:518,0
DA:519,0
DA:525,1
DA:527,0
DA:529,0
DA:530,0
DA:532,0
DA:533,0
DA:535,0
DA:536,0
DA:540,0
DA:541,0
DA:542,0
DA:543,0
DA:544,0
DA:545,0
DA:546,0
DA:548,0
DA:549,0
DA:550,0
DA:552,0
DA:559,0
DA:564,1
DA:565,0
DA:567,0
DA:568,0
DA:569,0
DA:570,0
DA:572,0
DA:573,0
DA:575,0
DA:576,0
DA:579,1
DA:580,1
DA:582,0
DA:583,0
DA:584,0
DA:592,0
DA:600,0
DA:601,0
DA:603,0
DA:604,0
DA:605,0
DA:606,0
DA:607,0
DA:611,1
DA:618,1
DA:619,1
DA:622,1
DA:623,1
DA:625,0
DA:626,0
DA:630,0
DA:633,0
DA:634,0
DA:635,0
DA:636,0
DA:637,0
DA:639,0
DA:641,0
DA:642,0
DA:646,0
DA:647,0
DA:651,0
DA:656,0
DA:657,0
DA:662,0
DA:663,0
DA:665,0
DA:674,0
DA:685,0
DA:688,0
DA:689,0
DA:694,1
DA:707,0
DA:708,0
DA:709,0
DA:711,0
DA:712,0
LF:240
LH:61
BRDA:120,0,0,0
BRDA:121,1,0,0
BRDA:122,2,0,0
BRDA:125,3,0,0
BRDA:127,4,0,1
BRDA:128,5,0,1
BRDA:130,6,0,1
BRDA:134,7,0,1
BRDA:149,8,0,0
BRDA:149,8,1,1
BRDA:158,9,0,0
BRDA:158,9,1,0
BRDA:159,10,0,0
BRDA:159,10,1,0
BRDA:160,11,0,0
BRDA:160,11,1,0
BRDA:168,12,0,0
BRDA:168,12,1,0
BRDA:177,13,0,0
BRDA:177,13,1,1
BRDA:180,14,0,1
BRDA:180,14,1,1
BRDA:184,15,0,1
BRDA:184,15,1,1
BRDA:197,16,0,0
BRDA:197,16,1,1
BRDA:201,17,0,0
BRDA:201,17,1,0
BRDA:202,18,0,0
BRDA:202,18,1,0
BRDA:209,19,0,1
BRDA:209,19,1,0
BRDA:220,20,0,1
BRDA:220,20,1,1
BRDA:220,21,0,1
BRDA:220,21,1,1
BRDA:229,22,0,0
BRDA:229,22,1,0
BRDA:229,23,0,0
BRDA:229,23,1,0
BRDA:234,24,0,0
BRDA:234,24,1,0
BRDA:236,25,0,0
BRDA:236,25,1,0
BRDA:240,26,0,0
BRDA:240,26,1,0
BRDA:246,27,0,0
BRDA:246,27,1,0
BRDA:246,28,0,0
BRDA:246,28,1,0
BRDA:251,29,0,0
BRDA:251,29,1,0
BRDA:268,30,0,0
BRDA:268,30,1,0
BRDA:270,31,0,0
BRDA:270,31,1,0
BRDA:280,32,0,0
BRDA:280,32,1,0
BRDA:282,33,0,0
BRDA:282,33,1,0
BRDA:300,34,0,0
BRDA:300,34,1,0
BRDA:325,35,0,0
BRDA:325,35,1,0
BRDA:337,36,0,0
BRDA:337,36,1,0
BRDA:362,37,0,0
BRDA:362,37,1,0
BRDA:374,38,0,0
BRDA:374,38,1,0
BRDA:378,39,0,0
BRDA:378,39,1,0
BRDA:378,39,2,0
BRDA:384,40,0,0
BRDA:384,40,1,0
BRDA:384,41,0,0
BRDA:384,41,1,0
BRDA:388,42,0,0
BRDA:388,42,1,0
BRDA:391,43,0,0
BRDA:391,43,1,0
BRDA:391,44,0,0
BRDA:391,44,1,0
BRDA:394,45,0,0
BRDA:394,45,1,0
BRDA:397,46,0,0
BRDA:397,46,1,0
BRDA:397,47,0,0
BRDA:397,47,1,0
BRDA:400,48,0,0
BRDA:400,48,1,0
BRDA:401,49,0,0
BRDA:401,49,1,0
BRDA:401,50,0,0
BRDA:401,50,1,0
BRDA:404,51,0,0
BRDA:404,51,1,0
BRDA:405,52,0,0
BRDA:405,52,1,0
BRDA:405,53,0,0
BRDA:405,53,1,0
BRDA:408,54,0,0
BRDA:408,54,1,0
BRDA:409,55,0,0
BRDA:409,55,1,0
BRDA:436,56,0,0
BRDA:436,56,1,0
BRDA:436,57,0,0
BRDA:436,57,1,0
BRDA:457,58,0,0
BRDA:457,58,1,0
BRDA:457,58,2,0
BRDA:461,59,0,0
BRDA:461,59,1,0
BRDA:463,60,0,0
BRDA:463,60,1,0
BRDA:490,61,0,0
BRDA:490,61,1,1
BRDA:499,62,0,1
BRDA:499,62,1,0
BRDA:518,63,0,0
BRDA:518,63,1,0
BRDA:527,64,0,0
BRDA:527,64,1,0
BRDA:527,65,0,0
BRDA:527,65,1,0
BRDA:536,66,0,0
BRDA:536,66,1,0
BRDA:565,67,0,0
BRDA:565,67,1,0
BRDA:565,68,0,0
BRDA:565,68,1,0
BRDA:580,69,0,1
BRDA:580,69,1,0
BRDA:580,70,0,1
BRDA:580,70,1,0
BRDA:623,71,0,0
BRDA:623,71,1,1
BRDA:623,72,0,1
BRDA:623,72,1,1
BRDA:626,73,0,0
BRDA:626,73,1,0
BRDA:634,74,0,0
BRDA:634,74,1,0
BRDA:639,75,0,0
BRDA:639,75,1,0
BRDA:641,76,0,0
BRDA:641,76,1,0
BRDA:642,77,0,0
BRDA:642,77,1,0
BRDA:646,78,0,0
BRDA:646,78,1,0
BRDA:656,79,0,0
BRDA:656,79,1,0
BRDA:662,80,0,0
BRDA:662,80,1,0
BRDA:662,81,0,0
BRDA:662,81,1,0
BRDA:674,82,0,0
BRDA:674,82,1,0
BRDA:674,82,2,0
BRDA:674,82,3,0
BRDA:674,82,4,0
BRDA:688,83,0,0
BRDA:688,83,1,0
BRDA:697,84,0,0
BRDA:697,84,1,1
BRDA:711,85,0,0
BRDA:711,85,1,0
BRDA:720,86,0,1
BRDA:720,86,1,0
BRDA:757,87,0,1
BRDA:757,87,1,0
BRDA:757,87,2,0
BRDA:758,88,0,1
BRDA:758,88,1,0
BRF:176
BRH:27
end_of_record
TN:
SF:src\components\MichiVzProvider.tsx
FN:42,(anonymous_0)
FN:72,(anonymous_1)
FNF:2
FNH:2
FNDA:7,(anonymous_0)
FNDA:6,(anonymous_1)
DA:16,5
DA:27,5
DA:42,5
DA:53,7
DA:64,7
DA:72,5
DA:73,6
LF:7
LH:7
BRDA:44,0,0,6
BRDA:45,1,0,7
BRDA:46,2,0,6
BRDA:47,3,0,7
BRDA:48,4,0,7
BRDA:49,5,0,7
BRDA:50,6,0,7
BRDA:51,7,0,7
BRF:8
BRH:8
end_of_record
TN:
SF:src\components\RadarChart.tsx
FN:85,(anonymous_0)
FN:112,(anonymous_1)
FN:118,(anonymous_2)
FN:119,(anonymous_3)
FN:121,(anonymous_4)
FN:129,(anonymous_5)
FN:137,(anonymous_6)
FN:138,(anonymous_7)
FN:145,(anonymous_8)
FN:158,(anonymous_9)
FN:183,(anonymous_10)
FN:184,(anonymous_11)
FN:190,(anonymous_12)
FN:215,(anonymous_13)
FN:218,(anonymous_14)
FN:243,(anonymous_15)
FN:257,(anonymous_16)
FN:268,(anonymous_17)
FN:278,(anonymous_18)
FN:283,(anonymous_19)
FN:297,(anonymous_20)
FN:301,(anonymous_21)
FN:311,(anonymous_22)
FN:311,(anonymous_23)
FN:368,(anonymous_24)
FN:376,(anonymous_25)
FN:384,(anonymous_26)
FN:388,(anonymous_27)
FN:395,(anonymous_28)
FN:415,(anonymous_29)
FN:432,(anonymous_30)
FNF:31
FNH:14
FNDA:1,(anonymous_0)
FNDA:1,(anonymous_1)
FNDA:0,(anonymous_2)
FNDA:0,(anonymous_3)
FNDA:0,(anonymous_4)
FNDA:1,(anonymous_5)
FNDA:1,(anonymous_6)
FNDA:5,(anonymous_7)
FNDA:0,(anonymous_8)
FNDA:0,(anonymous_9)
FNDA:0,(anonymous_10)
FNDA:0,(anonymous_11)
FNDA:1,(anonymous_12)
FNDA:6,(anonymous_13)
FNDA:6,(anonymous_14)
FNDA:6,(anonymous_15)
FNDA:5,(anonymous_16)
FNDA:5,(anonymous_17)
FNDA:1,(anonymous_18)
FNDA:0,(anonymous_19)
FNDA:1,(anonymous_20)
FNDA:1,(anonymous_21)
FNDA:0,(anonymous_22)
FNDA:0,(anonymous_23)
FNDA:0,(anonymous_24)
FNDA:0,(anonymous_25)
FNDA:0,(anonymous_26)
FNDA:0,(anonymous_27)
FNDA:0,(anonymous_28)
FNDA:0,(anonymous_29)
FNDA:0,(anonymous_30)
DA:9,1
DA:15,1
DA:19,1
DA:28,1
DA:85,1
DA:101,1
DA:102,1
DA:103,1
DA:108,1
DA:109,1
DA:110,1
DA:112,1
DA:113,1
DA:114,1
DA:118,0
DA:119,0
DA:122,0
DA:123,0
DA:129,1
DA:130,1
DA:136,1
DA:138,1
DA:139,5
DA:140,5
DA:145,1
DA:149,0
DA:158,0
DA:159,0
DA:161,0
DA:162,0
DA:166,0
DA:168,0
DA:169,0
DA:171,0
DA:172,0
DA:173,0
DA:176,0
DA:180,1
DA:183,0
DA:184,0
DA:190,1
DA:191,1
DA:193,1
DA:194,1
DA:195,1
DA:198,1
DA:199,1
DA:200,12
DA:201,12
DA:202,12
DA:203,12
DA:204,12
DA:205,12
DA:209,12
DA:213,1
DA:214,1
DA:215,6
DA:218,1
DA:219,6
DA:220,6
DA:221,6
DA:223,6
DA:236,6
DA:244,6
DA:245,6
DA:246,0
DA:248,6
DA:255,1
DA:257,1
DA:258,5
DA:259,5
DA:260,5
DA:261,5
DA:269,5
DA:270,5
DA:271,3
DA:272,1
DA:278,1
DA:279,1
DA:280,1
DA:281,1
DA:283,1
DA:284,0
DA:285,0
DA:286,0
DA:290,1
DA:297,1
DA:298,1
DA:301,1
DA:302,1
DA:304,0
DA:306,0
DA:311,0
DA:321,0
DA:332,0
DA:335,0
DA:336,0
DA:341,1
DA:369,0
DA:370,0
DA:371,0
DA:372,0
DA:377,0
DA:385,0
DA:386,0
DA:389,0
DA:390,0
DA:404,0
DA:416,0
DA:417,0
DA:422,0
DA:423,0
DA:424,0
DA:425,0
DA:426,0
DA:428,0
DA:429,0
DA:433,0
DA:434,0
LF:119
LH:69
BRDA:94,0,0,1
BRDA:113,1,0,0
BRDA:113,1,1,1
BRDA:123,2,0,0
BRDA:123,2,1,0
BRDA:159,3,0,0
BRDA:159,3,1,0
BRDA:161,4,0,0
BRDA:161,4,1,0
BRDA:180,5,0,0
BRDA:180,5,1,1
BRDA:180,6,0,1
BRDA:180,6,1,1
BRDA:245,7,0,0
BRDA:245,7,1,6
BRDA:248,8,0,1
BRDA:248,8,1,5
BRDA:269,9,0,0
BRDA:269,9,1,5
BRDA:270,10,0,2
BRDA:270,10,1,3
BRDA:271,11,0,2
BRDA:271,11,1,1
BRDA:274,12,0,0
BRDA:274,12,1,5
BRDA:280,13,0,1
BRDA:280,13,1,0
BRDA:302,14,0,0
BRDA:302,14,1,1
BRDA:302,15,0,1
BRDA:302,15,1,1
BRDA:304,16,0,0
BRDA:304,16,1,0
BRDA:307,17,0,0
BRDA:307,17,1,0
BRDA:310,18,0,0
BRDA:310,18,1,0
BRDA:310,19,0,0
BRDA:310,19,1,0
BRDA:314,20,0,0
BRDA:314,20,1,0
BRDA:314,21,0,0
BRDA:314,21,1,0
BRDA:321,22,0,0
BRDA:321,22,1,0
BRDA:321,22,2,0
BRDA:321,22,3,0
BRDA:321,22,4,0
BRDA:335,23,0,0
BRDA:335,23,1,0
BRDA:343,24,0,0
BRDA:343,24,1,1
BRDA:344,25,0,1
BRDA:344,25,1,0
BRDA:346,26,0,0
BRDA:346,26,1,0
BRDA:382,27,0,0
BRDA:382,27,1,0
BRDA:405,28,0,0
BRDA:405,28,1,0
BRDA:405,28,2,0
BRDA:414,29,0,0
BRDA:414,29,1,0
BRDA:422,30,0,0
BRDA:422,30,1,0
BRDA:445,31,0,1
BRDA:445,31,1,0
BRDA:445,31,2,0
BRDA:446,32,0,1
BRDA:446,32,1,0
BRDA:446,32,2,0
BRDA:447,33,0,1
BRDA:447,33,1,0
BRF:73
BRH:23
end_of_record
TN:
SF:src\components\RangeChart.tsx
FN:66,(anonymous_0)
FN:76,(anonymous_1)
FN:95,(anonymous_2)
FN:96,(anonymous_3)
FN:100,(anonymous_4)
FN:108,(anonymous_5)
FN:109,(anonymous_6)
FN:111,(anonymous_7)
FN:114,(anonymous_8)
FN:115,(anonymous_9)
FN:117,(anonymous_10)
FN:127,(anonymous_11)
FN:132,(anonymous_12)
FN:132,(anonymous_13)
FN:133,(anonymous_14)
FN:133,(anonymous_15)
FN:143,(anonymous_16)
FN:143,(anonymous_17)
FN:146,(anonymous_18)
FN:146,(anonymous_19)
FN:155,(anonymous_20)
FN:155,(anonymous_21)
FN:156,(anonymous_22)
FN:156,(anonymous_23)
FN:174,(anonymous_24)
FN:177,(anonymous_25)
FN:180,(anonymous_26)
FN:187,(anonymous_27)
FN:190,(anonymous_28)
FN:196,(anonymous_29)
FN:198,(anonymous_30)
FN:209,(anonymous_31)
FN:216,(anonymous_32)
FN:230,(anonymous_33)
FN:231,(anonymous_34)
FN:240,(anonymous_35)
FN:241,(anonymous_36)
FN:242,(anonymous_37)
FN:244,(anonymous_38)
FN:256,(anonymous_39)
FN:268,(anonymous_40)
FN:277,(anonymous_41)
FN:278,(anonymous_42)
FN:280,(anonymous_43)
FN:283,(anonymous_44)
FN:289,(anonymous_45)
FN:300,(anonymous_46)
FN:307,(anonymous_47)
FN:311,(anonymous_48)
FN:313,(anonymous_49)
FN:320,(anonymous_50)
FN:331,(anonymous_51)
FN:336,(anonymous_52)
FN:339,(anonymous_53)
FN:340,(anonymous_54)
FN:344,(anonymous_55)
FN:350,(anonymous_56)
FN:351,(anonymous_57)
FN:353,(anonymous_58)
FNF:59
FNH:0
FNDA:0,(anonymous_0)
FNDA:0,(anonymous_1)
FNDA:0,(anonymous_2)
FNDA:0,(anonymous_3)
FNDA:0,(anonymous_4)
FNDA:0,(anonymous_5)
FNDA:0,(anonymous_6)
FNDA:0,(anonymous_7)
FNDA:0,(anonymous_8)
FNDA:0,(anonymous_9)
FNDA:0,(anonymous_10)
FNDA:0,(anonymous_11)
FNDA:0,(anonymous_12)
FNDA:0,(anonymous_13)
FNDA:0,(anonymous_14)
FNDA:0,(anonymous_15)
FNDA:0,(anonymous_16)
FNDA:0,(anonymous_17)
FNDA:0,(anonymous_18)
FNDA:0,(anonymous_19)
FNDA:0,(anonymous_20)
FNDA:0,(anonymous_21)
FNDA:0,(anonymous_22)
FNDA:0,(anonymous_23)
FNDA:0,(anonymous_24)
FNDA:0,(anonymous_25)
FNDA:0,(anonymous_26)
FNDA:0,(anonymous_27)
FNDA:0,(anonymous_28)
FNDA:0,(anonymous_29)
FNDA:0,(anonymous_30)
FNDA:0,(anonymous_31)
FNDA:0,(anonymous_32)
FNDA:0,(anonymous_33)
FNDA:0,(anonymous_34)
FNDA:0,(anonymous_35)
FNDA:0,(anonymous_36)
FNDA:0,(anonymous_37)
FNDA:0,(anonymous_38)
FNDA:0,(anonymous_39)
FNDA:0,(anonymous_40)
FNDA:0,(anonymous_41)
FNDA:0,(anonymous_42)
FNDA:0,(anonymous_43)
FNDA:0,(anonymous_44)
FNDA:0,(anonymous_45)
FNDA:0,(anonymous_46)
FNDA:0,(anonymous_47)
FNDA:0,(anonymous_48)
FNDA:0,(anonymous_49)
FNDA:0,(anonymous_50)
FNDA:0,(anonymous_51)
FNDA:0,(anonymous_52)
FNDA:0,(anonymous_53)
FNDA:0,(anonymous_54)
FNDA:0,(anonymous_55)
FNDA:0,(anonymous_56)
FNDA:0,(anonymous_57)
FNDA:0,(anonymous_58)
DA:13,0
DA:14,0
DA:15,0
DA:66,0
DA:77,0
DA:87,0
DA:88,0
DA:89,0
DA:90,0
DA:92,0
DA:95,0
DA:96,0
DA:99,0
DA:101,0
DA:109,0
DA:111,0
DA:115,0
DA:117,0
DA:127,0
DA:128,0
DA:129,0
DA:132,0
DA:133,0
DA:140,0
DA:142,0
DA:143,0
DA:145,0
DA:146,0
DA:149,0
DA:155,0
DA:156,0
DA:158,0
DA:172,0
DA:175,0
DA:178,0
DA:181,0
DA:185,0
DA:188,0
DA:192,0
DA:196,0
DA:198,0
DA:199,0
DA:200,0
DA:201,0
DA:202,0
DA:203,0
DA:204,0
DA:205,0
DA:209,0
DA:210,0
DA:211,0
DA:212,0
DA:216,0
DA:217,0
DA:221,0
DA:222,0
DA:223,0
DA:224,0
DA:226,0
DA:228,0
DA:230,0
DA:232,0
DA:233,0
DA:234,0
DA:236,0
DA:237,0
DA:240,0
DA:241,0
DA:242,0
DA:245,0
DA:246,0
DA:248,0
DA:250,0
DA:252,0
DA:253,0
DA:254,0
DA:258,0
DA:259,0
DA:261,0
DA:263,0
DA:264,0
DA:268,0
DA:269,0
DA:277,0
DA:278,0
DA:280,0
DA:284,0
DA:285,0
DA:286,0
DA:287,0
DA:290,0
DA:291,0
DA:292,0
DA:293,0
DA:300,0
DA:301,0
DA:302,0
DA:307,0
DA:311,0
DA:312,0
DA:313,0
DA:315,0
DA:316,0
DA:320,0
DA:324,0
DA:331,0
DA:332,0
DA:336,0
DA:337,0
DA:339,0
DA:340,0
DA:344,0
DA:346,0
DA:350,0
DA:351,0
DA:354,0
DA:355,0
DA:364,0
DA:375,0
DA:378,0
DA:379,0
DA:384,0
LF:122
LH:0
BRDA:69,0,0,0
BRDA:70,1,0,0
BRDA:71,2,0,0
BRDA:74,3,0,0
BRDA:76,4,0,0
BRDA:78,5,0,0
BRDA:80,6,0,0
BRDA:104,7,0,0
BRDA:104,7,1,0
BRDA:107,8,0,0
BRDA:107,8,1,0
BRDA:113,9,0,0
BRDA:113,9,1,0
BRDA:128,10,0,0
BRDA:128,10,1,0
BRDA:132,11,0,0
BRDA:132,11,1,0
BRDA:133,12,0,0
BRDA:133,12,1,0
BRDA:140,13,0,0
BRDA:140,13,1,0
BRDA:151,14,0,0
BRDA:151,14,1,0
BRDA:151,15,0,0
BRDA:151,15,1,0
BRDA:160,16,0,0
BRDA:160,16,1,0
BRDA:160,17,0,0
BRDA:160,17,1,0
BRDA:201,18,0,0
BRDA:201,18,1,0
BRDA:211,19,0,0
BRDA:211,19,1,0
BRDA:232,20,0,0
BRDA:232,20,1,0
BRDA:240,21,0,0
BRDA:240,21,1,0
BRDA:240,22,0,0
BRDA:240,22,1,0
BRDA:241,23,0,0
BRDA:241,23,1,0
BRDA:241,24,0,0
BRDA:241,24,1,0
BRDA:258,25,0,0
BRDA:258,25,1,0
BRDA:258,26,0,0
BRDA:258,26,1,0
BRDA:337,27,0,0
BRDA:337,27,1,0
BRDA:337,28,0,0
BRDA:337,28,1,0
BRDA:340,29,0,0
BRDA:340,29,1,0
BRDA:364,30,0,0
BRDA:364,30,1,0
BRDA:364,30,2,0
BRDA:364,30,3,0
BRDA:364,30,4,0
BRDA:378,31,0,0
BRDA:378,31,1,0
BRDA:386,32,0,0
BRDA:386,32,1,0
BRDA:386,32,2,0
BRDA:387,33,0,0
BRDA:387,33,1,0
BRDA:387,33,2,0
BRDA:388,34,0,0
BRDA:388,34,1,0
BRDA:389,35,0,0
BRDA:389,35,1,0
BRDA:389,35,2,0
BRDA:389,35,3,0
BRDA:397,36,0,0
BRDA:397,36,1,0
BRDA:406,37,0,0
BRDA:406,37,1,0
BRF:76
BRH:0
end_of_record
TN:
SF:src\components\RibbonChart.tsx
FN:57,(anonymous_0)
FN:81,(anonymous_1)
FN:83,(anonymous_2)
FN:87,(anonymous_3)
FN:98,(anonymous_4)
FN:98,(anonymous_5)
FN:100,(anonymous_6)
FN:110,(anonymous_7)
FN:114,(anonymous_8)
FN:117,(anonymous_9)
FN:118,(anonymous_10)
FN:126,(anonymous_11)
FN:136,(anonymous_12)
FN:137,(anonymous_13)
FN:141,(anonymous_14)
FN:144,(anonymous_15)
FN:145,(anonymous_16)
FN:146,(anonymous_17)
FN:171,(anonymous_18)
FN:174,(anonymous_19)
FN:180,(anonymous_20)
FN:181,(anonymous_21)
FN:193,(anonymous_22)
FN:197,(anonymous_23)
FN:211,(anonymous_24)
FN:270,(anonymous_25)
FN:292,(anonymous_26)
FN:293,(anonymous_27)
FN:300,(anonymous_28)
FN:337,(anonymous_29)
FN:338,(anonymous_30)
FN:356,(anonymous_31)
FN:359,(anonymous_32)
FN:367,(anonymous_33)
FN:377,(anonymous_34)
FNF:35
FNH:0
FNDA:0,(anonymous_0)
FNDA:0,(anonymous_1)
FNDA:0,(anonymous_2)
FNDA:0,(anonymous_3)
FNDA:0,(anonymous_4)
FNDA:0,(anonymous_5)
FNDA:0,(anonymous_6)
FNDA:0,(anonymous_7)
FNDA:0,(anonymous_8)
FNDA:0,(anonymous_9)
FNDA:0,(anonymous_10)
FNDA:0,(anonymous_11)
FNDA:0,(anonymous_12)
FNDA:0,(anonymous_13)
FNDA:0,(anonymous_14)
FNDA:0,(anonymous_15)
FNDA:0,(anonymous_16)
FNDA:0,(anonymous_17)
FNDA:0,(anonymous_18)
FNDA:0,(anonymous_19)
FNDA:0,(anonymous_20)
FNDA:0,(anonymous_21)
FNDA:0,(anonymous_22)
FNDA:0,(anonymous_23)
FNDA:0,(anonymous_24)
FNDA:0,(anonymous_25)
FNDA:0,(anonymous_26)
FNDA:0,(anonymous_27)
FNDA:0,(anonymous_28)
FNDA:0,(anonymous_29)
FNDA:0,(anonymous_30)
FNDA:0,(anonymous_31)
FNDA:0,(anonymous_32)
FNDA:0,(anonymous_33)
FNDA:0,(anonymous_34)
DA:53,0
DA:54,0
DA:55,0
DA:57,0
DA:75,0
DA:76,0
DA:77,0
DA:78,0
DA:81,0
DA:83,0
DA:84,0
DA:87,0
DA:88,0
DA:89,0
DA:93,0
DA:98,0
DA:99,0
DA:101,0
DA:110,0
DA:112,0
DA:115,0
DA:117,0
DA:118,0
DA:122,0
DA:125,0
DA:127,0
DA:136,0
DA:137,0
DA:138,0
DA:139,0
DA:141,0
DA:142,0
DA:143,0
DA:144,0
DA:145,0
DA:147,0
DA:148,0
DA:149,0
DA:159,0
DA:160,0
DA:166,0
DA:169,0
DA:171,0
DA:174,0
DA:176,0
DA:180,0
DA:181,0
DA:186,0
DA:193,0
DA:194,0
DA:197,0
DA:198,0
DA:200,0
DA:204,0
DA:208,0
DA:211,0
DA:220,0
DA:231,0
DA:234,0
DA:235,0
DA:250,0
DA:271,0
DA:272,0
DA:273,0
DA:274,0
DA:292,0
DA:294,0
DA:301,0
DA:306,0
DA:311,0
DA:312,0
DA:316,0
DA:317,0
DA:320,0
DA:321,0
DA:323,0
DA:337,0
DA:338,0
DA:357,0
DA:358,0
DA:360,0
DA:361,0
DA:368,0
DA:369,0
DA:370,0
DA:371,0
DA:373,0
DA:378,0
DA:379,0
LF:89
LH:0
BRDA:59,0,0,0
BRDA:60,1,0,0
BRDA:61,2,0,0
BRDA:67,3,0,0
BRDA:88,4,0,0
BRDA:88,4,1,0
BRDA:88,5,0,0
BRDA:88,5,1,0
BRDA:115,6,0,0
BRDA:115,6,1,0
BRDA:118,7,0,0
BRDA:118,7,1,0
BRDA:145,8,0,0
BRDA:145,8,1,0
BRDA:145,9,0,0
BRDA:145,9,1,0
BRDA:147,10,0,0
BRDA:147,10,1,0
BRDA:162,11,0,0
BRDA:162,11,1,0
BRDA:178,12,0,0
BRDA:178,12,1,0
BRDA:181,13,0,0
BRDA:181,13,1,0
BRDA:198,14,0,0
BRDA:198,14,1,0
BRDA:198,15,0,0
BRDA:198,15,1,0
BRDA:204,16,0,0
BRDA:204,16,1,0
BRDA:204,17,0,0
BRDA:204,17,1,0
BRDA:206,18,0,0
BRDA:206,18,1,0
BRDA:220,19,0,0
BRDA:220,19,1,0
BRDA:220,19,2,0
BRDA:220,19,3,0
BRDA:220,19,4,0
BRDA:234,20,0,0
BRDA:234,20,1,0
BRDA:299,21,0,0
BRDA:299,21,1,0
BRDA:314,22,0,0
BRDA:314,22,1,0
BRDA:314,23,0,0
BRDA:314,23,1,0
BRDA:325,24,0,0
BRDA:325,24,1,0
BRDA:330,25,0,0
BRDA:330,25,1,0
BRDA:330,26,0,0
BRDA:330,26,1,0
BRDA:352,27,0,0
BRDA:352,27,1,0
BRDA:352,28,0,0
BRDA:352,28,1,0
BRDA:357,29,0,0
BRDA:357,29,1,0
BRDA:364,30,0,0
BRDA:364,30,1,0
BRDA:392,31,0,0
BRDA:392,31,1,0
BRDA:392,31,2,0
BRDA:393,32,0,0
BRDA:393,32,1,0
BRDA:393,32,2,0
BRDA:394,33,0,0
BRDA:394,33,1,0
BRF:69
BRH:0
end_of_record
TN:
SF:src\components\ScatterPlotChart.tsx
FN:129,(anonymous_0)
FN:164,(anonymous_1)
FN:169,(anonymous_2)
FN:175,(anonymous_3)
FN:179,(anonymous_4)
FN:184,(anonymous_5)
FN:194,(anonymous_6)
FN:195,(anonymous_7)
FN:199,(anonymous_8)
FN:199,(anonymous_9)
FN:201,(anonymous_10)
FN:201,(anonymous_11)
FN:203,(anonymous_12)
FN:205,(anonymous_13)
FN:210,(anonymous_14)
FN:230,(anonymous_15)
FN:237,(anonymous_16)
FN:245,(anonymous_17)
FN:245,(anonymous_18)
FN:247,(anonymous_19)
FN:248,(anonymous_20)
FN:251,(anonymous_21)
FN:255,(anonymous_22)
FN:260,(anonymous_23)
FN:268,(anonymous_24)
FN:275,(anonymous_25)
FN:283,(anonymous_26)
FN:289,(anonymous_27)
FN:310,(anonymous_28)
FN:318,(anonymous_29)
FN:352,(anonymous_30)
FN:362,(anonymous_31)
FN:379,(anonymous_32)
FN:384,(anonymous_33)
FN:425,(anonymous_34)
FN:426,(anonymous_35)
FN:440,(anonymous_36)
FNF:37
FNH:0
FNDA:0,(anonymous_0)
FNDA:0,(anonymous_1)
FNDA:0,(anonymous_2)
FNDA:0,(anonymous_3)
FNDA:0,(anonymous_4)
FNDA:0,(anonymous_5)
FNDA:0,(anonymous_6)
FNDA:0,(anonymous_7)
FNDA:0,(anonymous_8)
FNDA:0,(anonymous_9)
FNDA:0,(anonymous_10)
FNDA:0,(anonymous_11)
FNDA:0,(anonymous_12)
FNDA:0,(anonymous_13)
FNDA:0,(anonymous_14)
FNDA:0,(anonymous_15)
FNDA:0,(anonymous_16)
FNDA:0,(anonymous_17)
FNDA:0,(anonymous_18)
FNDA:0,(anonymous_19)
FNDA:0,(anonymous_20)
FNDA:0,(anonymous_21)
FNDA:0,(anonymous_22)
FNDA:0,(anonymous_23)
FNDA:0,(anonymous_24)
FNDA:0,(anonymous_25)
FNDA:0,(anonymous_26)
FNDA:0,(anonymous_27)
FNDA:0,(anonymous_28)
FNDA:0,(anonymous_29)
FNDA:0,(anonymous_30)
FNDA:0,(anonymous_31)
FNDA:0,(anonymous_32)
FNDA:0,(anonymous_33)
FNDA:0,(anonymous_34)
FNDA:0,(anonymous_35)
FNDA:0,(anonymous_36)
DA:23,0
DA:129,0
DA:154,0
DA:155,0
DA:156,0
DA:157,0
DA:158,0
DA:160,0
DA:162,0
DA:164,0
DA:165,0
DA:169,0
DA:170,0
DA:173,0
DA:174,0
DA:175,0
DA:179,0
DA:182,0
DA:185,0
DA:186,0
DA:187,0
DA:194,0
DA:195,0
DA:199,0
DA:201,0
DA:203,0
DA:205,0
DA:210,0
DA:211,0
DA:212,0
DA:219,0
DA:220,0
DA:227,0
DA:228,0
DA:230,0
DA:236,0
DA:238,0
DA:245,0
DA:247,0
DA:248,0
DA:251,0
DA:254,0
DA:255,0
DA:259,0
DA:260,0
DA:267,0
DA:269,0
DA:270,0
DA:275,0
DA:276,0
DA:278,0
DA:279,0
DA:280,0
DA:282,0
DA:283,0
DA:284,0
DA:289,0
DA:290,0
DA:291,0
DA:292,0
DA:293,0
DA:306,0
DA:307,0
DA:310,0
DA:311,0
DA:312,0
DA:317,0
DA:319,0
DA:320,0
DA:322,0
DA:325,0
DA:326,0
DA:329,0
DA:330,0
DA:331,0
DA:333,0
DA:343,0
DA:344,0
DA:345,0
DA:346,0
DA:351,0
DA:353,0
DA:355,0
DA:356,0
DA:362,0
DA:363,0
DA:364,0
DA:366,0
DA:367,0
DA:371,0
DA:379,0
DA:380,0
DA:381,0
DA:384,0
DA:392,0
DA:402,0
DA:403,0
DA:406,0
DA:410,0
DA:425,0
DA:427,0
DA:428,0
DA:429,0
DA:430,0
DA:431,0
DA:434,0
DA:440,0
LF:107
LH:0
BRDA:130,0,0,0
BRDA:131,1,0,0
BRDA:132,2,0,0
BRDA:133,3,0,0
BRDA:136,4,0,0
BRDA:143,5,0,0
BRDA:145,6,0,0
BRDA:170,7,0,0
BRDA:170,7,1,0
BRDA:174,8,0,0
BRDA:174,8,1,0
BRDA:187,9,0,0
BRDA:187,9,1,0
BRDA:199,10,0,0
BRDA:199,10,1,0
BRDA:201,11,0,0
BRDA:201,11,1,0
BRDA:203,12,0,0
BRDA:203,12,1,0
BRDA:205,13,0,0
BRDA:205,13,1,0
BRDA:211,14,0,0
BRDA:211,14,1,0
BRDA:214,15,0,0
BRDA:214,15,1,0
BRDA:219,16,0,0
BRDA:219,16,1,0
BRDA:219,17,0,0
BRDA:219,17,1,0
BRDA:227,18,0,0
BRDA:227,18,1,0
BRDA:240,19,0,0
BRDA:240,19,1,0
BRDA:251,20,0,0
BRDA:251,20,1,0
BRDA:269,21,0,0
BRDA:269,21,1,0
BRDA:270,22,0,0
BRDA:270,22,1,0
BRDA:278,23,0,0
BRDA:278,23,1,0
BRDA:290,24,0,0
BRDA:290,24,1,0
BRDA:311,25,0,0
BRDA:311,25,1,0
BRDA:322,26,0,0
BRDA:322,26,1,0
BRDA:330,27,0,0
BRDA:330,27,1,0
BRDA:336,28,0,0
BRDA:336,28,1,0
BRDA:337,29,0,0
BRDA:337,29,1,0
BRDA:353,30,0,0
BRDA:353,30,1,0
BRDA:353,31,0,0
BRDA:353,31,1,0
BRDA:366,32,0,0
BRDA:366,32,1,0
BRDA:380,33,0,0
BRDA:380,33,1,0
BRDA:380,34,0,0
BRDA:380,34,1,0
BRDA:392,35,0,0
BRDA:392,35,1,0
BRDA:392,35,2,0
BRDA:392,35,3,0
BRDA:392,35,4,0
BRDA:402,36,0,0
BRDA:402,36,1,0
BRDA:413,37,0,0
BRDA:413,37,1,0
BRDA:429,38,0,0
BRDA:429,38,1,0
BRDA:431,39,0,0
BRDA:431,39,1,0
BRDA:431,39,2,0
BRDA:443,40,0,0
BRDA:443,40,1,0
BRDA:453,41,0,0
BRDA:453,41,1,0
BRDA:467,42,0,0
BRDA:467,42,1,0
BRDA:467,42,2,0
BRDA:469,43,0,0
BRDA:469,43,1,0
BRDA:470,44,0,0
BRDA:470,44,1,0
BRDA:491,45,0,0
BRDA:491,45,1,0
BRDA:496,46,0,0
BRDA:496,46,1,0
BRDA:501,47,0,0
BRDA:501,47,1,0
BRDA:507,48,0,0
BRDA:507,48,1,0
BRDA:507,49,0,0
BRDA:507,49,1,0
BRDA:507,49,2,0
BRDA:517,50,0,0
BRDA:517,50,1,0
BRDA:538,51,0,0
BRDA:538,51,1,0
BRDA:538,51,2,0
BRDA:539,52,0,0
BRDA:539,52,1,0
BRF:106
BRH:0
end_of_record
TN:
SF:src\components\VerticalStackBarChart.tsx
FN:92,(anonymous_0)
FN:121,(anonymous_1)
FN:125,(anonymous_2)
FN:125,(anonymous_3)
FN:127,(anonymous_4)
FN:133,(anonymous_5)
FN:134,(anonymous_6)
FN:138,(anonymous_7)
FN:141,(anonymous_8)
FN:142,(anonymous_9)
FN:146,(anonymous_10)
FN:153,(anonymous_11)
FN:160,(anonymous_12)
FN:164,(anonymous_13)
FN:164,(anonymous_14)
FN:166,(anonymous_15)
FN:172,(anonymous_16)
FN:174,(anonymous_17)
FN:176,(anonymous_18)
FN:180,(anonymous_19)
FN:187,(anonymous_20)
FN:189,(anonymous_21)
FN:194,(anonymous_22)
FN:204,(anonymous_23)
FN:209,(anonymous_24)
FN:210,(anonymous_25)
FN:226,(anonymous_26)
FN:238,(anonymous_27)
FN:240,(anonymous_28)
FN:242,(anonymous_29)
FN:251,(anonymous_30)
FN:255,(anonymous_31)
FN:256,(anonymous_32)
FN:261,(anonymous_33)
FN:264,(anonymous_34)
FN:266,(anonymous_35)
FN:317,(anonymous_36)
FN:323,(anonymous_37)
FN:344,(anonymous_38)
FN:347,(anonymous_39)
FN:357,(anonymous_40)
FN:370,(anonymous_41)
FN:379,(anonymous_42)
FN:380,(anonymous_43)
FN:391,(anonymous_44)
FN:406,(anonymous_45)
FN:411,(anonymous_46)
FN:415,(anonymous_47)
FN:431,(anonymous_48)
FN:436,(anonymous_49)
FN:437,(anonymous_50)
FN:438,(anonymous_51)
FN:519,(anonymous_52)
FN:523,(anonymous_53)
FN:537,(anonymous_54)
FNF:55
FNH:37
FNDA:2,(anonymous_0)
FNDA:2,(anonymous_1)
FNDA:6,(anonymous_2)
FNDA:18,(anonymous_3)
FNDA:36,(anonymous_4)
FNDA:2,(anonymous_5)
FNDA:6,(anonymous_6)
FNDA:2,(anonymous_7)
FNDA:0,(anonymous_8)
FNDA:0,(anonymous_9)
FNDA:0,(anonymous_10)
FNDA:0,(anonymous_11)
FNDA:2,(anonymous_12)
FNDA:6,(anonymous_13)
FNDA:18,(anonymous_14)
FNDA:36,(anonymous_15)
FNDA:2,(anonymous_16)
FNDA:6,(anonymous_17)
FNDA:18,(anonymous_18)
FNDA:36,(anonymous_19)
FNDA:18,(anonymous_20)
FNDA:2,(anonymous_21)
FNDA:2,(anonymous_22)
FNDA:2,(anonymous_23)
FNDA:18,(anonymous_24)
FNDA:54,(anonymous_25)
FNDA:2,(anonymous_26)
FNDA:2,(anonymous_27)
FNDA:6,(anonymous_28)
FNDA:6,(anonymous_29)
FNDA:6,(anonymous_30)
FNDA:6,(anonymous_31)
FNDA:6,(anonymous_32)
FNDA:18,(anonymous_33)
FNDA:54,(anonymous_34)
FNDA:54,(anonymous_35)
FNDA:2,(anonymous_36)
FNDA:0,(anonymous_37)
FNDA:0,(anonymous_38)
FNDA:0,(anonymous_39)
FNDA:0,(anonymous_40)
FNDA:0,(anonymous_41)
FNDA:0,(anonymous_42)
FNDA:0,(anonymous_43)
FNDA:0,(anonymous_44)
FNDA:2,(anonymous_45)
FNDA:2,(anonymous_46)
FNDA:0,(anonymous_47)
FNDA:0,(anonymous_48)
FNDA:0,(anonymous_49)
FNDA:0,(anonymous_50)
FNDA:0,(anonymous_51)
FNDA:6,(anonymous_52)
FNDA:18,(anonymous_53)
FNDA:0,(anonymous_54)
DA:11,1
DA:88,1
DA:89,1
DA:90,1
DA:92,1
DA:114,2
DA:115,2
DA:116,2
DA:117,2
DA:118,2
DA:121,2
DA:122,2
DA:125,18
DA:127,36
DA:133,2
DA:134,6
DA:138,2
DA:139,2
DA:141,0
DA:142,0
DA:144,0
DA:147,0
DA:151,0
DA:153,0
DA:154,0
DA:156,0
DA:160,2
DA:161,2
DA:164,18
DA:166,36
DA:172,2
DA:173,2
DA:174,6
DA:178,18
DA:180,36
DA:182,18
DA:187,18
DA:188,2
DA:189,2
DA:193,2
DA:195,2
DA:204,2
DA:205,2
DA:206,0
DA:209,2
DA:210,18
DA:212,54
DA:213,54
DA:214,36
DA:216,18
DA:217,18
DA:220,2
DA:221,2
DA:222,2
DA:225,2
DA:227,2
DA:237,2
DA:239,2
DA:240,6
DA:243,6
DA:244,6
DA:250,2
DA:251,6
DA:254,2
DA:255,6
DA:257,6
DA:259,6
DA:261,6
DA:262,18
DA:263,18
DA:264,54
DA:267,54
DA:269,54
DA:270,36
DA:274,18
DA:277,18
DA:278,0
DA:281,18
DA:282,18
DA:285,18
DA:286,18
DA:304,18
DA:305,18
DA:310,2
DA:316,2
DA:317,2
DA:322,2
DA:324,0
DA:325,0
DA:333,0
DA:334,0
DA:340,0
DA:344,0
DA:348,0
DA:357,2
DA:358,0
DA:359,0
DA:360,0
DA:361,0
DA:362,0
DA:364,0
DA:365,0
DA:369,2
DA:371,0
DA:372,0
DA:373,0
DA:374,0
DA:379,0
DA:380,0
DA:391,2
DA:392,0
DA:393,0
DA:394,0
DA:398,2
DA:406,2
DA:407,2
DA:411,2
DA:412,2
DA:414,0
DA:416,0
DA:417,0
DA:422,0
DA:425,0
DA:426,0
DA:427,0
DA:431,0
DA:435,0
DA:437,0
DA:438,0
DA:439,0
DA:440,0
DA:442,0
DA:444,0
DA:448,0
DA:452,0
DA:461,0
DA:470,0
DA:473,0
DA:474,0
DA:479,2
DA:520,6
DA:524,18
DA:537,0
LF:143
LH:88
BRDA:94,0,0,0
BRDA:95,1,0,0
BRDA:96,2,0,0
BRDA:103,3,0,2
BRDA:105,4,0,0
BRDA:139,5,0,2
BRDA:139,5,1,0
BRDA:147,6,0,0
BRDA:147,6,1,0
BRDA:147,7,0,0
BRDA:147,7,1,0
BRDA:154,8,0,0
BRDA:154,8,1,0
BRDA:197,9,0,2
BRDA:197,9,1,2
BRDA:205,10,0,0
BRDA:205,10,1,2
BRDA:213,11,0,36
BRDA:213,11,1,18
BRDA:213,12,0,54
BRDA:213,12,1,18
BRDA:216,13,0,18
BRDA:216,13,1,0
BRDA:217,14,0,0
BRDA:217,14,1,18
BRDA:220,15,0,0
BRDA:220,15,1,2
BRDA:269,16,0,36
BRDA:269,16,1,18
BRDA:269,17,0,54
BRDA:269,17,1,18
BRDA:274,18,0,18
BRDA:274,18,1,0
BRDA:277,19,0,0
BRDA:277,19,1,18
BRDA:285,20,0,18
BRDA:285,20,1,0
BRDA:285,21,0,18
BRDA:285,21,1,18
BRDA:324,22,0,0
BRDA:324,22,1,0
BRDA:333,23,0,0
BRDA:333,23,1,0
BRDA:337,24,0,0
BRDA:337,24,1,0
BRDA:348,25,0,0
BRDA:348,25,1,0
BRDA:358,26,0,0
BRDA:358,26,1,0
BRDA:372,27,0,0
BRDA:372,27,1,0
BRDA:382,28,0,0
BRDA:382,28,1,0
BRDA:393,29,0,0
BRDA:393,29,1,0
BRDA:412,30,0,0
BRDA:412,30,1,2
BRDA:412,31,0,2
BRDA:412,31,1,2
BRDA:425,32,0,0
BRDA:425,32,1,0
BRDA:425,33,0,0
BRDA:425,33,1,0
BRDA:439,34,0,0
BRDA:439,34,1,0
BRDA:440,35,0,0
BRDA:440,35,1,0
BRDA:444,36,0,0
BRDA:444,36,1,0
BRDA:453,37,0,0
BRDA:453,37,1,0
BRDA:461,38,0,0
BRDA:461,38,1,0
BRDA:461,38,2,0
BRDA:461,38,3,0
BRDA:473,39,0,0
BRDA:473,39,1,0
BRDA:522,40,0,6
BRDA:522,40,1,6
BRDA:530,41,0,18
BRDA:530,41,1,18
BRDA:530,41,2,18
BRDA:535,42,0,18
BRDA:535,42,1,0
BRDA:535,43,0,18
BRDA:535,43,1,0
BRDA:541,44,0,18
BRDA:541,44,1,18
BRDA:560,45,0,2
BRDA:560,45,1,2
BRDA:560,45,2,0
BRDA:561,46,0,2
BRDA:561,46,1,2
BRDA:561,46,2,2
BRDA:562,47,0,2
BRDA:562,47,1,0
BRF:96
BRH:39
end_of_record
TN:
SF:src\components\index.ts
FNF:0
FNH:0
LF:0
LH:0
BRF:0
BRH:0
end_of_record
TN:
SF:src\components\hooks\useAxisFormatter.ts
FN:4,(anonymous_0)
FN:9,(anonymous_1)
FN:11,(anonymous_2)
FN:14,(anonymous_3)
FNF:4
FNH:0
FNDA:0,(anonymous_0)
FNDA:0,(anonymous_1)
FNDA:0,(anonymous_2)
FNDA:0,(anonymous_3)
DA:7,0
DA:9,0
DA:11,0
DA:12,0
DA:14,0
LF:5
LH:0
BRDA:7,0,0,0
BRDA:7,0,1,0
BRDA:7,0,2,0
BRF:3
BRH:0
end_of_record
TN:
SF:src\components\hooks\useDefaultConfig.ts
FNF:0
FNH:0
LF:0
LH:0
BRF:0
BRH:0
end_of_record
TN:
SF:src\components\hooks\useDisplayIsNodata.ts
FN:3,useDisplayIsNodata
FN:14,(anonymous_1)
FNF:2
FNH:2
FNDA:4,useDisplayIsNodata
FNDA:4,(anonymous_1)
DA:14,4
DA:15,4
DA:16,0
DA:17,0
DA:20,0
DA:21,0
DA:24,0
DA:25,0
DA:28,0
DA:31,4
DA:34,4
LF:11
LH:4
BRDA:15,0,0,0
BRDA:15,0,1,4
BRDA:15,1,0,4
BRDA:15,1,1,2
BRDA:16,2,0,0
BRDA:16,2,1,0
BRDA:20,3,0,0
BRDA:20,3,1,0
BRDA:24,4,0,0
BRDA:24,4,1,0
BRF:10
BRH:3
end_of_record
TN:
SF:src\components\shared\LoadingIndicator.tsx
FN:33,(anonymous_0)
FNF:1
FNH:1
FNDA:5,(anonymous_0)
DA:6,4
DA:18,4
DA:33,4
DA:34,5
LF:4
LH:4
BRF:0
BRH:0
end_of_record
TN:
SF:src\components\shared\Title.tsx
FN:9,(anonymous_0)
FNF:1
FNH:1
FNDA:6,(anonymous_0)
DA:9,3
DA:10,6
LF:2
LH:2
BRDA:10,0,0,5
BRDA:10,0,1,1
BRF:2
BRH:2
end_of_record
TN:
SF:src\components\shared\XaxisBand.tsx
FN:12,(anonymous_0)
FN:17,(anonymous_1)
FN:32,(anonymous_2)
FN:36,(anonymous_3)
FN:106,(anonymous_4)
FN:109,(anonymous_5)
FNF:6
FNH:4
FNDA:5,(anonymous_0)
FNDA:5,(anonymous_1)
FNDA:21,(anonymous_2)
FNDA:5,(anonymous_3)
FNDA:0,(anonymous_4)
FNDA:0,(anonymous_5)
DA:12,2
DA:13,5
DA:14,5
DA:17,5
DA:18,5
DA:19,5
DA:31,5
DA:32,21
DA:36,5
DA:37,5
DA:38,5
DA:41,5
DA:44,5
DA:47,5
DA:49,5
DA:50,5
DA:51,5
DA:53,0
DA:57,5
DA:58,5
DA:61,5
DA:64,5
DA:67,5
DA:80,5
DA:83,5
DA:95,5
DA:98,5
DA:107,0
DA:110,0
DA:114,5
LF:30
LH:27
BRDA:19,0,0,5
BRDA:19,0,1,0
BRDA:32,1,0,5
BRDA:32,1,1,16
BRDA:38,2,0,0
BRDA:38,2,1,5
BRDA:49,3,0,5
BRDA:49,3,1,0
BRF:8
BRH:5
end_of_record
TN:
SF:src\components\shared\XaxisLinear.tsx
FN:7,getDatesWithEqualDistance
FN:16,(anonymous_1)
FN:30,(anonymous_2)
FN:51,(anonymous_3)
FN:66,(anonymous_4)
FN:80,(anonymous_5)
FN:98,(anonymous_6)
FN:101,(anonymous_7)
FN:115,(anonymous_8)
FN:122,(anonymous_9)
FN:139,(anonymous_10)
FN:140,(anonymous_11)
FN:141,(anonymous_12)
FN:142,(anonymous_13)
FN:183,(anonymous_14)
FNF:15
FNH:0
FNDA:0,getDatesWithEqualDistance
FNDA:0,(anonymous_1)
FNDA:0,(anonymous_2)
FNDA:0,(anonymous_3)
FNDA:0,(anonymous_4)
FNDA:0,(anonymous_5)
FNDA:0,(anonymous_6)
FNDA:0,(anonymous_7)
FNDA:0,(anonymous_8)
FNDA:0,(anonymous_9)
FNDA:0,(anonymous_10)
FNDA:0,(anonymous_11)
FNDA:0,(anonymous_12)
FNDA:0,(anonymous_13)
FNDA:0,(anonymous_14)
DA:12,0
DA:13,0
DA:14,0
DA:15,0
DA:16,0
DA:30,1
DA:34,0
DA:35,0
DA:38,0
DA:39,0
DA:40,0
DA:48,0
DA:51,1
DA:61,0
DA:62,0
DA:65,0
DA:67,0
DA:68,0
DA:69,0
DA:70,0
DA:71,0
DA:73,0
DA:80,0
DA:82,0
DA:89,0
DA:96,0
DA:98,0
DA:99,0
DA:101,0
DA:102,0
DA:104,0
DA:105,0
DA:108,0
DA:109,0
DA:112,0
DA:115,0
DA:116,0
DA:119,0
DA:123,0
DA:127,0
DA:135,0
DA:139,0
DA:140,0
DA:141,0
DA:142,0
DA:145,0
DA:148,0
DA:165,0
DA:168,0
DA:180,0
DA:183,0
DA:184,0
DA:198,0
LF:53
LH:2
BRDA:34,0,0,0
BRDA:34,0,1,0
BRDA:34,1,0,0
BRDA:34,1,1,0
BRDA:38,2,0,0
BRDA:38,2,1,0
BRDA:38,3,0,0
BRDA:38,3,1,0
BRDA:38,3,2,0
BRDA:41,4,0,0
BRDA:41,4,1,0
BRDA:41,4,2,0
BRDA:41,4,3,0
BRDA:41,4,4,0
BRDA:41,4,5,0
BRDA:41,4,6,0
BRDA:52,5,0,0
BRDA:56,6,0,0
BRDA:57,7,0,0
BRDA:58,8,0,0
BRDA:59,9,0,0
BRDA:67,10,0,0
BRDA:67,10,1,0
BRDA:71,11,0,0
BRDA:71,11,1,0
BRDA:82,12,0,0
BRDA:82,12,1,0
BRDA:84,13,0,0
BRDA:84,13,1,0
BRDA:89,14,0,0
BRDA:89,14,1,0
BRDA:91,15,0,0
BRDA:91,15,1,0
BRDA:96,16,0,0
BRDA:96,16,1,0
BRDA:96,16,2,0
BRDA:108,17,0,0
BRDA:108,17,1,0
BRDA:123,18,0,0
BRDA:123,18,1,0
BRDA:129,19,0,0
BRDA:129,19,1,0
BRDA:152,20,0,0
BRDA:152,20,1,0
BRDA:154,21,0,0
BRDA:154,21,1,0
BRDA:156,22,0,0
BRDA:156,22,1,0
BRDA:162,23,0,0
BRDA:162,23,1,0
BRF:50
BRH:0
end_of_record
TN:
SF:src\components\shared\YaxisBand.tsx
FN:13,(anonymous_0)
FN:18,(anonymous_1)
FN:21,(anonymous_2)
FN:26,(anonymous_3)
FN:30,(anonymous_4)
FN:62,(anonymous_5)
FN:77,(anonymous_6)
FNF:7
FNH:0
FNDA:0,(anonymous_0)
FNDA:0,(anonymous_1)
FNDA:0,(anonymous_2)
FNDA:0,(anonymous_3)
FNDA:0,(anonymous_4)
FNDA:0,(anonymous_5)
FNDA:0,(anonymous_6)
DA:13,0
DA:14,0
DA:15,0
DA:18,0
DA:19,0
DA:21,0
DA:26,0
DA:27,0
DA:30,0
DA:31,0
DA:33,0
DA:36,0
DA:39,0
DA:44,0
DA:45,0
DA:48,0
DA:51,0
DA:54,0
DA:62,0
DA:66,0
DA:77,0
DA:78,0
DA:80,0
DA:81,0
DA:82,0
DA:84,0
DA:86,0
DA:89,0
LF:28
LH:0
BRDA:21,0,0,0
BRDA:21,0,1,0
BRDA:31,1,0,0
BRDA:31,1,1,0
BRDA:74,2,0,0
BRDA:74,2,1,0
BRDA:78,3,0,0
BRDA:78,3,1,0
BRDA:80,4,0,0
BRDA:80,4,1,0
BRF:10
BRH:0
end_of_record
TN:
SF:src\components\shared\YaxisLinear.tsx
FN:15,(anonymous_0)
FN:26,(anonymous_1)
FN:43,(anonymous_2)
FN:54,(anonymous_3)
FN:55,(anonymous_4)
FN:56,(anonymous_5)
FN:57,(anonymous_6)
FN:58,(anonymous_7)
FN:84,(anonymous_8)
FN:93,(anonymous_9)
FNF:10
FNH:9
FNDA:2,(anonymous_0)
FNDA:2,(anonymous_1)
FNDA:2,(anonymous_2)
FNDA:2,(anonymous_3)
FNDA:2,(anonymous_4)
FNDA:2,(anonymous_5)
FNDA:2,(anonymous_6)
FNDA:2,(anonymous_7)
FNDA:0,(anonymous_8)
FNDA:22,(anonymous_9)
DA:15,2
DA:24,2
DA:26,2
DA:27,2
DA:33,2
DA:34,0
DA:37,2
DA:41,2
DA:43,2
DA:44,2
DA:45,2
DA:46,2
DA:47,2
DA:50,2
DA:54,2
DA:55,2
DA:56,2
DA:57,2
DA:58,2
DA:61,2
DA:64,2
DA:67,2
DA:79,2
DA:80,0
DA:85,0
DA:86,0
DA:93,2
DA:94,22
DA:95,2
DA:104,2
LF:30
LH:26
BRDA:19,0,0,0
BRDA:31,1,0,2
BRDA:31,1,1,2
BRDA:33,2,0,0
BRDA:33,2,1,2
BRDA:52,3,0,2
BRDA:52,3,1,0
BRDA:79,4,0,0
BRDA:79,4,1,2
BRDA:85,5,0,0
BRDA:85,5,1,0
BRDA:88,6,0,0
BRDA:88,6,1,0
BRDA:94,7,0,2
BRDA:94,7,1,20
BRDA:97,8,0,2
BRDA:97,8,1,0
BRF:17
BRH:8
end_of_record
TN:
SF:src\components\shared\helpers.ts
FN:9,(anonymous_0)
FNF:1
FNH:0
FNDA:0,(anonymous_0)
DA:9,0
DA:15,0
LF:2
LH:0
BRF:0
BRH:0
end_of_record
